227(21)
True 0.5
False 0.5

116(5)
True 0.5
False 0.5

119(6)
True 0.5
False 0.5

134(11)
True 0.5
False 0.5

221(19)
True 0.5
False 0.5

237(23)
True 0.5
False 0.5

140(13)
True 0.5
False 0.5

469(24)
True 0.5
False 0.5

472(25)
True 0.5
False 0.5

475(26)
True 0.5
False 0.5

210(16)
True 0.5
False 0.5

898(28)
True 0.5
False 0.5

131(10)
True 0.5
False 0.5

902(30)
True 0.5
False 0.5

217(18)
True 0.5
False 0.5

214(17)
True 0.5
False 0.5

900(29)
True 0.5
False 0.5

122(7)
True 0.5
False 0.5

146(15)
True 0.5
False 0.5

128(9)
True 0.5
False 0.5

110(3)
True 0.5
False 0.5

143(14)
True 0.5
False 0.5

107(2)
True 0.5
False 0.5

137(12)
True 0.5
False 0.5

478(27)
True 0.5
False 0.5

234(22)
True 0.5
False 0.5

953(32)
True 0.5
False 0.5

224(20)
True 0.5
False 0.5

125(8)
True 0.5
False 0.5

104(1)
True 0.5
False 0.5

113(4)
True 0.5
False 0.5

101(0)
True 0.5
False 0.5

952(31)
True 0.5
False 0.5

949(33)
True 0.5
False 0.5

947(34)
True 0.5
False 0.5

943(35)
True 0.5
False 0.5

938(36)
True 0.5
False 0.5

934(37)
True 0.5
False 0.5

862(38)
True 0.5
False 0.5

859(39)
True 0.5
False 0.5

932(40)
True 0.5
False 0.5

930(41)
True 0.5
False 0.5

926(42)
True 0.5
False 0.5

922(43)
True 0.5
False 0.5

919(44)
True 0.5
False 0.5

918(45)
True 0.5
False 0.5

911(46)
True 0.5
False 0.5

909(47)
True 0.5
False 0.5

907(48)
True 0.5
False 0.5

553(49)
True 0.5
False 0.5

541(50)
True 0.5
False 0.5

529(51)
True 0.5
False 0.5

517(52)
True 0.5
False 0.5

244(53)
True 0.5
False 0.5

241(54)
True 0.5
False 0.5

248(55)
True 0.5
False 0.5

245(56)
True 0.5
False 0.5

233(57)
True 0.25
False 0.75

231(58)
True 0.25
False 0.75

206(59)
True 0.5
False 0.5

1626(60)
True 0.5
False 0.5

202(61)
True 0.5
False 0.5

1618(62)
True 0.5
False 0.5

198(63)
True 0.5
False 0.5

1610(64)
True 0.5
False 0.5

194(65)
True 0.5
False 0.5

1602(66)
True 0.5
False 0.5

191(67)
True 0.5
False 0.5

1594(68)
True 0.5
False 0.5

188(69)
True 0.5
False 0.5

1586(70)
True 0.5
False 0.5

184(71)
True 0.5
False 0.5

1578(72)
True 0.5
False 0.5

179(73)
True 0.5
False 0.5

1570(74)
True 0.5
False 0.5

175(75)
True 0.5
False 0.5

1562(76)
True 0.5
False 0.5

171(77)
True 0.5
False 0.5

1554(78)
True 0.5
False 0.5

168(79)
True 0.5
False 0.5

1546(80)
True 0.5
False 0.5

165(81)
True 0.5
False 0.5

1538(82)
True 0.5
False 0.5

160(83)
True 0.5
False 0.5

1530(84)
True 0.5
False 0.5

156(85)
True 0.5
False 0.5

1522(86)
True 0.5
False 0.5

153(87)
True 0.5
False 0.5

1514(88)
True 0.5
False 0.5

149(89)
True 0.5
False 0.5

1506(90)
True 0.5
False 0.5

50(91)
True 0.25
False 0.75

52(92)
True 0.25
False 0.75

56(93)
True 0.25
False 0.75

58(94)
True 0.25
False 0.75

62(95)
True 0.25
False 0.75

64(96)
True 0.25
False 0.75

853(97)
True 0.25
False 0.75

856(98)
True 0.25
False 0.75

1634(99)
True 0.125
False 0.875

1644(100)
True 0.125
False 0.875

954(101)
True 0.25
False 0.75

955(102)
True 0.25
False 0.75

1490(103)
True 0.5
False 0.5

1498(104)
True 0.5
False 0.5

1474(105)
True 0.5
False 0.5

1482(106)
True 0.5
False 0.5

1458(107)
True 0.5
False 0.5

1466(108)
True 0.5
False 0.5

1442(109)
True 0.5
False 0.5

1450(110)
True 0.5
False 0.5

893(111)
True 0.25
False 0.75

352(112)
True 0.25
False 0.75

318(113)
True 0.25
False 0.75

1335(114)
True 0.125
False 0.875

1290(115)
True 0.125
False 0.875

1830(116)
True 0.125
False 0.875

369(117)
True 0.125
False 0.875

1713(118)
True 0.5
False 0.5

1721(119)
True 0.5
False 0.5

382(120)
True 0.5
False 0.5

1632(121)
True 0.5
False 0.5

302(122)
True 0.5
False 0.5

1833(123)
True 0.5
False 0.5

1873(124)
True 0.5
False 0.5

1624(125)
True 0.5
False 0.5

355(126)
True 0.5
False 0.5

1179(127)
True 0.5
False 0.5

385(128)
True 0.5
False 0.5

1616(129)
True 0.5
False 0.5

1745(130)
True 0.5
False 0.5

1753(131)
True 0.5
False 0.5

1332(132)
True 0.5
False 0.5

1608(133)
True 0.5
False 0.5

330(134)
True 0.5
False 0.5

1300(135)
True 0.5
False 0.5

1600(136)
True 0.5
False 0.5

327(137)
True 0.5
False 0.5

1244(138)
True 0.5
False 0.5

1592(139)
True 0.5
False 0.5

299(140)
True 0.5
False 0.5

1870(141)
True 0.5
False 0.5

1881(142)
True 0.5
False 0.5

1584(143)
True 0.5
False 0.5

321(144)
True 0.5
False 0.5

1176(145)
True 0.5
False 0.5

1841(146)
True 0.5
False 0.5

1849(147)
True 0.5
False 0.5

1576(148)
True 0.5
False 0.5

1053(149)
True 0.5
False 0.5

1817(150)
True 0.5
False 0.5

1857(151)
True 0.5
False 0.5

1568(152)
True 0.5
False 0.5

1697(153)
True 0.5
False 0.5

1705(154)
True 0.5
False 0.5

1878(155)
True 0.5
False 0.5

1560(156)
True 0.5
False 0.5

291(157)
True 0.5
False 0.5

1854(158)
True 0.5
False 0.5

1552(159)
True 0.5
False 0.5

288(160)
True 0.5
False 0.5

1814(161)
True 0.5
False 0.5

1544(162)
True 0.5
False 0.5

1050(163)
True 0.5
False 0.5

1785(164)
True 0.5
False 0.5

1793(165)
True 0.5
False 0.5

1312(166)
True 0.5
False 0.5

1536(167)
True 0.5
False 0.5

1657(168)
True 0.5
False 0.5

1665(169)
True 0.5
False 0.5

1278(170)
True 0.5
False 0.5

1528(171)
True 0.5
False 0.5

254(172)
True 0.5
False 0.5

1222(173)
True 0.5
False 0.5

1520(174)
True 0.5
False 0.5

251(175)
True 0.5
False 0.5

1197(176)
True 0.5
False 0.5

1207(177)
True 0.5
False 0.5

1512(178)
True 0.5
False 0.5

979(179)
True 0.0625
False 0.9375

978(180)
True 0.0625
False 0.9375

956(181)
True 0.0313
False 0.9687

967(182)
True 0.0313
False 0.9687

1642(183)
True 0.125
False 0.875

1652(184)
True 0.125
False 0.875

1496(185)
True 0.5
False 0.5

1504(186)
True 0.5
False 0.5

1480(187)
True 0.5
False 0.5

1488(188)
True 0.5
False 0.5

1464(189)
True 0.5
False 0.5

1472(190)
True 0.5
False 0.5

1448(191)
True 0.5
False 0.5

1456(192)
True 0.5
False 0.5

1154(193)
True 0.25
False 0.75

1166(194)
True 0.25
False 0.75

1078(195)
True 0.25
False 0.75

1090(196)
True 0.25
False 0.75

487(197)
True 0.125
False 0.875

1339(198)
True 0.125
False 0.875

505(199)
True 0.125
False 0.875

459(200)
True 0.125
False 0.875

1298(201)
True 0.125
False 0.875

482(202)
True 0.125
False 0.875

1836(203)
True 0.125
False 0.875

492(204)
True 0.125
False 0.875

457(205)
True 0.125
False 0.875

1194(206)
True 0.125
False 0.875

1204(207)
True 0.125
False 0.875

1717(208)
True 0.5
False 0.5

1725(209)
True 0.5
False 0.5

1256(210)
True 0.5
False 0.5

1268(211)
True 0.5
False 0.5

1710(212)
True 0.5
False 0.5

1718(213)
True 0.5
False 0.5

1837(214)
True 0.5
False 0.5

1877(215)
True 0.5
False 0.5

1782(216)
True 0.5
False 0.5

1790(217)
True 0.5
False 0.5

1183(218)
True 0.5
False 0.5

1838(219)
True 0.5
False 0.5

1846(220)
True 0.5
False 0.5

1749(221)
True 0.5
False 0.5

1757(222)
True 0.5
False 0.5

1338(223)
True 0.5
False 0.5

1742(224)
True 0.5
False 0.5

1750(225)
True 0.5
False 0.5

1308(226)
True 0.5
False 0.5

1100(227)
True 0.5
False 0.5

1112(228)
True 0.5
False 0.5

1252(229)
True 0.5
False 0.5

1058(230)
True 0.5
False 0.5

1068(231)
True 0.5
False 0.5

1876(232)
True 0.5
False 0.5

1885(233)
True 0.5
False 0.5

1726(234)
True 0.5
False 0.5

1734(235)
True 0.5
False 0.5

1182(236)
True 0.5
False 0.5

1845(237)
True 0.5
False 0.5

1853(238)
True 0.5
False 0.5

1057(239)
True 0.5
False 0.5

1821(240)
True 0.5
False 0.5

1861(241)
True 0.5
False 0.5

1701(242)
True 0.5
False 0.5

1709(243)
True 0.5
False 0.5

1884(244)
True 0.5
False 0.5

1694(245)
True 0.5
False 0.5

1702(246)
True 0.5
False 0.5

1860(247)
True 0.5
False 0.5

1030(248)
True 0.5
False 0.5

1040(249)
True 0.5
False 0.5

1820(250)
True 0.5
False 0.5

1056(251)
True 0.5
False 0.5

1789(252)
True 0.5
False 0.5

1797(253)
True 0.5
False 0.5

1320(254)
True 0.5
False 0.5

1661(255)
True 0.5
False 0.5

1669(256)
True 0.5
False 0.5

1286(257)
True 0.5
False 0.5

1654(258)
True 0.5
False 0.5

1662(259)
True 0.5
False 0.5

1230(260)
True 0.5
False 0.5

980(261)
True 0.5
False 0.5

990(262)
True 0.5
False 0.5

1201(263)
True 0.5
False 0.5

1211(264)
True 0.5
False 0.5

958(265)
True 0.002
False 0.998

969(266)
True 0.002
False 0.998

1162(267)
True 0.25
False 0.75

1174(268)
True 0.25
False 0.75

1086(269)
True 0.25
False 0.75

1098(270)
True 0.25
False 0.75

614(271)
True 0.125
False 0.875

615(272)
True 0.125
False 0.875

404(273)
True 0.0625
False 0.9375

1426(274)
True 0.125
False 0.875

1434(275)
True 0.125
False 0.875

565(276)
True 0.125
False 0.875

566(277)
True 0.125
False 0.875

1248(278)
True 0.0625
False 0.9375

1410(279)
True 0.125
False 0.875

1418(280)
True 0.125
False 0.875

1200(281)
True 0.125
False 0.875

1203(282)
True 0.0625
False 0.9375

373(283)
True 0.0625
False 0.9375

1210(284)
True 0.125
False 0.875

1062(285)
True 0.25
False 0.75

1072(286)
True 0.25
False 0.75

1264(287)
True 0.5
False 0.5

1276(288)
True 0.5
False 0.5

1716(289)
True 0.5
False 0.5

1724(290)
True 0.5
False 0.5

1247(291)
True 0.0625
False 0.9375

1303(292)
True 0.25
False 0.75

1158(293)
True 0.25
False 0.75

1788(294)
True 0.5
False 0.5

1170(295)
True 0.25
False 0.75

1796(296)
True 0.5
False 0.5

361(297)
True 0.25
False 0.75

1260(298)
True 0.25
False 0.75

1844(299)
True 0.5
False 0.5

1272(300)
True 0.25
False 0.75

1852(301)
True 0.5
False 0.5

1104(302)
True 0.25
False 0.75

1116(303)
True 0.25
False 0.75

405(304)
True 0.0625
False 0.9375

1748(305)
True 0.5
False 0.5

1756(306)
True 0.5
False 0.5

1108(307)
True 0.5
False 0.5

1120(308)
True 0.5
False 0.5

1066(309)
True 0.5
False 0.5

1076(310)
True 0.5
False 0.5

1304(311)
True 0.25
False 0.75

1315(312)
True 0.25
False 0.75

1732(313)
True 0.5
False 0.5

1740(314)
True 0.5
False 0.5

362(315)
True 0.25
False 0.75

297(316)
True 0.25
False 0.75

1225(317)
True 0.25
False 0.75

1281(318)
True 0.25
False 0.75

1034(319)
True 0.25
False 0.75

1044(320)
True 0.25
False 0.75

1316(321)
True 0.25
False 0.75

1700(322)
True 0.5
False 0.5

1708(323)
True 0.5
False 0.5

1282(324)
True 0.25
False 0.75

1038(325)
True 0.5
False 0.5

1048(326)
True 0.5
False 0.5

1226(327)
True 0.25
False 0.75

298(328)
True 0.25
False 0.75

984(329)
True 0.25
False 0.75

994(330)
True 0.25
False 0.75

1660(331)
True 0.5
False 0.5

1668(332)
True 0.5
False 0.5

988(333)
True 0.5
False 0.5

998(334)
True 0.5
False 0.5

406(335)
True 0.0039
False 0.9961

1432(336)
True 0.125
False 0.875

1440(337)
True 0.125
False 0.875

1249(338)
True 0.0039
False 0.9961

1416(339)
True 0.125
False 0.875

1424(340)
True 0.125
False 0.875

1061(341)
True 0.25
False 0.75

1071(342)
True 0.25
False 0.75

1305(343)
True 0.0625
False 0.9375

363(344)
True 0.0625
False 0.9375

1103(345)
True 0.25
False 0.75

1115(346)
True 0.25
False 0.75

1317(347)
True 0.0625
False 0.9375

1259(348)
True 0.25
False 0.75

1271(349)
True 0.25
False 0.75

268(350)
True 0.0625
False 0.9375

1227(351)
True 0.0625
False 0.9375

1283(352)
True 0.0625
False 0.9375

1033(353)
True 0.25
False 0.75

1043(354)
True 0.25
False 0.75

1157(355)
True 0.25
False 0.75

1169(356)
True 0.25
False 0.75

983(357)
True 0.25
False 0.75

993(358)
True 0.25
False 0.75

1202(359)
True 0.0625
False 0.9375

372(360)
True 0.0625
False 0.9375

1322(361)
True 0.0039
False 0.9961

1253(362)
True 0.0039
False 0.9961

1212(363)
True 0.0039
False 0.9961

374(364)
True 0.0039
False 0.9961

1063(365)
True 0.0625
False 0.9375

1073(366)
True 0.0625
False 0.9375

1309(367)
True 0.0625
False 0.9375

1159(368)
True 0.0625
False 0.9375

1171(369)
True 0.0625
False 0.9375

1184(370)
True 0.0625
False 0.9375

1261(371)
True 0.0625
False 0.9375

1273(372)
True 0.0625
False 0.9375

1105(373)
True 0.0625
False 0.9375

1117(374)
True 0.0625
False 0.9375

1310(375)
True 0.0313
False 0.9687

1254(376)
True 0.002
False 0.998

1321(377)
True 0.0625
False 0.9375

269(378)
True 0.0625
False 0.9375

1231(379)
True 0.0625
False 0.9375

1287(380)
True 0.0625
False 0.9375

1035(381)
True 0.0625
False 0.9375

1045(382)
True 0.0625
False 0.9375

396(383)
True 0.0313
False 0.9687

985(384)
True 0.0625
False 0.9375

995(385)
True 0.0625
False 0.9375

1288(386)
True 0.0313
False 0.9687

1232(387)
True 0.0313
False 0.9687

1164(388)
True 0.0156
False 0.9844

358(389)
True 0.0156
False 0.9844

1330(390)
True 0.0039
False 0.9961

1220(391)
True 0.0039
False 0.9961

1381(392)
True 0.0039
False 0.9961

1067(393)
True 0.0625
False 0.9375

1077(394)
True 0.0625
False 0.9375

1266(395)
True 0.0313
False 0.9687

388(396)
True 0.0313
False 0.9687

1163(397)
True 0.0625
False 0.9375

1175(398)
True 0.0625
False 0.9375

1192(399)
True 0.0625
False 0.9375

1265(400)
True 0.0625
False 0.9375

1277(401)
True 0.0625
False 0.9375

1109(402)
True 0.0625
False 0.9375

1121(403)
True 0.0625
False 0.9375

1311(404)
True 0.0313
False 0.9687

1110(405)
True 0.0313
False 0.9687

333(406)
True 0.0313
False 0.9687

1255(407)
True 0.002
False 0.998

308(408)
True 0.0313
False 0.9687

305(409)
True 0.0313
False 0.9687

1000(410)
True 0.0625
False 0.9375

1010(411)
True 0.0625
False 0.9375

1039(412)
True 0.0625
False 0.9375

1049(413)
True 0.0625
False 0.9375

272(414)
True 0.0313
False 0.9687

294(415)
True 0.0313
False 0.9687

397(416)
True 0.0313
False 0.9687

989(417)
True 0.0625
False 0.9375

999(418)
True 0.0625
False 0.9375

1289(419)
True 0.0313
False 0.9687

1233(420)
True 0.0313
False 0.9687

260(421)
True 0.0313
False 0.9687

257(422)
True 0.0313
False 0.9687

1165(423)
True 0.0156
False 0.9844

359(424)
True 0.0156
False 0.9844

1385(425)
True 0.0039
False 0.9961

1267(426)
True 0.0313
False 0.9687

389(427)
True 0.0313
False 0.9687

1862(428)
True 0.001
False 0.999

1111(429)
True 0.0313
False 0.9687

334(430)
True 0.0313
False 0.9687

1822(431)
True 0.0
False 1.0

309(432)
True 0.0313
False 0.9687

306(433)
True 0.0313
False 0.9687

1008(434)
True 0.0625
False 0.9375

1018(435)
True 0.0625
False 0.9375

273(436)
True 0.0313
False 0.9687

295(437)
True 0.0313
False 0.9687

398(438)
True 0.001
False 0.999

1865(439)
True 0.001
False 0.999

1234(440)
True 0.001
False 0.999

261(441)
True 0.0313
False 0.9687

258(442)
True 0.0313
False 0.9687

1373(443)
True 0.0002
False 0.9998

360(444)
True 0.0002
False 0.9998

1825(445)
True 0.001
False 0.999

390(446)
True 0.001
False 0.999

1868(447)
True 0.001
False 0.999

1798(448)
True 0.001
False 0.999

335(449)
True 0.001
False 0.999

1828(450)
True 0.0
False 1.0

310(451)
True 0.001
False 0.999

307(452)
True 0.001
False 0.999

274(453)
True 0.001
False 0.999

296(454)
True 0.001
False 0.999

1886(455)
True 0.001
False 0.999

1869(456)
True 0.001
False 0.999

1242(457)
True 0.001
False 0.999

262(458)
True 0.001
False 0.999

259(459)
True 0.001
False 0.999

1377(460)
True 0.0002
False 0.9998

1777(461)
True 0.0002
False 0.9998

1237(462)
True 0.0
False 1.0

1829(463)
True 0.001
False 0.999

1889(464)
True 0.001
False 0.999

1294(465)
True 0.0
False 1.0

1804(466)
True 0.001
False 0.999

336(467)
True 0.001
False 0.999

1729(468)
True 0.001
False 0.999

1737(469)
True 0.001
False 0.999

410(470)
True 0.001
False 0.999

314(471)
True 0.001
False 0.999

1670(472)
True 0.001
False 0.999

1678(473)
True 0.001
False 0.999

407(474)
True 0.001
False 0.999

1892(475)
True 0.001
False 0.999

1293(476)
True 0.0
False 1.0

1761(477)
True 0.001
False 0.999

1769(478)
True 0.001
False 0.999

265(479)
True 0.001
False 0.999

1781(480)
True 0.0002
False 0.9998

1325(481)
True 0.0
False 1.0

1893(482)
True 0.001
False 0.999

1295(483)
True 0.0
False 1.0

340(484)
True 0.001
False 0.999

1897(485)
True 0.001
False 0.999

1905(486)
True 0.001
False 0.999

1238(487)
True 0.0
False 1.0

1733(488)
True 0.001
False 0.999

1741(489)
True 0.001
False 0.999

1894(490)
True 0.001
False 0.999

1902(491)
True 0.001
False 0.999

343(492)
True 0.001
False 0.999

1801(493)
True 0.001
False 0.999

1081(494)
True 0.0005
False 0.9995

1093(495)
True 0.0005
False 0.9995

1676(496)
True 0.001
False 0.999

1684(497)
True 0.001
False 0.999

1340(498)
True 0.001
False 0.999

1352(499)
True 0.001
False 0.999

1765(500)
True 0.001
False 0.999

1773(501)
True 0.001
False 0.999

1673(502)
True 0.001
False 0.999

1681(503)
True 0.001
False 0.999

391(504)
True 0.0
False 1.0

1239(505)
True 0.0
False 1.0

1299(506)
True 0.0
False 1.0

1187(507)
True 0.0
False 1.0

1122(508)
True 0.001
False 0.999

1134(509)
True 0.001
False 0.999

1901(510)
True 0.001
False 0.999

1909(511)
True 0.001
False 0.999

1900(512)
True 0.001
False 0.999

1908(513)
True 0.001
False 0.999

1758(514)
True 0.001
False 0.999

1766(515)
True 0.001
False 0.999

1805(516)
True 0.001
False 0.999

1082(517)
True 0.0005
False 0.9995

1094(518)
True 0.0005
False 0.9995

1003(519)
True 0.0
False 1.0

1013(520)
True 0.0
False 1.0

1348(521)
True 0.001
False 0.999

1360(522)
True 0.001
False 0.999

1326(523)
True 0.0
False 1.0

1677(524)
True 0.001
False 0.999

1685(525)
True 0.001
False 0.999

392(526)
True 0.0
False 1.0

1243(527)
True 0.0
False 1.0

1327(528)
True 0.0
False 1.0

1188(529)
True 0.0
False 1.0

1130(530)
True 0.001
False 0.999

1142(531)
True 0.001
False 0.999

1343(532)
True 0.0
False 1.0

1355(533)
True 0.0
False 1.0

1344(534)
True 0.0
False 1.0

1356(535)
True 0.0
False 1.0

1764(536)
True 0.001
False 0.999

1772(537)
True 0.001
False 0.999

1083(538)
True 0.0
False 1.0

1095(539)
True 0.0
False 1.0

1004(540)
True 0.0
False 1.0

1014(541)
True 0.0
False 1.0

377(542)
True 0.0
False 1.0

1126(543)
True 0.0
False 1.0

1138(544)
True 0.0
False 1.0

1088(545)
True 0.0
False 1.0

324(546)
True 0.0
False 1.0

399(547)
True 0.0
False 1.0

393(548)
True 0.0
False 1.0

1331(549)
True 0.0
False 1.0

1189(550)
True 0.0
False 1.0

1345(551)
True 0.0
False 1.0

1357(552)
True 0.0
False 1.0

1087(553)
True 0.0
False 1.0

1099(554)
True 0.0
False 1.0

1005(555)
True 0.0
False 1.0

1015(556)
True 0.0
False 1.0

378(557)
True 0.0
False 1.0

1125(558)
True 0.0
False 1.0

1137(559)
True 0.0
False 1.0

449(560)
True 0.0
False 1.0

1089(561)
True 0.0
False 1.0

325(562)
True 0.0
False 1.0

400(563)
True 0.0
False 1.0

1397(564)
True 0.0
False 1.0

364(565)
True 0.0
False 1.0

1193(566)
True 0.0
False 1.0

1349(567)
True 0.0
False 1.0

1361(568)
True 0.0
False 1.0

280(569)
True 0.0
False 1.0

277(570)
True 0.0
False 1.0

1009(571)
True 0.0
False 1.0

1019(572)
True 0.0
False 1.0

1350(573)
True 0.0
False 1.0

413(574)
True 0.0
False 1.0

379(575)
True 0.0
False 1.0

1127(576)
True 0.0
False 1.0

1139(577)
True 0.0
False 1.0

445(578)
True 0.0
False 1.0

1493(579)
True 0.0
False 1.0

1501(580)
True 0.0
False 1.0

1689(581)
True 0.0
False 1.0

326(582)
True 0.0
False 1.0

401(583)
True 0.0
False 1.0

1401(584)
True 0.0
False 1.0

365(585)
True 0.0
False 1.0

1132(586)
True 0.0
False 1.0

346(587)
True 0.0
False 1.0

281(588)
True 0.0
False 1.0

278(589)
True 0.0
False 1.0

1351(590)
True 0.0
False 1.0

414(591)
True 0.0
False 1.0

1389(592)
True 0.0
False 1.0

1131(593)
True 0.0
False 1.0

1143(594)
True 0.0
False 1.0

1477(595)
True 0.0
False 1.0

1485(596)
True 0.0
False 1.0

1497(597)
True 0.0
False 1.0

1505(598)
True 0.0
False 1.0

453(599)
True 0.0
False 1.0

559(600)
True 0.0
False 1.0

556(601)
True 0.0
False 1.0

1693(602)
True 0.0
False 1.0

1365(603)
True 0.0
False 1.0

1405(604)
True 0.0
False 1.0

366(605)
True 0.0
False 1.0

1133(606)
True 0.0
False 1.0

347(607)
True 0.0
False 1.0

282(608)
True 0.0
False 1.0

279(609)
True 0.0
False 1.0

1809(610)
True 0.0
False 1.0

415(611)
True 0.0
False 1.0

1393(612)
True 0.0
False 1.0

1481(613)
True 0.0
False 1.0

1489(614)
True 0.0
False 1.0

1429(615)
True 0.0
False 1.0

1437(616)
True 0.0
False 1.0

560(617)
True 0.0
False 1.0

557(618)
True 0.0
False 1.0

547(619)
True 0.0
False 1.0

544(620)
True 0.0
False 1.0

1369(621)
True 0.0
False 1.0

1409(622)
True 0.0
False 1.0

367(623)
True 0.0
False 1.0

1774(624)
True 0.0
False 1.0

348(625)
True 0.0
False 1.0

1686(626)
True 0.0
False 1.0

1362(627)
True 0.0
False 1.0

285(628)
True 0.0
False 1.0

1813(629)
True 0.0
False 1.0

1378(630)
True 0.0
False 1.0

1910(631)
True 0.0
False 1.0

1918(632)
True 0.0
False 1.0

1433(633)
True 0.0
False 1.0

1441(634)
True 0.0
False 1.0

561(635)
True 0.0
False 1.0

558(636)
True 0.0
False 1.0

548(637)
True 0.0
False 1.0

545(638)
True 0.0
False 1.0

1148(639)
True 0.0
False 1.0

1024(640)
True 0.0
False 1.0

417(641)
True 0.0
False 1.0

511(642)
True 0.0
False 1.0

508(643)
True 0.0
False 1.0

424(644)
True 0.0
False 1.0

1780(645)
True 0.0
False 1.0

1370(646)
True 0.0
False 1.0

1692(647)
True 0.0
False 1.0

1368(648)
True 0.0
False 1.0

1384(649)
True 0.0
False 1.0

1916(650)
True 0.0
False 1.0

1924(651)
True 0.0
False 1.0

719(652)
True 0.0
False 1.0

722(653)
True 0.0
False 1.0

564(654)
True 0.0
False 1.0

549(655)
True 0.0
False 1.0

546(656)
True 0.0
False 1.0

421(657)
True 0.0
False 1.0

1147(658)
True 0.0
False 1.0

1023(659)
True 0.0
False 1.0

416(660)
True 0.0
False 1.0

512(661)
True 0.0
False 1.0

509(662)
True 0.0
False 1.0

423(663)
True 0.0
False 1.0

1376(664)
True 0.0
False 1.0

725(665)
True 0.0
False 1.0

728(666)
True 0.0
False 1.0

552(667)
True 0.0
False 1.0

420(668)
True 0.0
False 1.0

1149(669)
True 0.0
False 1.0

1025(670)
True 0.0
False 1.0

418(671)
True 0.0
False 1.0

513(672)
True 0.0
False 1.0

510(673)
True 0.0
False 1.0

425(674)
True 0.0
False 1.0

441(675)
True 0.0
False 1.0

731(676)
True 0.0
False 1.0

756(677)
True 0.0
False 1.0

746(678)
True 0.0
False 1.0

770(679)
True 0.0
False 1.0

422(680)
True 0.0
False 1.0

1153(681)
True 0.0
False 1.0

1029(682)
True 0.0
False 1.0

419(683)
True 0.0
False 1.0

663(684)
True 0.0
False 1.0

666(685)
True 0.0
False 1.0

516(686)
True 0.0
False 1.0

433(687)
True 0.0
False 1.0

437(688)
True 0.0
False 1.0

1461(689)
True 0.0
False 1.0

1469(690)
True 0.0
False 1.0

1413(691)
True 0.0
False 1.0

1421(692)
True 0.0
False 1.0

1445(693)
True 0.0
False 1.0

1453(694)
True 0.0
False 1.0

1465(695)
True 0.0
False 1.0

1473(696)
True 0.0
False 1.0

535(697)
True 0.0
False 1.0

532(698)
True 0.0
False 1.0

1417(699)
True 0.0
False 1.0

1425(700)
True 0.0
False 1.0

1449(701)
True 0.0
False 1.0

1457(702)
True 0.0
False 1.0

536(703)
True 0.0
False 1.0

533(704)
True 0.0
False 1.0

523(705)
True 0.0
False 1.0

520(706)
True 0.0
False 1.0

498(707)
True 0.0
False 1.0

495(708)
True 0.0
False 1.0

537(709)
True 0.0
False 1.0

534(710)
True 0.0
False 1.0

524(711)
True 0.0
False 1.0

521(712)
True 0.0
False 1.0

499(713)
True 0.0
False 1.0

496(714)
True 0.0
False 1.0

669(715)
True 0.0
False 1.0

672(716)
True 0.0
False 1.0

540(717)
True 0.0
False 1.0

525(718)
True 0.0
False 1.0

522(719)
True 0.0
False 1.0

500(720)
True 0.0
False 1.0

497(721)
True 0.0
False 1.0

618(722)
True 0.0
False 1.0

528(723)
True 0.0
False 1.0

639(724)
True 0.0
False 1.0

675(725)
True 0.0
False 1.0

696(726)
True 0.0
False 1.0

688(727)
True 0.0
False 1.0

710(728)
True 0.0
False 1.0

588(729)
True 0.0
False 1.0

569(730)
True 0.0
False 1.0

503(731)
True 0.0
False 1.0

621(732)
True 0.0
False 1.0

622(733)
True 0.0
False 1.0

639A(734)
True 0.0
False 1.0

639B(735)
True 0.0
False 1.0

867(736)
True 0.0
False 1.0

572(737)
True 0.0
False 1.0

573(738)
True 0.0
False 1.0

588A(739)
True 0.0
False 1.0

588B(740)
True 0.0
False 1.0

73(741)
True 0.0
False 1.0

