860(197)
True 0.5
False 0.5

75(56)
True 0.5
False 0.5

91(70)
True 0.5
False 0.5

86(65)
True 0.5
False 0.5

6(5)
True 0.5
False 0.5

IN-215(152)
True 0.5
False 0.5

1981(208)
True 0.5
False 0.5

89(68)
True 0.5
False 0.5

114(89)
True 0.5
False 0.5

130(103)
True 0.5
False 0.5

20(13)
True 0.5
False 0.5

1991(210)
True 0.5
False 0.5

IN-263(173)
True 0.5
False 0.5

2451(229)
True 0.5
False 0.5

52(37)
True 0.5
False 0.5

76(57)
True 0.5
False 0.5

2100(219)
True 0.5
False 0.5

80(61)
True 0.5
False 0.5

IN-275(185)
True 0.5
False 0.5

55(40)
True 0.5
False 0.5

43(30)
True 0.5
False 0.5

IN-193(130)
True 0.5
False 0.5

IN-244(158)
True 0.5
False 0.5

IN-270(180)
True 0.5
False 0.5

24(17)
True 0.5
False 0.5

1348(201)
True 0.5
False 0.5

651(195)
True 0.5
False 0.5

IN-249(163)
True 0.5
False 0.5

IN-243(157)
True 0.5
False 0.5

115(90)
True 0.5
False 0.5

137(108)
True 0.5
False 0.5

14(9)
True 0.5
False 0.5

IN-204(141)
True 0.5
False 0.5

IN-256(170)
True 0.5
False 0.5

IN-207(144)
True 0.5
False 0.5

IN-245(159)
True 0.5
False 0.5

IN-196(133)
True 0.5
False 0.5

IN-209(146)
True 0.5
False 0.5

99(76)
True 0.5
False 0.5

661(196)
True 0.5
False 0.5

72(53)
True 0.5
False 0.5

104(81)
True 0.5
False 0.5

559(193)
True 0.5
False 0.5

2090(217)
True 0.5
False 0.5

IN-271(181)
True 0.5
False 0.5

139(110)
True 0.5
False 0.5

IN-185(124)
True 0.5
False 0.5

IN-202(139)
True 0.5
False 0.5

53(38)
True 0.5
False 0.5

IN-272(182)
True 0.5
False 0.5

IN-279(189)
True 0.5
False 0.5

IN-184(123)
True 0.5
False 0.5

57(42)
True 0.5
False 0.5

452(190)
True 0.5
False 0.5

IN-278(188)
True 0.5
False 0.5

2454(230)
True 0.5
False 0.5

125(98)
True 0.5
False 0.5

IN-186(125)
True 0.5
False 0.5

48(33)
True 0.5
False 0.5

1966(205)
True 0.5
False 0.5

29(22)
True 0.5
False 0.5

1083(199)
True 0.5
False 0.5

50(35)
True 0.5
False 0.5

2104(220)
True 0.5
False 0.5

100(77)
True 0.5
False 0.5

63(46)
True 0.5
False 0.5

60(43)
True 0.5
False 0.5

79(60)
True 0.5
False 0.5

IN-177(116)
True 0.5
False 0.5

IN-214(151)
True 0.5
False 0.5

IN-213(150)
True 0.5
False 0.5

1384(202)
True 0.5
False 0.5

1976(207)
True 0.5
False 0.5

35(26)
True 0.5
False 0.5

1956(203)
True 0.5
False 0.5

IN-248(162)
True 0.5
False 0.5

26(19)
True 0.5
False 0.5

2443(227)
True 0.5
False 0.5

78(59)
True 0.5
False 0.5

1341(200)
True 0.5
False 0.5

IN-198(135)
True 0.5
False 0.5

IN-268(178)
True 0.5
False 0.5

140(111)
True 0.5
False 0.5

54(39)
True 0.5
False 0.5

120(95)
True 0.5
False 0.5

IN-201(138)
True 0.5
False 0.5

IN-276(186)
True 0.5
False 0.5

56(41)
True 0.5
False 0.5

IN-178(117)
True 0.5
False 0.5

32(23)
True 0.5
False 0.5

IN-267(177)
True 0.5
False 0.5

IN-274(184)
True 0.5
False 0.5

2435(225)
True 0.5
False 0.5

2446(228)
True 0.5
False 0.5

74(55)
True 0.5
False 0.5

69(52)
True 0.5
False 0.5

138(109)
True 0.5
False 0.5

IN-179(118)
True 0.5
False 0.5

IN-247(161)
True 0.5
False 0.5

101(78)
True 0.5
False 0.5

126(99)
True 0.5
False 0.5

123(96)
True 0.5
False 0.5

128(101)
True 0.5
False 0.5

7(6)
True 0.5
False 0.5

567(194)
True 0.5
False 0.5

2106(222)
True 0.5
False 0.5

62(45)
True 0.5
False 0.5

3(2)
True 0.5
False 0.5

49(34)
True 0.5
False 0.5

IN-191(128)
True 0.5
False 0.5

IN-208(145)
True 0.5
False 0.5

IN-200(137)
True 0.5
False 0.5

68(51)
True 0.5
False 0.5

IN-182(121)
True 0.5
False 0.5

136(107)
True 0.5
False 0.5

IN-192(129)
True 0.5
False 0.5

44(31)
True 0.5
False 0.5

16(11)
True 0.5
False 0.5

IN-251(165)
True 0.5
False 0.5

IN-273(183)
True 0.5
False 0.5

IN-250(164)
True 0.5
False 0.5

65(48)
True 0.5
False 0.5

85(64)
True 0.5
False 0.5

IN-257(171)
True 0.5
False 0.5

IN-262(172)
True 0.5
False 0.5

124(97)
True 0.5
False 0.5

2066(212)
True 0.5
False 0.5

2474(231)
True 0.5
False 0.5

47(32)
True 0.5
False 0.5

2105(221)
True 0.5
False 0.5

IN-253(167)
True 0.5
False 0.5

IN-205(142)
True 0.5
False 0.5

19(12)
True 0.5
False 0.5

IN-169(114)
True 0.5
False 0.5

IN-212(149)
True 0.5
False 0.5

2084(216)
True 0.5
False 0.5

22(15)
True 0.5
False 0.5

IN-269(179)
True 0.5
False 0.5

1(0)
True 0.5
False 0.5

IN-241(155)
True 0.5
False 0.5

IN-195(132)
True 0.5
False 0.5

106(83)
True 0.5
False 0.5

IN-239(153)
True 0.5
False 0.5

1996(211)
True 0.5
False 0.5

21(14)
True 0.5
False 0.5

66(49)
True 0.5
False 0.5

IN-252(166)
True 0.5
False 0.5

94(73)
True 0.5
False 0.5

2438(226)
True 0.5
False 0.5

IN-277(187)
True 0.5
False 0.5

4(3)
True 0.5
False 0.5

IN-206(143)
True 0.5
False 0.5

51(36)
True 0.5
False 0.5

36(27)
True 0.5
False 0.5

111(86)
True 0.5
False 0.5

15(10)
True 0.5
False 0.5

2067(213)
True 0.5
False 0.5

IN-183(122)
True 0.5
False 0.5

2078(215)
True 0.5
False 0.5

IN-189(126)
True 0.5
False 0.5

868(198)
True 0.5
False 0.5

102(79)
True 0.5
False 0.5

IN-254(168)
True 0.5
False 0.5

119(94)
True 0.5
False 0.5

8(7)
True 0.5
False 0.5

1971(206)
True 0.5
False 0.5

IN-255(169)
True 0.5
False 0.5

117(92)
True 0.5
False 0.5

IN-190(127)
True 0.5
False 0.5

2096(218)
True 0.5
False 0.5

2678(232)
True 0.5
False 0.5

2072(214)
True 0.5
False 0.5

108(85)
True 0.5
False 0.5

37(28)
True 0.5
False 0.5

IN-174(115)
True 0.5
False 0.5

IN-180(119)
True 0.5
False 0.5

IN-194(131)
True 0.5
False 0.5

2(1)
True 0.5
False 0.5

483(191)
True 0.5
False 0.5

543(192)
True 0.5
False 0.5

1986(209)
True 0.5
False 0.5

IN-264(174)
True 0.5
False 0.5

1961(204)
True 0.5
False 0.5

25(18)
True 0.5
False 0.5

92(71)
True 0.5
False 0.5

61(44)
True 0.5
False 0.5

IN-203(140)
True 0.5
False 0.5

132(105)
True 0.5
False 0.5

IN-210(147)
True 0.5
False 0.5

IN-211(148)
True 0.5
False 0.5

103(80)
True 0.5
False 0.5

IN-242(156)
True 0.5
False 0.5

IN-197(134)
True 0.5
False 0.5

127(100)
True 0.5
False 0.5

34(25)
True 0.5
False 0.5

40(29)
True 0.5
False 0.5

67(50)
True 0.5
False 0.5

2430(224)
True 0.5
False 0.5

77(58)
True 0.5
False 0.5

116(91)
True 0.5
False 0.5

IN-266(176)
True 0.5
False 0.5

73(54)
True 0.5
False 0.5

95(74)
True 0.5
False 0.5

64(47)
True 0.5
False 0.5

112(87)
True 0.5
False 0.5

2427(223)
True 0.5
False 0.5

33(24)
True 0.5
False 0.5

81(62)
True 0.5
False 0.5

105(82)
True 0.5
False 0.5

113(88)
True 0.5
False 0.5

IN-199(136)
True 0.5
False 0.5

135(106)
True 0.5
False 0.5

5(4)
True 0.5
False 0.5

141(112)
True 0.5
False 0.5

IN-181(120)
True 0.5
False 0.5

23(16)
True 0.5
False 0.5

28(21)
True 0.5
False 0.5

88(67)
True 0.5
False 0.5

107(84)
True 0.5
False 0.5

IN-265(175)
True 0.5
False 0.5

131(104)
True 0.5
False 0.5

129(102)
True 0.5
False 0.5

118(93)
True 0.5
False 0.5

27(20)
True 0.5
False 0.5

87(66)
True 0.5
False 0.5

IN-240(154)
True 0.5
False 0.5

93(72)
True 0.5
False 0.5

IN-246(160)
True 0.5
False 0.5

11(8)
True 0.5
False 0.5

82(63)
True 0.5
False 0.5

142(113)
True 0.5
False 0.5

90(69)
True 0.5
False 0.5

96(75)
True 0.5
False 0.5

218(311)
True 0.5
False 0.5

219(302)
True 0.5
False 0.5

220(306)
True 0.5
False 0.5

221(305)
True 0.5
False 0.5

235(307)
True 0.5
False 0.5

236(303)
True 0.5
False 0.5

237(309)
True 0.5
False 0.5

238(304)
True 0.5
False 0.5

157(259)
True 0.0625
False 0.9375

158(349)
True 0.0625
False 0.9375

258(321)
True 0.125
False 0.875

259(414)
True 0.125
False 0.875

391(379)
True 0.5
False 0.5

173(389)
True 0.25
False 0.75

1955(320)
True 0.25
False 0.75

223(413)
True 0.25
False 0.75

1955(320)*
True 0.25
False 0.75

567(194)*
True 0.5
False 0.5

234(376)
True 0.625
False 0.375

216(333)
True 0.125
False 0.875

217(423)
True 0.125
False 0.875

1251(310)
True 0.0625
False 0.9375

1254(308)
True 0.0625
False 0.9375

325(507)
True 0.0039
False 0.9961

261(506)
True 0.0039
False 0.9961

1418(244)
True 0.5
False 0.5

1394(246)
True 0.5
False 0.5

1448(385)
True 0.125
False 0.875

1406(338)
True 0.5
False 0.5

1447(475)
True 0.125
False 0.875

1430(336)
True 0.5
False 0.5

1446(484)
True 0.125
False 0.875

1445(466)
True 0.125
False 0.875

1464(560)
True 0.4138
False 0.5862

160(609)
True 0.4138
False 0.5862

1452(386)
True 0.125
False 0.875

1451(476)
True 0.125
False 0.875

1450(485)
True 0.125
False 0.875

1449(467)
True 0.125
False 0.875

1467(561)
True 0.4138
False 0.5862

162(612)
True 0.4138
False 0.5862

1444(384)
True 0.125
False 0.875

1443(474)
True 0.125
False 0.875

1442(483)
True 0.125
False 0.875

1441(465)
True 0.125
False 0.875

1461(559)
True 0.4138
False 0.5862

164(607)
True 0.4138
False 0.5862

1284(293)
True 0.5
False 0.5

1261(296)
True 0.5
False 0.5

1314(395)
True 0.125
False 0.875

1273(377)
True 0.5
False 0.5

1313(503)
True 0.125
False 0.875

1296(374)
True 0.5
False 0.5

1312(514)
True 0.125
False 0.875

1311(493)
True 0.125
False 0.875

1329(569)
True 0.4138
False 0.5862

166(625)
True 0.4138
False 0.5862

1310(394)
True 0.125
False 0.875

1309(502)
True 0.125
False 0.875

1308(513)
True 0.125
False 0.875

1307(492)
True 0.125
False 0.875

1327(568)
True 0.4138
False 0.5862

168(623)
True 0.4138
False 0.5862

795(294)
True 0.5
False 0.5

772(297)
True 0.5
False 0.5

837(393)
True 0.125
False 0.875

784(378)
True 0.5
False 0.5

836(501)
True 0.125
False 0.875

807(375)
True 0.5
False 0.5

835(512)
True 0.125
False 0.875

834(491)
True 0.125
False 0.875

857(567)
True 0.4138
False 0.5862

171(621)
True 0.4138
False 0.5862

825(399)
True 0.125
False 0.875

824(508)
True 0.125
False 0.875

823(518)
True 0.125
False 0.875

822(497)
True 0.125
False 0.875

841(573)
True 0.4138
False 0.5862

152(599)
True 0.2069
False 0.7931

865(291)
True 0.5
False 0.5

153(671)
True 0.6035
False 0.3965

1256(401)
True 0.0625
False 0.9375

552(460)
True 0.0313
False 0.9687

553(554)
True 0.0313
False 0.9687

1253(402)
True 0.0625
False 0.9375

550(422)
True 0.0313
False 0.9687

551(544)
True 0.0313
False 0.9687

319(656)
True 0.001
False 0.999

480(292)
True 0.5
False 0.5

175(710)
True 0.0001
False 0.9999

176(803)
True 0.0001
False 0.9999

546(322)
True 0.25
False 0.75

547(415)
True 0.25
False 0.75

187(673)
True 0.0001
False 0.9999

188(761)
True 0.0001
False 0.9999

829(391)
True 0.125
False 0.875

828(499)
True 0.125
False 0.875

827(510)
True 0.125
False 0.875

826(489)
True 0.125
False 0.875

846(565)
True 0.4138
False 0.5862

147(600)
True 0.2069
False 0.7931

852(619)
True 0.4138
False 0.5862

852(619)*
True 0.4138
False 0.5862

560(295)
True 0.5
False 0.5

560(295)*
True 0.5
False 0.5

562(672)
True 0.7069
False 0.2931

146(758)
True 0.3535
False 0.6465

148(851)
True 0.4872
False 0.5128

1456(387)
True 0.125
False 0.875

1455(477)
True 0.125
False 0.875

1454(486)
True 0.125
False 0.875

1453(468)
True 0.125
False 0.875

1470(562)
True 0.4138
False 0.5862

1470(562)*
True 0.4138
False 0.5862

2099(249)
True 0.5
False 0.5

2099(249)*
True 0.5
False 0.5

1213(585)
True 0.7069
False 0.2931

1227(681)
True 0.2925
False 0.7075

1225(660)
True 0.3535
False 0.6465

1228(735)
True 0.5426
False 0.4574

1243(828)
True 0.5426
False 0.4574

1096(905)
True 0.2944
False 0.7056

155(967)
True 0.6773
False 0.3227

155(967)*
True 0.6773
False 0.3227

1460(335)
True 0.25
False 0.75

1459(424)
True 0.25
False 0.75

1458(426)
True 0.25
False 0.75

1457(425)
True 0.25
False 0.75

1473(545)
True 0.6836
False 0.3164

1473(545)*
True 0.6836
False 0.3164

2103(247)
True 0.5
False 0.5

2103(247)*
True 0.5
False 0.5

1218(583)
True 0.8418
False 0.1582

1234(657)
True 0.5754
False 0.4246

1232(659)
True 0.4209
False 0.5791

1235(733)
True 0.7541
False 0.2459

1245(826)
True 0.7541
False 0.2459

1094(903)
True 0.5687
False 0.4313

154(964)
True 0.894
False 0.106

154(964)*
True 0.894
False 0.106

156(1046)
True 0.9658
False 0.0342

2702(250)
True 0.5
False 0.5

2706(340)
True 0.5
False 0.5

2706(340)*
True 0.5
False 0.5

2699(248)
True 0.5
False 0.5

2699(248)*
True 0.5
False 0.5

2708(427)
True 0.75
False 0.25

2708(427)*
True 0.75
False 0.25

2705(339)
True 0.5
False 0.5

2705(339)*
True 0.5
False 0.5

2702(250)*
True 0.5
False 0.5

2707(428)
True 0.75
False 0.25

2707(428)*
True 0.75
False 0.25

2730(546)
True 0.9375
False 0.0625

2734(584)
True 0.9375
False 0.0625

2734(584)*
True 0.9375
False 0.0625

2694(254)
True 0.5
False 0.5

2698(344)
True 0.5
False 0.5

2698(344)*
True 0.5
False 0.5

2691(252)
True 0.5
False 0.5

2691(252)*
True 0.5
False 0.5

1794(430)
True 0.75
False 0.25

1794(430)*
True 0.75
False 0.25

2697(342)
True 0.5
False 0.5

2697(342)*
True 0.5
False 0.5

2694(254)*
True 0.5
False 0.5

1793(432)
True 0.75
False 0.25

1793(432)*
True 0.75
False 0.25

1795(547)
True 0.9375
False 0.0625

1806(587)
True 0.9375
False 0.0625

2682(233)
True 0.5
False 0.5

2682(233)*
True 0.5
False 0.5

2675(261)
True 0.5
False 0.5

2675(261)*
True 0.5
False 0.5

1776(323)
True 0.75
False 0.25

1776(323)*
True 0.75
False 0.25

2681(351)
True 0.5
False 0.5

2681(351)*
True 0.5
False 0.5

2678(232)*
True 0.5
False 0.5

1775(416)
True 0.75
False 0.25

1775(416)*
True 0.75
False 0.25

1777(537)
True 0.9375
False 0.0625

2686(258)
True 0.5
False 0.5

2690(348)
True 0.5
False 0.5

2690(348)*
True 0.5
False 0.5

2683(256)
True 0.5
False 0.5

2683(256)*
True 0.5
False 0.5

1785(434)
True 0.75
False 0.25

1785(434)*
True 0.75
False 0.25

2689(346)
True 0.5
False 0.5

2689(346)*
True 0.5
False 0.5

2686(258)*
True 0.5
False 0.5

1784(436)
True 0.75
False 0.25

1784(436)*
True 0.75
False 0.25

1786(548)
True 0.9375
False 0.0625

1821(649)
True 0.824
False 0.176

1821(649)*
True 0.824
False 0.176

1809(662)
True 0.9375
False 0.0625

1781(574)
True 0.9375
False 0.0625

1820(739)
True 0.824
False 0.176

1820(739)*
True 0.824
False 0.176

1822(820)
True 0.6789
False 0.3211

1822(820)*
True 0.6789
False 0.3211

1810(586)
True 0.9375
False 0.0625

1790(588)
True 0.9375
False 0.0625

1824(650)
True 0.824
False 0.176

1824(650)*
True 0.824
False 0.176

1813(661)
True 0.9375
False 0.0625

1823(728)
True 0.824
False 0.176

1823(728)*
True 0.824
False 0.176

1825(821)
True 0.6789
False 0.3211

1825(821)*
True 0.6789
False 0.3211

2727(899)
True 0.8969
False 0.1031

2727(899)*
True 0.8969
False 0.1031

1829(966)
True 0.9936
False 0.0064

1829(966)*
True 0.9936
False 0.0064

2733(961)
True 0.8969
False 0.1031

2733(961)*
True 0.8969
False 0.1031

2730(546)*
True 0.9375
False 0.0625

1828(1048)
True 0.9936
False 0.0064

1828(1048)*
True 0.9936
False 0.0064

1830(1108)
True 1.0
False 0.0

227(1179)
True 1.0
False 0.0

2498(272)
True 0.5
False 0.5

2502(359)
True 0.5
False 0.5

2502(359)*
True 0.5
False 0.5

2495(270)
True 0.5
False 0.5

2495(270)*
True 0.5
False 0.5

2504(443)
True 0.75
False 0.25

2504(443)*
True 0.75
False 0.25

2501(357)
True 0.5
False 0.5

2501(357)*
True 0.5
False 0.5

2498(272)*
True 0.5
False 0.5

2503(445)
True 0.75
False 0.25

2503(445)*
True 0.75
False 0.25

2528(550)
True 0.9375
False 0.0625

2532(590)
True 0.9375
False 0.0625

2532(590)*
True 0.9375
False 0.0625

2508(268)
True 0.5
False 0.5

2512(355)
True 0.5
False 0.5

2512(355)*
True 0.5
False 0.5

2505(266)
True 0.5
False 0.5

2505(266)*
True 0.5
False 0.5

2514(439)
True 0.75
False 0.25

2514(439)*
True 0.75
False 0.25

2511(353)
True 0.5
False 0.5

2511(353)*
True 0.5
False 0.5

2508(268)*
True 0.5
False 0.5

2513(441)
True 0.75
False 0.25

2513(441)*
True 0.75
False 0.25

2525(549)
True 0.9375
False 0.0625

2525(549)*
True 0.9375
False 0.0625

2534(663)
True 0.9961
False 0.0039

2534(663)*
True 0.9961
False 0.0039

2531(589)
True 0.9375
False 0.0625

2531(589)*
True 0.9375
False 0.0625

2528(550)*
True 0.9375
False 0.0625

2533(664)
True 0.9961
False 0.0039

2533(664)*
True 0.9961
False 0.0039

2546(743)
True 1.0
False 0.0

2550(835)
True 1.0
False 0.0

2550(835)*
True 1.0
False 0.0

2490(276)
True 0.5
False 0.5

2494(363)
True 0.5
False 0.5

2494(363)*
True 0.5
False 0.5

2487(274)
True 0.5
False 0.5

2487(274)*
True 0.5
False 0.5

1517(447)
True 0.75
False 0.25

1517(447)*
True 0.75
False 0.25

2493(361)
True 0.5
False 0.5

2493(361)*
True 0.5
False 0.5

2490(276)*
True 0.5
False 0.5

1516(449)
True 0.75
False 0.25

1516(449)*
True 0.75
False 0.25

1518(551)
True 0.9375
False 0.0625

1529(592)
True 0.9375
False 0.0625

2478(234)
True 0.5
False 0.5

2478(234)*
True 0.5
False 0.5

2471(282)
True 0.5
False 0.5

2471(282)*
True 0.5
False 0.5

1499(324)
True 0.75
False 0.25

1499(324)*
True 0.75
False 0.25

2477(369)
True 0.5
False 0.5

2477(369)*
True 0.5
False 0.5

2474(231)*
True 0.5
False 0.5

1498(417)
True 0.75
False 0.25

1498(417)*
True 0.75
False 0.25

1500(538)
True 0.9375
False 0.0625

2482(280)
True 0.5
False 0.5

2486(367)
True 0.5
False 0.5

2486(367)*
True 0.5
False 0.5

2479(278)
True 0.5
False 0.5

2479(278)*
True 0.5
False 0.5

1508(451)
True 0.75
False 0.25

1508(451)*
True 0.75
False 0.25

2485(365)
True 0.5
False 0.5

2485(365)*
True 0.5
False 0.5

2482(280)*
True 0.5
False 0.5

1507(453)
True 0.75
False 0.25

1507(453)*
True 0.75
False 0.25

1509(552)
True 0.9375
False 0.0625

1544(651)
True 0.824
False 0.176

1544(651)*
True 0.824
False 0.176

1532(666)
True 0.9375
False 0.0625

1504(575)
True 0.9375
False 0.0625

1543(750)
True 0.824
False 0.176

1543(750)*
True 0.824
False 0.176

1545(822)
True 0.6789
False 0.3211

1545(822)*
True 0.6789
False 0.3211

1533(591)
True 0.9375
False 0.0625

1513(593)
True 0.9375
False 0.0625

1547(652)
True 0.824
False 0.176

1547(652)*
True 0.824
False 0.176

1536(665)
True 0.9375
False 0.0625

1546(729)
True 0.824
False 0.176

1546(729)*
True 0.824
False 0.176

1548(823)
True 0.6789
False 0.3211

1548(823)*
True 0.6789
False 0.3211

2543(900)
True 0.8969
False 0.1031

2543(900)*
True 0.8969
False 0.1031

1552(978)
True 1.0
False 0.0

1552(978)*
True 1.0
False 0.0

2549(962)
True 0.8969
False 0.1031

2549(962)*
True 0.8969
False 0.1031

2546(743)*
True 1.0
False 0.0

1551(1062)
True 1.0
False 0.0

1551(1062)*
True 1.0
False 0.0

1553(1110)
True 1.0
False 0.0

229(1180)
True 1.0
False 0.0

882(317)
True 0.25
False 0.75

875(290)
True 0.5
False 0.5

881(408)
True 0.25
False 0.75

894(533)
True 0.4375
False 0.5625

2001(314)
True 0.5
False 0.5

1655(243)
True 0.5
False 0.5

1631(245)
True 0.5
False 0.5

1689(381)
True 0.125
False 0.875

1643(337)
True 0.5
False 0.5

1688(471)
True 0.125
False 0.875

1667(334)
True 0.5
False 0.5

1687(480)
True 0.125
False 0.875

1686(462)
True 0.125
False 0.875

1701(556)
True 0.4138
False 0.5862

2026(639)
True 0.2069
False 0.7931

2007(405)
True 0.5
False 0.5

2025(522)
True 0.25
False 0.75

2738(714)
True 0.4052
False 0.5948

2742(807)
True 0.4052
False 0.5948

2742(807)*
True 0.4052
False 0.5948

1999(265)
True 0.5
False 0.5

2735(352)
True 0.5
False 0.5

2735(352)*
True 0.5
False 0.5

2040(834)
True 0.7026
False 0.2974

2040(834)*
True 0.7026
False 0.2974

2741(438)
True 0.5
False 0.5

2741(438)*
True 0.5
False 0.5

2738(714)*
True 0.4052
False 0.5948

2039(742)
True 0.7026
False 0.2974

2039(742)*
True 0.7026
False 0.2974

2041(911)
True 0.9115
False 0.0885

2042(977)
True 0.9115
False 0.0885

1693(382)
True 0.125
False 0.875

1692(472)
True 0.125
False 0.875

1691(481)
True 0.125
False 0.875

1690(463)
True 0.125
False 0.875

1704(557)
True 0.4138
False 0.5862

2028(638)
True 0.2069
False 0.7931

2027(525)
True 0.25
False 0.75

2746(717)
True 0.4052
False 0.5948

2750(809)
True 0.4052
False 0.5948

2750(809)*
True 0.4052
False 0.5948

2070(260)
True 0.5
False 0.5

2743(350)
True 0.5
False 0.5

2743(350)*
True 0.5
False 0.5

2044(833)
True 0.7026
False 0.2974

2044(833)*
True 0.7026
False 0.2974

2749(437)
True 0.5
False 0.5

2749(437)*
True 0.5
False 0.5

2746(717)*
True 0.4052
False 0.5948

2043(741)
True 0.7026
False 0.2974

2043(741)*
True 0.7026
False 0.2974

2045(910)
True 0.9115
False 0.0885

2046(974)
True 0.9115
False 0.0885

1697(383)
True 0.125
False 0.875

1696(473)
True 0.125
False 0.875

1695(482)
True 0.125
False 0.875

1694(464)
True 0.125
False 0.875

1707(558)
True 0.4138
False 0.5862

2030(637)
True 0.2069
False 0.7931

2029(521)
True 0.25
False 0.75

2754(713)
True 0.4052
False 0.5948

2758(806)
True 0.4052
False 0.5948

2758(806)*
True 0.4052
False 0.5948

2076(257)
True 0.5
False 0.5

2751(347)
True 0.5
False 0.5

2751(347)*
True 0.5
False 0.5

2048(832)
True 0.7026
False 0.2974

2048(832)*
True 0.7026
False 0.2974

2757(435)
True 0.5
False 0.5

2757(435)*
True 0.5
False 0.5

2754(713)*
True 0.4052
False 0.5948

2047(740)
True 0.7026
False 0.2974

2047(740)*
True 0.7026
False 0.2974

2049(909)
True 0.9115
False 0.0885

2050(971)
True 0.9115
False 0.0885

2012(313)
True 0.5
False 0.5

2032(634)
True 0.2069
False 0.7931

2018(404)
True 0.5
False 0.5

2031(524)
True 0.25
False 0.75

2762(716)
True 0.4052
False 0.5948

2766(808)
True 0.4052
False 0.5948

2766(808)*
True 0.4052
False 0.5948

2082(255)
True 0.5
False 0.5

2759(345)
True 0.5
False 0.5

2759(345)*
True 0.5
False 0.5

2052(831)
True 0.7026
False 0.2974

2052(831)*
True 0.7026
False 0.2974

2765(433)
True 0.5
False 0.5

2765(433)*
True 0.5
False 0.5

2762(716)*
True 0.4052
False 0.5948

2051(738)
True 0.7026
False 0.2974

2051(738)*
True 0.7026
False 0.2974

2053(908)
True 0.9115
False 0.0885

2054(970)
True 0.9115
False 0.0885

2034(633)
True 0.2069
False 0.7931

2033(520)
True 0.25
False 0.75

2770(712)
True 0.4052
False 0.5948

2774(805)
True 0.4052
False 0.5948

2774(805)*
True 0.4052
False 0.5948

2088(253)
True 0.5
False 0.5

2767(343)
True 0.5
False 0.5

2767(343)*
True 0.5
False 0.5

2056(830)
True 0.7026
False 0.2974

2056(830)*
True 0.7026
False 0.2974

2773(431)
True 0.5
False 0.5

2773(431)*
True 0.5
False 0.5

2770(712)*
True 0.4052
False 0.5948

2055(737)
True 0.7026
False 0.2974

2055(737)*
True 0.7026
False 0.2974

2057(907)
True 0.9115
False 0.0885

2058(969)
True 0.9115
False 0.0885

1558(1053)
True 0.6294
False 0.3706

2036(632)
True 0.2069
False 0.7931

2035(519)
True 0.25
False 0.75

2778(711)
True 0.4052
False 0.5948

2782(804)
True 0.4052
False 0.5948

2782(804)*
True 0.4052
False 0.5948

2094(251)
True 0.5
False 0.5

2775(341)
True 0.5
False 0.5

2775(341)*
True 0.5
False 0.5

2060(829)
True 0.7026
False 0.2974

2060(829)*
True 0.7026
False 0.2974

2781(429)
True 0.5
False 0.5

2781(429)*
True 0.5
False 0.5

2778(711)*
True 0.4052
False 0.5948

2059(736)
True 0.7026
False 0.2974

2059(736)*
True 0.7026
False 0.2974

2061(906)
True 0.9115
False 0.0885

2062(968)
True 0.9115
False 0.0885

2038(635)
True 0.2069
False 0.7931

2037(523)
True 0.25
False 0.75

2065(715)
True 0.4052
False 0.5948

1557(1093)
True 0.3693
False 0.6307

1559(1109)
True 0.2324
False 0.7676

1710(316)
True 0.5
False 0.5

1735(645)
True 0.2069
False 0.7931

1716(407)
True 0.5
False 0.5

1734(532)
True 0.25
False 0.75

2554(724)
True 0.4052
False 0.5948

2558(816)
True 0.4052
False 0.5948

2558(816)*
True 0.4052
False 0.5948

1344(286)
True 0.5
False 0.5

2551(372)
True 0.5
False 0.5

2551(372)*
True 0.5
False 0.5

1562(845)
True 0.7026
False 0.2974

1562(845)*
True 0.7026
False 0.2974

2557(457)
True 0.5
False 0.5

2557(457)*
True 0.5
False 0.5

2554(724)*
True 0.4052
False 0.5948

1561(754)
True 0.7026
False 0.2974

1561(754)*
True 0.7026
False 0.2974

1563(921)
True 0.9115
False 0.0885

1564(1008)
True 0.9115
False 0.0885

1737(648)
True 0.2069
False 0.7931

1736(536)
True 0.25
False 0.75

2562(727)
True 0.4052
False 0.5948

2566(819)
True 0.4052
False 0.5948

2566(819)*
True 0.4052
False 0.5948

1351(284)
True 0.5
False 0.5

2559(370)
True 0.5
False 0.5

2559(370)*
True 0.5
False 0.5

1566(844)
True 0.7026
False 0.2974

1566(844)*
True 0.7026
False 0.2974

2565(455)
True 0.5
False 0.5

2565(455)*
True 0.5
False 0.5

2562(727)*
True 0.4052
False 0.5948

1565(753)
True 0.7026
False 0.2974

1565(753)*
True 0.7026
False 0.2974

1567(920)
True 0.9115
False 0.0885

1568(1005)
True 0.9115
False 0.0885

833(392)
True 0.125
False 0.875

832(500)
True 0.125
False 0.875

831(511)
True 0.125
False 0.875

830(490)
True 0.125
False 0.875

854(566)
True 0.4138
False 0.5862

1739(647)
True 0.2069
False 0.7931

1738(531)
True 0.25
False 0.75

2570(723)
True 0.4052
False 0.5948

2574(815)
True 0.4052
False 0.5948

2574(815)*
True 0.4052
False 0.5948

1959(281)
True 0.5
False 0.5

2567(368)
True 0.5
False 0.5

2567(368)*
True 0.5
False 0.5

1570(843)
True 0.7026
False 0.2974

1570(843)*
True 0.7026
False 0.2974

2573(454)
True 0.5
False 0.5

2573(454)*
True 0.5
False 0.5

2570(723)*
True 0.4052
False 0.5948

1569(752)
True 0.7026
False 0.2974

1569(752)*
True 0.7026
False 0.2974

1571(919)
True 0.9115
False 0.0885

1572(1002)
True 0.9115
False 0.0885

1741(646)
True 0.2069
False 0.7931

1740(535)
True 0.25
False 0.75

2578(726)
True 0.4052
False 0.5948

2582(818)
True 0.4052
False 0.5948

2582(818)*
True 0.4052
False 0.5948

1964(279)
True 0.5
False 0.5

2575(366)
True 0.5
False 0.5

2575(366)*
True 0.5
False 0.5

1574(842)
True 0.7026
False 0.2974

1574(842)*
True 0.7026
False 0.2974

2581(452)
True 0.5
False 0.5

2581(452)*
True 0.5
False 0.5

2578(726)*
True 0.4052
False 0.5948

1573(751)
True 0.7026
False 0.2974

1573(751)*
True 0.7026
False 0.2974

1575(918)
True 0.9115
False 0.0885

1576(999)
True 0.9115
False 0.0885

1721(315)
True 0.5
False 0.5

1743(642)
True 0.2069
False 0.7931

1728(406)
True 0.5
False 0.5

1742(530)
True 0.25
False 0.75

2586(722)
True 0.4052
False 0.5948

2590(814)
True 0.4052
False 0.5948

2590(814)*
True 0.4052
False 0.5948

1969(277)
True 0.5
False 0.5

2583(364)
True 0.5
False 0.5

2583(364)*
True 0.5
False 0.5

1578(841)
True 0.7026
False 0.2974

1578(841)*
True 0.7026
False 0.2974

2589(450)
True 0.5
False 0.5

2589(450)*
True 0.5
False 0.5

2586(722)*
True 0.4052
False 0.5948

1577(749)
True 0.7026
False 0.2974

1577(749)*
True 0.7026
False 0.2974

1579(917)
True 0.9115
False 0.0885

1580(996)
True 0.9115
False 0.0885

1555(1064)
True 0.6294
False 0.3706

1745(641)
True 0.2069
False 0.7931

1744(529)
True 0.25
False 0.75

2594(721)
True 0.4052
False 0.5948

2598(813)
True 0.4052
False 0.5948

2598(813)*
True 0.4052
False 0.5948

1974(275)
True 0.5
False 0.5

2591(362)
True 0.5
False 0.5

2591(362)*
True 0.5
False 0.5

1582(840)
True 0.7026
False 0.2974

1582(840)*
True 0.7026
False 0.2974

2597(448)
True 0.5
False 0.5

2597(448)*
True 0.5
False 0.5

2594(721)*
True 0.4052
False 0.5948

1581(748)
True 0.7026
False 0.2974

1581(748)*
True 0.7026
False 0.2974

1583(916)
True 0.9115
False 0.0885

1584(993)
True 0.9115
False 0.0885

1318(396)
True 0.125
False 0.875

1317(459)
True 0.25
False 0.75

1316(515)
True 0.125
False 0.875

1315(494)
True 0.125
False 0.875

1331(570)
True 0.4976
False 0.5024

1747(640)
True 0.2488
False 0.7512

1746(528)
True 0.25
False 0.75

2602(720)
True 0.4366
False 0.5634

2606(812)
True 0.4366
False 0.5634

2606(812)*
True 0.4366
False 0.5634

1979(273)
True 0.5
False 0.5

2599(360)
True 0.5
False 0.5

2599(360)*
True 0.5
False 0.5

1586(839)
True 0.7183
False 0.2817

1586(839)*
True 0.7183
False 0.2817

2605(446)
True 0.5
False 0.5

2605(446)*
True 0.5
False 0.5

2602(720)*
True 0.4366
False 0.5634

1585(747)
True 0.7183
False 0.2817

1585(747)*
True 0.7183
False 0.2817

1587(915)
True 0.9206
False 0.0794

1588(990)
True 0.9206
False 0.0794

1322(397)
True 0.125
False 0.875

1321(504)
True 0.125
False 0.875

1320(516)
True 0.125
False 0.875

1319(495)
True 0.125
False 0.875

1333(571)
True 0.4138
False 0.5862

1749(644)
True 0.2069
False 0.7931

1748(534)
True 0.25
False 0.75

2610(725)
True 0.4052
False 0.5948

2614(817)
True 0.4052
False 0.5948

2614(817)*
True 0.4052
False 0.5948

1984(271)
True 0.5
False 0.5

2607(358)
True 0.5
False 0.5

2607(358)*
True 0.5
False 0.5

1590(838)
True 0.7026
False 0.2974

1590(838)*
True 0.7026
False 0.2974

2613(444)
True 0.5
False 0.5

2613(444)*
True 0.5
False 0.5

2610(725)*
True 0.4052
False 0.5948

1589(746)
True 0.7026
False 0.2974

1589(746)*
True 0.7026
False 0.2974

1591(914)
True 0.9115
False 0.0885

1592(987)
True 0.9115
False 0.0885

1326(398)
True 0.125
False 0.875

1325(505)
True 0.125
False 0.875

1324(517)
True 0.125
False 0.875

1323(496)
True 0.125
False 0.875

1335(572)
True 0.4138
False 0.5862

1751(643)
True 0.2069
False 0.7931

1750(527)
True 0.25
False 0.75

2618(719)
True 0.4052
False 0.5948

2622(811)
True 0.4052
False 0.5948

2622(811)*
True 0.4052
False 0.5948

1989(269)
True 0.5
False 0.5

2615(356)
True 0.5
False 0.5

2615(356)*
True 0.5
False 0.5

1594(837)
True 0.7026
False 0.2974

1594(837)*
True 0.7026
False 0.2974

2621(442)
True 0.5
False 0.5

2621(442)*
True 0.5
False 0.5

2618(719)*
True 0.4052
False 0.5948

1593(745)
True 0.7026
False 0.2974

1593(745)*
True 0.7026
False 0.2974

1595(913)
True 0.9115
False 0.0885

1596(984)
True 0.9115
False 0.0885

1685(388)
True 0.125
False 0.875

1684(478)
True 0.125
False 0.875

1683(487)
True 0.125
False 0.875

1682(469)
True 0.125
False 0.875

1698(563)
True 0.4138
False 0.5862

2024(636)
True 0.2069
False 0.7931

2023(526)
True 0.25
False 0.75

2626(718)
True 0.4052
False 0.5948

2630(810)
True 0.4052
False 0.5948

2630(810)*
True 0.4052
False 0.5948

1994(267)
True 0.5
False 0.5

2623(354)
True 0.5
False 0.5

2623(354)*
True 0.5
False 0.5

1598(836)
True 0.7026
False 0.2974

1598(836)*
True 0.7026
False 0.2974

2629(440)
True 0.5
False 0.5

2629(440)*
True 0.5
False 0.5

2626(718)*
True 0.4052
False 0.5948

1597(744)
True 0.7026
False 0.2974

1597(744)*
True 0.7026
False 0.2974

1599(912)
True 0.9115
False 0.0885

1600(981)
True 0.9115
False 0.0885

1554(1063)
True 0.6356
False 0.3644

1556(1111)
True 0.4
False 0.6

311(1278)
True 0.0407
False 0.9593

150(1277)
True 0.0407
False 0.9593

821(390)
True 0.125
False 0.875

820(498)
True 0.125
False 0.875

819(509)
True 0.125
False 0.875

818(488)
True 0.125
False 0.875

838(564)
True 0.4138
False 0.5862

144(601)
True 0.2069
False 0.7931

2154(631)
True 0.4138
False 0.5862

2158(708)
True 0.4138
False 0.5862

2158(708)*
True 0.4138
False 0.5862

2151(691)
True 0.4138
False 0.5862

2151(691)*
True 0.4138
False 0.5862

2160(778)
True 0.6564
False 0.3436

2160(778)*
True 0.6564
False 0.3436

2157(777)
True 0.4138
False 0.5862

2157(777)*
True 0.4138
False 0.5862

2154(631)*
True 0.4138
False 0.5862

2159(892)
True 0.6564
False 0.3436

2159(892)*
True 0.6564
False 0.3436

2210(933)
True 0.8819
False 0.1181

2214(1025)
True 0.8819
False 0.1181

2214(1025)*
True 0.8819
False 0.1181

2207(759)
True 0.7069
False 0.2931

2207(759)*
True 0.7069
False 0.2931

2216(1065)
True 0.9654
False 0.0346

2216(1065)*
True 0.9654
False 0.0346

2213(852)
True 0.7069
False 0.2931

2213(852)*
True 0.7069
False 0.2931

2210(933)*
True 0.8819
False 0.1181

2215(1009)
True 0.9654
False 0.0346

2215(1009)*
True 0.9654
False 0.0346

2238(1124)
True 0.9988
False 0.0012

2242(1187)
True 0.9988
False 0.0012

2242(1187)*
True 0.9988
False 0.0012

516(616)
True 0.4138
False 0.5862

2235(684)
True 0.4138
False 0.5862

2235(684)*
True 0.4138
False 0.5862

646(1254)
True 0.9993
False 0.0007

646(1254)*
True 0.9993
False 0.0007

2241(770)
True 0.4138
False 0.5862

2241(770)*
True 0.4138
False 0.5862

2238(1124)*
True 0.9988
False 0.0012

645(1197)
True 0.9993
False 0.0007

645(1197)*
True 0.9993
False 0.0007

647(1307)
True 1.0
False 0.0

143(1330)
True 0.5
False 0.5

145(1358)
True 0.6035
False 0.3965

1031(630)
True 0.4138
False 0.5862

1385(283)
True 0.5
False 0.5

1387(594)
True 0.2069
False 0.7931

1389(610)
True 0.4138
False 0.5862

456(709)
True 0.0428
False 0.9572

462(802)
True 0.0428
False 0.9572

475(897)
True 0.0428
False 0.9572

1355(957)
True 0.0428
False 0.9572

676(1006)
True 0.0214
False 0.9786

1361(1038)
True 0.0428
False 0.9572

675(1060)
True 0.0214
False 0.9786

677(1122)
True 0.0424
False 0.9576

679(1210)
True 0.0175
False 0.9825

299(692)
True 0.4138
False 0.5862

1043(693)
True 0.4138
False 0.5862

2254(781)
True 0.4138
False 0.5862

2258(870)
True 0.4138
False 0.5862

2258(870)*
True 0.4138
False 0.5862

1373(1000)
True 0.0214
False 0.9786

1371(1056)
True 0.0214
False 0.9786

1380(1118)
True 0.0424
False 0.9576

2251(1183)
True 0.0424
False 0.9576

2251(1183)*
True 0.0424
False 0.9576

665(1260)
True 0.4386
False 0.5614

665(1260)*
True 0.4386
False 0.5614

2257(1241)
True 0.0424
False 0.9576

2257(1241)*
True 0.0424
False 0.9576

2254(781)*
True 0.4138
False 0.5862

664(1312)
True 0.4386
False 0.5614

664(1312)*
True 0.4386
False 0.5614

666(1342)
True 0.6849
False 0.3151

1035(618)
True 0.4138
False 0.5862

2262(689)
True 0.4138
False 0.5862

2266(775)
True 0.4138
False 0.5862

2266(775)*
True 0.4138
False 0.5862

1369(1004)
True 0.0214
False 0.9786

1368(1058)
True 0.0214
False 0.9786

1378(1121)
True 0.0424
False 0.9576

2259(1186)
True 0.0424
False 0.9576

2259(1186)*
True 0.0424
False 0.9576

684(1258)
True 0.4386
False 0.5614

684(1258)*
True 0.4386
False 0.5614

2265(1244)
True 0.0424
False 0.9576

2265(1244)*
True 0.0424
False 0.9576

2262(689)*
True 0.4138
False 0.5862

683(1310)
True 0.4386
False 0.5614

683(1310)*
True 0.4386
False 0.5614

681(1340)
True 0.6849
False 0.3151

682(1367)
True 0.0082
False 0.9918

674(1200)
True 0.0175
False 0.9825

680(1363)
True 0.012
False 0.988

671(1202)
True 0.0175
False 0.9825

685(1375)
True 0.0373
False 0.9627

655(319)
True 0.5
False 0.5

748(411)
True 0.5
False 0.5

749(801)
True 0.0428
False 0.9572

286(696)
True 0.4138
False 0.5862

765(876)
True 0.0177
False 0.9823

753(896)
True 0.0428
False 0.9572

763(934)
True 0.0177
False 0.9823

519(1027)
True 0.0351
False 0.9649

521(1098)
True 0.0176
False 0.9824

522(1171)
True 0.0176
False 0.9824

2326(1230)
True 0.0176
False 0.9824

2330(1287)
True 0.0176
False 0.9824

2330(1287)*
True 0.0176
False 0.9824

658(318)
True 0.5
False 0.5

1831(409)
True 0.5
False 0.5

1836(955)
True 0.0428
False 0.9572

1858(994)
True 0.0214
False 0.9786

1842(1037)
True 0.0428
False 0.9572

1856(1051)
True 0.0214
False 0.9786

1859(1114)
True 0.0424
False 0.9576

1877(1225)
True 0.0212
False 0.9788

2323(1282)
True 0.0212
False 0.9788

2323(1282)*
True 0.0212
False 0.9788

956(1321)
True 0.0384
False 0.9616

956(1321)*
True 0.0384
False 0.9616

2329(1322)
True 0.0212
False 0.9788

2329(1322)*
True 0.0212
False 0.9788

2326(1230)*
True 0.0176
False 0.9824

955(1351)
True 0.0384
False 0.9616

955(1351)*
True 0.0384
False 0.9616

957(1370)
True 0.0753
False 0.9247

305(702)
True 0.4138
False 0.5862

537(945)
True 0.0177
False 0.9823

539(1042)
True 0.0089
False 0.9911

540(1101)
True 0.0089
False 0.9911

2302(1174)
True 0.0089
False 0.9911

2306(1233)
True 0.0089
False 0.9911

2306(1233)*
True 0.0089
False 0.9911

1868(985)
True 0.0214
False 0.9786

1883(1094)
True 0.0107
False 0.9893

2299(1164)
True 0.0107
False 0.9893

2299(1164)*
True 0.0107
False 0.9893

929(1279)
True 0.0195
False 0.9805

929(1279)*
True 0.0195
False 0.9805

2305(1222)
True 0.0107
False 0.9893

2305(1222)*
True 0.0107
False 0.9893

2302(1174)*
True 0.0089
False 0.9911

928(1292)
True 0.0195
False 0.9805

928(1292)*
True 0.0195
False 0.9805

930(1317)
True 0.0386
False 0.9614

303(698)
True 0.4138
False 0.5862

769(878)
True 0.0177
False 0.9823

767(937)
True 0.0177
False 0.9823

525(1029)
True 0.0351
False 0.9649

527(1099)
True 0.0176
False 0.9824

528(1172)
True 0.0176
False 0.9824

2318(1231)
True 0.0176
False 0.9824

2322(1290)
True 0.0176
False 0.9824

2322(1290)*
True 0.0176
False 0.9824

1863(991)
True 0.0214
False 0.9786

1861(1049)
True 0.0214
False 0.9786

1864(1112)
True 0.0424
False 0.9576

1879(1224)
True 0.0212
False 0.9788

2315(1281)
True 0.0212
False 0.9788

2315(1281)*
True 0.0212
False 0.9788

948(1319)
True 0.0384
False 0.9616

948(1319)*
True 0.0384
False 0.9616

2321(1320)
True 0.0212
False 0.9788

2321(1320)*
True 0.0212
False 0.9788

2318(1231)*
True 0.0176
False 0.9824

947(1353)
True 0.0384
False 0.9616

947(1353)*
True 0.0384
False 0.9616

949(1369)
True 0.0753
False 0.9247

301(694)
True 0.4138
False 0.5862

1051(695)
True 0.4138
False 0.5862

2334(784)
True 0.4138
False 0.5862

2338(873)
True 0.4138
False 0.5862

2338(873)*
True 0.4138
False 0.5862

1377(997)
True 0.0214
False 0.9786

1375(1054)
True 0.0214
False 0.9786

1382(1116)
True 0.0424
False 0.9576

2331(1181)
True 0.0424
False 0.9576

2331(1181)*
True 0.0424
False 0.9576

963(1262)
True 0.4386
False 0.5614

963(1262)*
True 0.4386
False 0.5614

2337(1239)
True 0.0424
False 0.9576

2337(1239)*
True 0.0424
False 0.9576

2334(784)*
True 0.4138
False 0.5862

962(1314)
True 0.4386
False 0.5614

962(1314)*
True 0.4386
False 0.5614

964(1344)
True 0.6849
False 0.3151

288(700)
True 0.4976
False 0.5024

531(941)
True 0.0213
False 0.9787

533(1041)
True 0.0107
False 0.9893

534(1100)
True 0.0107
False 0.9893

2310(1173)
True 0.0107
False 0.9893

2314(1232)
True 0.0107
False 0.9893

2314(1232)*
True 0.0107
False 0.9893

1866(988)
True 0.0214
False 0.9786

1881(1095)
True 0.0107
False 0.9893

2307(1166)
True 0.0107
False 0.9893

2307(1166)*
True 0.0107
False 0.9893

939(1280)
True 0.0212
False 0.9788

939(1280)*
True 0.0212
False 0.9788

2313(1223)
True 0.0107
False 0.9893

2313(1223)*
True 0.0107
False 0.9893

2310(1173)*
True 0.0107
False 0.9893

938(1291)
True 0.0212
False 0.9788

938(1291)*
True 0.0212
False 0.9788

940(1318)
True 0.042
False 0.958

977(1382)
True 0.0
False 1.0

983(1389)
True 0.0
False 1.0

967(1204)
True 0.0175
False 0.9825

981(1377)
True 0.0
False 1.0

961(1288)
True 0.0004
False 0.9996

980(1384)
True 0.0
False 1.0

954(1289)
True 0.0004
False 0.9996

979(1352)
True 0.0
False 1.0

946(1165)
True 0.0001
False 0.9999

978(1349)
True 0.0
False 1.0

937(1163)
True 0.0001
False 0.9999

982(1394)
True 0.0001
False 0.9999

984(1397)
True 0.0001
False 0.9999

466(667)
True 0.2069
False 0.7931

468(797)
True 0.0428
False 0.9572

1257(893)
True 0.0428
False 0.9572

742(951)
True 0.0428
False 0.9572

743(800)
True 0.0428
False 0.9572

1250(604)
True 0.4138
False 0.5862

508(858)
True 0.0177
False 0.9823

510(1014)
True 0.0008
False 0.9992

511(1070)
True 0.0008
False 0.9992

2270(1134)
True 0.0008
False 0.9992

2274(1193)
True 0.0008
False 0.9992

2274(1193)*
True 0.0008
False 0.9992

1258(894)
True 0.0428
False 0.9572

1845(953)
True 0.0428
False 0.9572

1850(956)
True 0.0428
False 0.9572

1876(972)
True 0.0214
False 0.9786

1891(1088)
True 0.0009
False 0.9991

2267(1158)
True 0.0009
False 0.9991

2267(1158)*
True 0.0009
False 0.9991

900(1270)
True 0.0017
False 0.9983

900(1270)*
True 0.0017
False 0.9983

2273(1215)
True 0.0009
False 0.9991

2273(1215)*
True 0.0009
False 0.9991

2270(1134)*
True 0.0008
False 0.9992

899(1250)
True 0.0017
False 0.9983

899(1250)*
True 0.0017
False 0.9983

901(1303)
True 0.0033
False 0.9967

496(862)
True 0.0177
False 0.9823

498(1019)
True 0.0008
False 0.9992

499(1072)
True 0.0008
False 0.9992

2286(1138)
True 0.0008
False 0.9992

2290(1195)
True 0.0008
False 0.9992

2290(1195)*
True 0.0008
False 0.9992

1872(979)
True 0.0214
False 0.9786

1887(1086)
True 0.0009
False 0.9991

2283(1156)
True 0.0009
False 0.9991

2283(1156)*
True 0.0009
False 0.9991

917(1268)
True 0.0017
False 0.9983

917(1268)*
True 0.0017
False 0.9983

2289(1213)
True 0.0009
False 0.9991

2289(1213)*
True 0.0009
False 0.9991

2286(1138)*
True 0.0008
False 0.9992

916(1252)
True 0.0017
False 0.9983

916(1252)*
True 0.0017
False 0.9983

918(1305)
True 0.0033
False 0.9967

290(704)
True 0.4138
False 0.5862

490(886)
True 0.0177
False 0.9823

492(1035)
True 0.0008
False 0.9992

493(1083)
True 0.0008
False 0.9992

2294(1152)
True 0.0008
False 0.9992

2298(1208)
True 0.0008
False 0.9992

2298(1208)*
True 0.0008
False 0.9992

1870(982)
True 0.0214
False 0.9786

1885(1087)
True 0.0009
False 0.9991

2291(1157)
True 0.0009
False 0.9991

2291(1157)*
True 0.0009
False 0.9991

926(1269)
True 0.0017
False 0.9983

926(1269)*
True 0.0017
False 0.9983

2297(1214)
True 0.0009
False 0.9991

2297(1214)*
True 0.0009
False 0.9991

2294(1152)*
True 0.0008
False 0.9992

925(1265)
True 0.0017
False 0.9983

925(1265)*
True 0.0017
False 0.9983

927(1315)
True 0.0033
False 0.9967

502(855)
True 0.0177
False 0.9823

504(1012)
True 0.0008
False 0.9992

505(1067)
True 0.0008
False 0.9992

2278(1130)
True 0.0008
False 0.9992

2282(1191)
True 0.0008
False 0.9992

2282(1191)*
True 0.0008
False 0.9992

1874(975)
True 0.0214
False 0.9786

1889(1085)
True 0.0009
False 0.9991

2275(1155)
True 0.0009
False 0.9991

2275(1155)*
True 0.0009
False 0.9991

909(1267)
True 0.0017
False 0.9983

909(1267)*
True 0.0017
False 0.9983

2281(1212)
True 0.0009
False 0.9991

2281(1212)*
True 0.0009
False 0.9991

2278(1130)*
True 0.0008
False 0.9992

908(1248)
True 0.0017
False 0.9983

908(1248)*
True 0.0017
False 0.9983

910(1301)
True 0.0033
False 0.9967

968(1333)
True 0.0
False 1.0

969(1359)
True 0.0
False 1.0

969(1359)*
True 0.0
False 1.0

924(1151)
True 0.0
False 1.0

972(1347)
True 0.0
False 1.0

922(1137)
True 0.0
False 1.0

971(1336)
True 0.0
False 1.0

915(1129)
True 0.0
False 1.0

970(1332)
True 0.0
False 1.0

907(1133)
True 0.0
False 1.0

973(1361)
True 0.0
False 1.0

976(1373)
True 0.0
False 1.0

976(1373)*
True 0.0
False 1.0

988(1387)
True 0.0
False 1.0

990(1402)
True 0.0
False 1.0

987(1404)
True 0.0001
False 0.9999

989(1409)
True 0.0
False 1.0

991(1411)
True 0.0
False 1.0

991(1411)*
True 0.0
False 1.0

1337(898)
True 0.0428
False 0.9572

1601(960)
True 0.0428
False 0.9572

1108(1007)
True 0.0214
False 0.9786

1607(1040)
True 0.0428
False 0.9572

1107(1061)
True 0.0214
False 0.9786

1109(1123)
True 0.0424
False 0.9576

1110(1211)
True 0.0175
False 0.9825

2342(779)
True 0.4138
False 0.5862

2346(868)
True 0.4138
False 0.5862

2346(868)*
True 0.4138
False 0.5862

1619(1001)
True 0.0214
False 0.9786

1617(1057)
True 0.0214
False 0.9786

1626(1119)
True 0.0424
False 0.9576

2339(1184)
True 0.0424
False 0.9576

2339(1184)*
True 0.0424
False 0.9576

1099(1259)
True 0.4386
False 0.5614

1099(1259)*
True 0.4386
False 0.5614

2345(1242)
True 0.0424
False 0.9576

2345(1242)*
True 0.0424
False 0.9576

2342(779)*
True 0.4138
False 0.5862

1098(1311)
True 0.4386
False 0.5614

1098(1311)*
True 0.4386
False 0.5614

1100(1341)
True 0.6849
False 0.3151

2350(687)
True 0.4138
False 0.5862

2354(773)
True 0.4138
False 0.5862

2354(773)*
True 0.4138
False 0.5862

1615(1003)
True 0.0214
False 0.9786

1614(1059)
True 0.0214
False 0.9786

1624(1120)
True 0.0424
False 0.9576

2347(1185)
True 0.0424
False 0.9576

2347(1185)*
True 0.0424
False 0.9576

1115(1257)
True 0.4386
False 0.5614

1115(1257)*
True 0.4386
False 0.5614

2353(1243)
True 0.0424
False 0.9576

2353(1243)*
True 0.0424
False 0.9576

2350(687)*
True 0.4138
False 0.5862

1114(1309)
True 0.4386
False 0.5614

1114(1309)*
True 0.4386
False 0.5614

1112(1339)
True 0.6849
False 0.3151

1113(1368)
True 0.0082
False 0.9918

1106(1201)
True 0.0175
False 0.9825

1111(1364)
True 0.012
False 0.988

1104(1203)
True 0.0175
False 0.9825

1116(1376)
True 0.0373
False 0.9627

994(412)
True 0.5
False 0.5

995(798)
True 0.0428
False 0.9572

1014(877)
True 0.0177
False 0.9823

999(895)
True 0.0428
False 0.9572

1012(935)
True 0.0177
False 0.9823

693(1028)
True 0.0351
False 0.9649

695(1102)
True 0.0176
False 0.9824

696(1175)
True 0.0176
False 0.9824

2414(1234)
True 0.0176
False 0.9824

2418(1293)
True 0.0176
False 0.9824

2418(1293)*
True 0.0176
False 0.9824

1893(410)
True 0.5
False 0.5

1898(958)
True 0.0428
False 0.9572

1920(995)
True 0.0214
False 0.9786

1904(1039)
True 0.0428
False 0.9572

1918(1052)
True 0.0214
False 0.9786

1921(1115)
True 0.0424
False 0.9576

1939(1229)
True 0.0212
False 0.9788

2411(1286)
True 0.0212
False 0.9788

2411(1286)*
True 0.0212
False 0.9788

1174(1327)
True 0.0384
False 0.9616

1174(1327)*
True 0.0384
False 0.9616

2417(1328)
True 0.0212
False 0.9788

2417(1328)*
True 0.0212
False 0.9788

2414(1234)*
True 0.0176
False 0.9824

1173(1354)
True 0.0384
False 0.9616

1173(1354)*
True 0.0384
False 0.9616

1175(1372)
True 0.0753
False 0.9247

711(946)
True 0.0177
False 0.9823

713(1044)
True 0.0089
False 0.9911

714(1105)
True 0.0089
False 0.9911

2390(1178)
True 0.0089
False 0.9911

2394(1237)
True 0.0089
False 0.9911

2394(1237)*
True 0.0089
False 0.9911

1930(986)
True 0.0214
False 0.9786

1945(1096)
True 0.0107
False 0.9893

2387(1168)
True 0.0107
False 0.9893

2387(1168)*
True 0.0107
False 0.9893

1147(1283)
True 0.0195
False 0.9805

1147(1283)*
True 0.0195
False 0.9805

2393(1226)
True 0.0107
False 0.9893

2393(1226)*
True 0.0107
False 0.9893

2390(1178)*
True 0.0089
False 0.9911

1146(1298)
True 0.0195
False 0.9805

1146(1298)*
True 0.0195
False 0.9805

1148(1323)
True 0.0386
False 0.9614

1018(879)
True 0.0177
False 0.9823

1016(938)
True 0.0177
False 0.9823

699(1030)
True 0.0351
False 0.9649

701(1103)
True 0.0176
False 0.9824

702(1176)
True 0.0176
False 0.9824

2406(1235)
True 0.0176
False 0.9824

2410(1296)
True 0.0176
False 0.9824

2410(1296)*
True 0.0176
False 0.9824

1925(992)
True 0.0214
False 0.9786

1923(1050)
True 0.0214
False 0.9786

1926(1113)
True 0.0424
False 0.9576

1941(1228)
True 0.0212
False 0.9788

2403(1285)
True 0.0212
False 0.9788

2403(1285)*
True 0.0212
False 0.9788

1166(1325)
True 0.0384
False 0.9616

1166(1325)*
True 0.0384
False 0.9616

2409(1326)
True 0.0212
False 0.9788

2409(1326)*
True 0.0212
False 0.9788

2406(1235)*
True 0.0176
False 0.9824

1165(1356)
True 0.0384
False 0.9616

1165(1356)*
True 0.0384
False 0.9616

1167(1371)
True 0.0753
False 0.9247

2422(783)
True 0.4138
False 0.5862

2426(872)
True 0.4138
False 0.5862

2426(872)*
True 0.4138
False 0.5862

1623(998)
True 0.0214
False 0.9786

1621(1055)
True 0.0214
False 0.9786

1628(1117)
True 0.0424
False 0.9576

2419(1182)
True 0.0424
False 0.9576

2419(1182)*
True 0.0424
False 0.9576

1181(1261)
True 0.4386
False 0.5614

1181(1261)*
True 0.4386
False 0.5614

2425(1240)
True 0.0424
False 0.9576

2425(1240)*
True 0.0424
False 0.9576

2422(783)*
True 0.4138
False 0.5862

1180(1313)
True 0.4386
False 0.5614

1180(1313)*
True 0.4386
False 0.5614

1182(1343)
True 0.6849
False 0.3151

705(942)
True 0.0213
False 0.9787

707(1043)
True 0.0107
False 0.9893

708(1104)
True 0.0107
False 0.9893

2398(1177)
True 0.0107
False 0.9893

2402(1236)
True 0.0107
False 0.9893

2402(1236)*
True 0.0107
False 0.9893

1928(989)
True 0.0214
False 0.9786

1943(1097)
True 0.0107
False 0.9893

2395(1170)
True 0.0107
False 0.9893

2395(1170)*
True 0.0107
False 0.9893

1157(1284)
True 0.0212
False 0.9788

1157(1284)*
True 0.0212
False 0.9788

2401(1227)
True 0.0107
False 0.9893

2401(1227)*
True 0.0107
False 0.9893

2398(1177)*
True 0.0107
False 0.9893

1156(1297)
True 0.0212
False 0.9788

1156(1297)*
True 0.0212
False 0.9788

1158(1324)
True 0.042
False 0.958

1194(1383)
True 0.0
False 1.0

1200(1390)
True 0.0
False 1.0

1184(1205)
True 0.0175
False 0.9825

1198(1378)
True 0.0
False 1.0

1179(1294)
True 0.0004
False 0.9996

1197(1385)
True 0.0
False 1.0

1172(1295)
True 0.0004
False 0.9996

1196(1355)
True 0.0
False 1.0

1164(1169)
True 0.0001
False 0.9999

1195(1350)
True 0.0
False 1.0

1155(1167)
True 0.0001
False 0.9999

1199(1395)
True 0.0001
False 0.9999

1201(1398)
True 0.0001
False 0.9999

1005(952)
True 0.0428
False 0.9572

1006(799)
True 0.0428
False 0.9572

735(859)
True 0.0177
False 0.9823

737(1015)
True 0.0008
False 0.9992

738(1071)
True 0.0008
False 0.9992

2358(1136)
True 0.0008
False 0.9992

2362(1194)
True 0.0008
False 0.9992

2362(1194)*
True 0.0008
False 0.9992

1907(954)
True 0.0428
False 0.9572

1912(959)
True 0.0428
False 0.9572

1938(973)
True 0.0214
False 0.9786

1953(1092)
True 0.0009
False 0.9991

2355(1162)
True 0.0009
False 0.9991

2355(1162)*
True 0.0009
False 0.9991

1118(1274)
True 0.0017
False 0.9983

1118(1274)*
True 0.0017
False 0.9983

2361(1219)
True 0.0009
False 0.9991

2361(1219)*
True 0.0009
False 0.9991

2358(1136)*
True 0.0008
False 0.9992

1117(1251)
True 0.0017
False 0.9983

1117(1251)*
True 0.0017
False 0.9983

1119(1304)
True 0.0033
False 0.9967

723(863)
True 0.0177
False 0.9823

725(1020)
True 0.0008
False 0.9992

726(1073)
True 0.0008
False 0.9992

2374(1140)
True 0.0008
False 0.9992

2378(1196)
True 0.0008
False 0.9992

2378(1196)*
True 0.0008
False 0.9992

1934(980)
True 0.0214
False 0.9786

1949(1090)
True 0.0009
False 0.9991

2371(1160)
True 0.0009
False 0.9991

2371(1160)*
True 0.0009
False 0.9991

1135(1272)
True 0.0017
False 0.9983

1135(1272)*
True 0.0017
False 0.9983

2377(1217)
True 0.0009
False 0.9991

2377(1217)*
True 0.0009
False 0.9991

2374(1140)*
True 0.0008
False 0.9992

1134(1253)
True 0.0017
False 0.9983

1134(1253)*
True 0.0017
False 0.9983

1136(1306)
True 0.0033
False 0.9967

717(887)
True 0.0177
False 0.9823

719(1036)
True 0.0008
False 0.9992

720(1084)
True 0.0008
False 0.9992

2382(1154)
True 0.0008
False 0.9992

2386(1209)
True 0.0008
False 0.9992

2386(1209)*
True 0.0008
False 0.9992

1932(983)
True 0.0214
False 0.9786

1947(1091)
True 0.0009
False 0.9991

2379(1161)
True 0.0009
False 0.9991

2379(1161)*
True 0.0009
False 0.9991

1144(1273)
True 0.0017
False 0.9983

1144(1273)*
True 0.0017
False 0.9983

2385(1218)
True 0.0009
False 0.9991

2385(1218)*
True 0.0009
False 0.9991

2382(1154)*
True 0.0008
False 0.9992

1143(1266)
True 0.0017
False 0.9983

1143(1266)*
True 0.0017
False 0.9983

1145(1316)
True 0.0033
False 0.9967

729(856)
True 0.0177
False 0.9823

731(1013)
True 0.0008
False 0.9992

732(1068)
True 0.0008
False 0.9992

2366(1132)
True 0.0008
False 0.9992

2370(1192)
True 0.0008
False 0.9992

2370(1192)*
True 0.0008
False 0.9992

1936(976)
True 0.0214
False 0.9786

1951(1089)
True 0.0009
False 0.9991

2363(1159)
True 0.0009
False 0.9991

2363(1159)*
True 0.0009
False 0.9991

1127(1271)
True 0.0017
False 0.9983

1127(1271)*
True 0.0017
False 0.9983

2369(1216)
True 0.0009
False 0.9991

2369(1216)*
True 0.0009
False 0.9991

2366(1132)*
True 0.0008
False 0.9992

1126(1249)
True 0.0017
False 0.9983

1126(1249)*
True 0.0017
False 0.9983

1128(1302)
True 0.0033
False 0.9967

1185(1335)
True 0.0
False 1.0

1186(1360)
True 0.0
False 1.0

1186(1360)*
True 0.0
False 1.0

1142(1153)
True 0.0
False 1.0

1189(1348)
True 0.0
False 1.0

1140(1139)
True 0.0
False 1.0

1188(1337)
True 0.0
False 1.0

1133(1131)
True 0.0
False 1.0

1187(1334)
True 0.0
False 1.0

1125(1135)
True 0.0
False 1.0

1190(1362)
True 0.0
False 1.0

1193(1374)
True 0.0
False 1.0

1193(1374)*
True 0.0
False 1.0

1205(1388)
True 0.0
False 1.0

1207(1403)
True 0.0
False 1.0

1204(1405)
True 0.0001
False 0.9999

1206(1410)
True 0.0
False 1.0

329(1414)
True 0.0
False 1.0

329(1414)*
True 0.0
False 1.0

1221(1413)
True 0.0
False 1.0

1239(1415)
True 0.0
False 1.0

1238(1416)
True 0.0
False 1.0

1240(1417)
True 0.0
False 1.0

1247(1418)
True 0.0
False 1.0

471(1419)
True 0.0
False 1.0

473(1420)
True 0.0
False 1.0

231(1422)
True 0.0
False 1.0

2458(235)
True 0.5
False 0.5

2458(235)*
True 0.5
False 0.5

2451(229)*
True 0.5
False 0.5

2460(326)
True 0.75
False 0.25

2460(326)*
True 0.75
False 0.25

2457(236)
True 0.5
False 0.5

2457(236)*
True 0.5
False 0.5

2454(230)*
True 0.5
False 0.5

2459(325)
True 0.75
False 0.25

2459(325)*
True 0.75
False 0.25

2518(418)
True 0.9375
False 0.0625

2522(539)
True 0.9375
False 0.0625

2522(539)*
True 0.9375
False 0.0625

2464(287)
True 0.5
False 0.5

2468(373)
True 0.5
False 0.5

2468(373)*
True 0.5
False 0.5

2461(285)
True 0.5
False 0.5

2461(285)*
True 0.5
False 0.5

2470(456)
True 0.75
False 0.25

2470(456)*
True 0.75
False 0.25

2467(371)
True 0.5
False 0.5

2467(371)*
True 0.5
False 0.5

2464(287)*
True 0.5
False 0.5

2469(458)
True 0.75
False 0.25

2469(458)*
True 0.75
False 0.25

2515(553)
True 0.9375
False 0.0625

2515(553)*
True 0.9375
False 0.0625

2524(576)
True 0.9961
False 0.0039

2524(576)*
True 0.9961
False 0.0039

2521(595)
True 0.9375
False 0.0625

2521(595)*
True 0.9375
False 0.0625

2518(418)*
True 0.9375
False 0.0625

2523(653)
True 0.9961
False 0.0039

2523(653)*
True 0.9961
False 0.0039

2538(730)
True 1.0
False 0.0

2542(824)
True 1.0
False 0.0

2542(824)*
True 1.0
False 0.0

2450(237)
True 0.5
False 0.5

2450(237)*
True 0.5
False 0.5

2443(227)*
True 0.5
False 0.5

1494(328)
True 0.75
False 0.25

1494(328)*
True 0.75
False 0.25

2449(238)
True 0.5
False 0.5

2449(238)*
True 0.5
False 0.5

2446(228)*
True 0.5
False 0.5

1493(327)
True 0.75
False 0.25

1493(327)*
True 0.75
False 0.25

1495(419)
True 0.9375
False 0.0625

1521(541)
True 0.9375
False 0.0625

2434(241)
True 0.5
False 0.5

2434(241)*
True 0.5
False 0.5

2427(223)*
True 0.5
False 0.5

1476(332)
True 0.75
False 0.25

1476(332)*
True 0.75
False 0.25

2433(242)
True 0.5
False 0.5

2433(242)*
True 0.5
False 0.5

2430(224)*
True 0.5
False 0.5

1475(331)
True 0.75
False 0.25

1475(331)*
True 0.75
False 0.25

1477(421)
True 0.9375
False 0.0625

2442(239)
True 0.5
False 0.5

2442(239)*
True 0.5
False 0.5

2435(225)*
True 0.5
False 0.5

1485(330)
True 0.75
False 0.25

1485(330)*
True 0.75
False 0.25

2441(240)
True 0.5
False 0.5

2441(240)*
True 0.5
False 0.5

2438(226)*
True 0.5
False 0.5

1484(329)
True 0.75
False 0.25

1484(329)*
True 0.75
False 0.25

1486(420)
True 0.9375
False 0.0625

1538(580)
True 0.824
False 0.176

1538(580)*
True 0.824
False 0.176

1524(579)
True 0.9375
False 0.0625

1481(543)
True 0.9375
False 0.0625

1537(654)
True 0.824
False 0.176

1537(654)*
True 0.824
False 0.176

1539(732)
True 0.6789
False 0.3211

1539(732)*
True 0.6789
False 0.3211

1525(540)
True 0.9375
False 0.0625

1490(542)
True 0.9375
False 0.0625

1541(577)
True 0.824
False 0.176

1541(577)*
True 0.824
False 0.176

1528(578)
True 0.9375
False 0.0625

1540(655)
True 0.824
False 0.176

1540(655)*
True 0.824
False 0.176

1542(731)
True 0.6789
False 0.3211

1542(731)*
True 0.6789
False 0.3211

2535(825)
True 0.8969
False 0.1031

2535(825)*
True 0.8969
False 0.1031

1550(901)
True 1.0
False 0.0

1550(901)*
True 1.0
False 0.0

2541(902)
True 0.8969
False 0.1031

2541(902)*
True 0.8969
False 0.1031

2538(730)*
True 1.0
False 0.0

1549(963)
True 1.0
False 0.0

1549(963)*
True 1.0
False 0.0

1091(1045)
True 1.0
False 0.0

1092(1106)
True 1.0
False 0.0

401(1276)
True 0.5
False 0.5

1087(1275)
True 0.5
False 0.5

1088(1421)
True 0.0
False 1.0

486(312)
True 0.5
False 0.5

487(403)
True 0.5
False 0.5

1062(699)
True 0.4138
False 0.5862

2134(787)
True 0.4138
False 0.5862

2138(880)
True 0.4138
False 0.5862

2138(880)*
True 0.4138
False 0.5862

1068(701)
True 0.4976
False 0.5024

2131(789)
True 0.4976
False 0.5024

2131(789)*
True 0.4976
False 0.5024

2140(943)
True 0.7055
False 0.2945

2140(943)*
True 0.7055
False 0.2945

2137(882)
True 0.4976
False 0.5024

2137(882)*
True 0.4976
False 0.5024

2134(787)*
True 0.4138
False 0.5862

2139(939)
True 0.7055
False 0.2945

2139(939)*
True 0.7055
False 0.2945

2200(1031)
True 0.9133
False 0.0867

2204(1079)
True 0.9133
False 0.0867

2204(1079)*
True 0.9133
False 0.0867

1074(703)
True 0.4138
False 0.5862

2144(791)
True 0.4138
False 0.5862

2148(884)
True 0.4138
False 0.5862

2148(884)*
True 0.4138
False 0.5862

1080(705)
True 0.4138
False 0.5862

2141(793)
True 0.4138
False 0.5862

2141(793)*
True 0.4138
False 0.5862

2150(949)
True 0.6564
False 0.3436

2150(949)*
True 0.6564
False 0.3436

2147(888)
True 0.4138
False 0.5862

2147(888)*
True 0.4138
False 0.5862

2144(791)*
True 0.4138
False 0.5862

2149(947)
True 0.6564
False 0.3436

2149(947)*
True 0.6564
False 0.3436

2197(1033)
True 0.8819
False 0.1181

2197(1033)*
True 0.8819
False 0.1181

2206(1149)
True 0.9898
False 0.0102

2206(1149)*
True 0.9898
False 0.0102

2203(1081)
True 0.8819
False 0.1181

2203(1081)*
True 0.8819
False 0.1181

2200(1031)*
True 0.9133
False 0.0867

2205(1147)
True 0.9898
False 0.0102

2205(1147)*
True 0.9898
False 0.0102

2230(1206)
True 0.9999
False 0.0001

2234(1263)
True 0.9999
False 0.0001

2234(1263)*
True 0.9999
False 0.0001

2126(785)
True 0.4138
False 0.5862

2130(875)
True 0.4138
False 0.5862

2130(875)*
True 0.4138
False 0.5862

2123(697)
True 0.4138
False 0.5862

2123(697)*
True 0.4138
False 0.5862

588(936)
True 0.6564
False 0.3436

588(936)*
True 0.6564
False 0.3436

2129(786)
True 0.4138
False 0.5862

2129(786)*
True 0.4138
False 0.5862

2126(785)*
True 0.4138
False 0.5862

587(874)
True 0.6564
False 0.3436

587(874)*
True 0.6564
False 0.3436

589(1026)
True 0.8819
False 0.1181

613(1078)
True 0.8819
False 0.1181

1028(617)
True 0.4138
False 0.5862

2110(685)
True 0.4138
False 0.5862

2114(771)
True 0.4138
False 0.5862

2114(771)*
True 0.4138
False 0.5862

2107(706)
True 0.4138
False 0.5862

2107(706)*
True 0.4138
False 0.5862

570(890)
True 0.6564
False 0.3436

570(890)*
True 0.6564
False 0.3436

2113(795)
True 0.4138
False 0.5862

2113(795)*
True 0.4138
False 0.5862

2110(685)*
True 0.4138
False 0.5862

569(864)
True 0.6564
False 0.3436

569(864)*
True 0.6564
False 0.3436

571(929)
True 0.8819
False 0.1181

2118(688)
True 0.4138
False 0.5862

2122(774)
True 0.4138
False 0.5862

2122(774)*
True 0.4138
False 0.5862

2115(780)
True 0.4138
False 0.5862

2115(780)*
True 0.4138
False 0.5862

579(866)
True 0.6564
False 0.3436

579(866)*
True 0.6564
False 0.3436

2121(869)
True 0.4138
False 0.5862

2121(869)*
True 0.4138
False 0.5862

2118(688)*
True 0.4138
False 0.5862

578(931)
True 0.6564
False 0.3436

578(931)*
True 0.6564
False 0.3436

580(1023)
True 0.8819
False 0.1181

630(1141)
True 0.686
False 0.314

630(1141)*
True 0.686
False 0.314

616(1146)
True 0.8819
False 0.1181

575(1021)
True 0.8819
False 0.1181

629(1199)
True 0.686
False 0.314

629(1199)*
True 0.686
False 0.314

631(1255)
True 0.4706
False 0.5294

631(1255)*
True 0.4706
False 0.5294

617(1077)
True 0.8819
False 0.1181

584(1074)
True 0.8819
False 0.1181

633(1142)
True 0.686
False 0.314

633(1142)*
True 0.686
False 0.314

620(1145)
True 0.8819
False 0.1181

632(1198)
True 0.686
False 0.314

632(1198)*
True 0.686
False 0.314

634(1256)
True 0.4706
False 0.5294

634(1256)*
True 0.4706
False 0.5294

2227(1308)
True 0.7197
False 0.2803

2227(1308)*
True 0.7197
False 0.2803

642(1345)
True 1.0
False 0.0

642(1345)*
True 1.0
False 0.0

2233(1338)
True 0.7197
False 0.2803

2233(1338)*
True 0.7197
False 0.2803

2230(1206)*
True 0.9999
False 0.0001

641(1365)
True 1.0
False 0.0

641(1365)*
True 1.0
False 0.0

643(1379)
True 1.0
False 0.0

644(1391)
True 1.0
False 0.0

397(1406)
True 0.5
False 0.5

1027(1407)
True 0.5
False 0.5

2658(611)
True 0.4138
False 0.5862

2662(679)
True 0.4138
False 0.5862

2662(679)*
True 0.4138
False 0.5862

2655(613)
True 0.4138
False 0.5862

2655(613)*
True 0.4138
False 0.5862

2664(768)
True 0.6564
False 0.3436

2664(768)*
True 0.6564
False 0.3436

2661(680)
True 0.4138
False 0.5862

2661(680)*
True 0.4138
False 0.5862

2658(611)*
True 0.4138
False 0.5862

2663(767)
True 0.6564
False 0.3436

2663(767)*
True 0.6564
False 0.3436

2712(861)
True 0.8819
False 0.1181

2716(928)
True 0.8819
False 0.1181

2716(928)*
True 0.8819
False 0.1181

2668(614)
True 0.4138
False 0.5862

2672(682)
True 0.4138
False 0.5862

2672(682)*
True 0.4138
False 0.5862

2665(582)
True 0.6836
False 0.3164

2665(582)*
True 0.6836
False 0.3164

2674(734)
True 0.8145
False 0.1855

2674(734)*
True 0.8145
False 0.1855

2671(658)
True 0.6836
False 0.3164

2671(658)*
True 0.6836
False 0.3164

2668(614)*
True 0.4138
False 0.5862

2673(769)
True 0.8145
False 0.1855

2673(769)*
True 0.8145
False 0.1855

2709(827)
True 0.9656
False 0.0344

2709(827)*
True 0.9656
False 0.0344

2718(965)
True 0.9959
False 0.0041

2718(965)*
True 0.9959
False 0.0041

2715(904)
True 0.9656
False 0.0344

2715(904)*
True 0.9656
False 0.0344

2712(861)*
True 0.8819
False 0.1181

2717(1018)
True 0.9959
False 0.0041

2717(1018)*
True 0.9959
False 0.0041

2722(1047)
True 1.0
False 0.0

2726(1107)
True 1.0
False 0.0

2726(1107)*
True 1.0
False 0.0

2650(606)
True 0.4138
False 0.5862

2654(677)
True 0.4138
False 0.5862

2654(677)*
True 0.4138
False 0.5862

2647(608)
True 0.4138
False 0.5862

2647(608)*
True 0.4138
False 0.5862

1771(766)
True 0.6564
False 0.3436

1771(766)*
True 0.6564
False 0.3436

2653(678)
True 0.4138
False 0.5862

2653(678)*
True 0.4138
False 0.5862

2650(606)*
True 0.4138
False 0.5862

1770(765)
True 0.6564
False 0.3436

1770(765)*
True 0.6564
False 0.3436

1772(860)
True 0.8819
False 0.1181

1798(927)
True 0.8819
False 0.1181

1681(380)
True 0.125
False 0.875

1680(470)
True 0.125
False 0.875

1679(479)
True 0.125
False 0.875

1678(461)
True 0.125
False 0.875

2634(555)
True 0.4138
False 0.5862

2638(602)
True 0.4138
False 0.5862

2638(602)*
True 0.4138
False 0.5862

2631(615)
True 0.4138
False 0.5862

2631(615)*
True 0.4138
False 0.5862

1753(674)
True 0.6564
False 0.3436

1753(674)*
True 0.6564
False 0.3436

2637(683)
True 0.4138
False 0.5862

2637(683)*
True 0.4138
False 0.5862

2634(555)*
True 0.4138
False 0.5862

1752(762)
True 0.6564
False 0.3436

1752(762)*
True 0.6564
False 0.3436

1754(854)
True 0.8819
False 0.1181

2642(603)
True 0.4138
False 0.5862

2646(675)
True 0.4138
False 0.5862

2646(675)*
True 0.4138
False 0.5862

2639(605)
True 0.4138
False 0.5862

2639(605)*
True 0.4138
False 0.5862

1762(764)
True 0.6564
False 0.3436

1762(764)*
True 0.6564
False 0.3436

2645(676)
True 0.4138
False 0.5862

2645(676)*
True 0.4138
False 0.5862

2642(603)*
True 0.4138
False 0.5862

1761(763)
True 0.6564
False 0.3436

1761(763)*
True 0.6564
False 0.3436

1763(857)
True 0.8819
False 0.1181

1815(1010)
True 0.686
False 0.314

1815(1010)*
True 0.686
False 0.314

1801(1017)
True 0.8819
False 0.1181

1758(924)
True 0.8819
False 0.1181

1814(1069)
True 0.686
False 0.314

1814(1069)*
True 0.686
False 0.314

1816(1127)
True 0.4706
False 0.5294

1816(1127)*
True 0.4706
False 0.5294

1802(926)
True 0.8819
False 0.1181

1767(925)
True 0.8819
False 0.1181

1818(1011)
True 0.686
False 0.314

1818(1011)*
True 0.686
False 0.314

1805(1016)
True 0.8819
False 0.1181

1817(1066)
True 0.686
False 0.314

1817(1066)*
True 0.686
False 0.314

1819(1128)
True 0.4706
False 0.5294

1819(1128)*
True 0.4706
False 0.5294

2719(1190)
True 0.7197
False 0.2803

2719(1190)*
True 0.7197
False 0.2803

1827(1238)
True 1.0
False 0.0

1827(1238)*
True 1.0
False 0.0

2725(1247)
True 0.7197
False 0.2803

2725(1247)*
True 0.7197
False 0.2803

2722(1047)*
True 1.0
False 0.0

1826(1299)
True 1.0
False 0.0

1826(1299)*
True 1.0
False 0.0

686(1329)
True 1.0
False 0.0

687(1357)
True 1.0
False 0.0

395(1392)
True 0.5
False 0.5

690(1393)
True 0.5
False 0.5

1085(1408)
True 0.25
False 0.75

308(1425)
True 0.0
False 1.0

225(1424)
True 0.0
False 1.0

885(596)
True 0.2069
False 0.7931

887(597)
True 0.2069
False 0.7931

893(598)
True 0.2069
False 0.7931

883(668)
True 0.2069
False 0.7931

891(669)
True 0.2069
False 0.7931

889(670)
True 0.2069
False 0.7931

2164(686)
True 0.4138
False 0.5862

2172(690)
True 0.4138
False 0.5862

2161(707)
True 0.4138
False 0.5862

897(755)
True 0.371
False 0.629

898(756)
True 0.371
False 0.629

886(757)
True 0.3535
False 0.6465

592(760)
True 0.7069
False 0.2931

2168(772)
True 0.4138
False 0.5862

2176(776)
True 0.4138
False 0.5862

2169(782)
True 0.4138
False 0.5862

2180(788)
True 0.4138
False 0.5862

2177(790)
True 0.4976
False 0.5024

2190(792)
True 0.4138
False 0.5862

2187(794)
True 0.4138
False 0.5862

2167(796)
True 0.4138
False 0.5862

896(846)
True 0.4872
False 0.5128

596(853)
True 0.7069
False 0.2931

2167(796)*
True 0.4138
False 0.5862

2164(686)*
True 0.4138
False 0.5862

599(865)
True 0.6564
False 0.3436

2176(776)*
True 0.4138
False 0.5862

2169(782)*
True 0.4138
False 0.5862

609(867)
True 0.6564
False 0.3436

2175(871)
True 0.4138
False 0.5862

2184(881)
True 0.4138
False 0.5862

2183(883)
True 0.4976
False 0.5024

2194(885)
True 0.4138
False 0.5862

2193(889)
True 0.4138
False 0.5862

2168(772)*
True 0.4138
False 0.5862

2161(707)*
True 0.4138
False 0.5862

600(891)
True 0.6564
False 0.3436

600(891)*
True 0.6564
False 0.3436

599(865)*
True 0.6564
False 0.3436

601(930)
True 0.8819
False 0.1181

2175(871)*
True 0.4138
False 0.5862

2172(690)*
True 0.4138
False 0.5862

608(932)
True 0.6564
False 0.3436

2183(883)*
True 0.4976
False 0.5024

2180(788)*
True 0.4138
False 0.5862

2185(940)
True 0.7055
False 0.2945

2184(881)*
True 0.4138
False 0.5862

2177(790)*
True 0.4976
False 0.5024

2186(944)
True 0.7055
False 0.2945

2193(889)*
True 0.4138
False 0.5862

2190(792)*
True 0.4138
False 0.5862

2195(948)
True 0.6564
False 0.3436

2194(885)*
True 0.4138
False 0.5862

2187(794)*
True 0.4138
False 0.5862

2196(950)
True 0.6564
False 0.3436

605(1022)
True 0.8819
False 0.1181

609(867)*
True 0.6564
False 0.3436

608(932)*
True 0.6564
False 0.3436

610(1024)
True 0.8819
False 0.1181

2186(944)*
True 0.7055
False 0.2945

2185(940)*
True 0.7055
False 0.2945

2220(1032)
True 0.9133
False 0.0867

2196(950)*
True 0.6564
False 0.3436

2195(948)*
True 0.6564
False 0.3436

2217(1034)
True 0.8819
False 0.1181

621(1075)
True 0.8819
False 0.1181

625(1076)
True 0.8819
False 0.1181

2224(1080)
True 0.9133
False 0.0867

2223(1082)
True 0.8819
False 0.1181

636(1125)
True 0.5498
False 0.4502

639(1126)
True 0.5498
False 0.4502

624(1143)
True 0.8819
False 0.1181

628(1144)
True 0.8819
False 0.1181

2223(1082)*
True 0.8819
False 0.1181

2220(1032)*
True 0.9133
False 0.0867

2225(1148)
True 0.9898
False 0.0102

2224(1080)*
True 0.9133
False 0.0867

2217(1034)*
True 0.8819
False 0.1181

2226(1150)
True 0.9898
False 0.0102

638(1188)
True 0.5498
False 0.4502

635(1189)
True 0.5498
False 0.4502

2226(1150)*
True 0.9898
False 0.0102

2225(1148)*
True 0.9898
False 0.0102

2246(1207)
True 0.9999
False 0.0001

636(1125)*
True 0.5498
False 0.4502

635(1189)*
True 0.5498
False 0.4502

637(1245)
True 0.3023
False 0.6977

639(1126)*
True 0.5498
False 0.4502

638(1188)*
True 0.5498
False 0.4502

640(1246)
True 0.3023
False 0.6977

2250(1264)
True 0.9999
False 0.0001

637(1245)*
True 0.3023
False 0.6977

640(1246)*
True 0.3023
False 0.6977

2243(1300)
True 0.5132
False 0.4868

2249(1331)
True 0.5132
False 0.4868

2250(1264)*
True 0.9999
False 0.0001

2243(1300)*
True 0.5132
False 0.4868

649(1346)
True 0.9999
False 0.0001

2249(1331)*
True 0.5132
False 0.4868

2246(1207)*
True 0.9999
False 0.0001

648(1366)
True 0.9999
False 0.0001

649(1346)*
True 0.9999
False 0.0001

648(1366)*
True 0.9999
False 0.0001

650(1380)
True 1.0
False 0.0

884(1386)
True 0.5
False 0.5

895(1396)
True 0.6035
False 0.3965

169(114)
True 0.5
False 0.5

174(115)
True 0.5
False 0.5

177(116)
True 0.5
False 0.5

178(117)
True 0.5
False 0.5

179(118)
True 0.5
False 0.5

180(119)
True 0.5
False 0.5

181(120)
True 0.5
False 0.5

182(121)
True 0.5
False 0.5

183(122)
True 0.5
False 0.5

184(123)
True 0.5
False 0.5

185(124)
True 0.5
False 0.5

186(125)
True 0.5
False 0.5

189(126)
True 0.5
False 0.5

190(127)
True 0.5
False 0.5

191(128)
True 0.5
False 0.5

192(129)
True 0.5
False 0.5

193(130)
True 0.5
False 0.5

194(131)
True 0.5
False 0.5

195(132)
True 0.5
False 0.5

196(133)
True 0.5
False 0.5

197(134)
True 0.5
False 0.5

198(135)
True 0.5
False 0.5

199(136)
True 0.5
False 0.5

200(137)
True 0.5
False 0.5

201(138)
True 0.5
False 0.5

202(139)
True 0.5
False 0.5

203(140)
True 0.5
False 0.5

204(141)
True 0.5
False 0.5

205(142)
True 0.5
False 0.5

206(143)
True 0.5
False 0.5

207(144)
True 0.5
False 0.5

208(145)
True 0.5
False 0.5

209(146)
True 0.5
False 0.5

210(147)
True 0.5
False 0.5

211(148)
True 0.5
False 0.5

212(149)
True 0.5
False 0.5

213(150)
True 0.5
False 0.5

214(151)
True 0.5
False 0.5

215(152)
True 0.5
False 0.5

239(153)
True 0.5
False 0.5

240(154)
True 0.5
False 0.5

241(155)
True 0.5
False 0.5

242(156)
True 0.5
False 0.5

243(157)
True 0.5
False 0.5

244(158)
True 0.5
False 0.5

245(159)
True 0.5
False 0.5

246(160)
True 0.5
False 0.5

247(161)
True 0.5
False 0.5

248(162)
True 0.5
False 0.5

249(163)
True 0.5
False 0.5

250(164)
True 0.5
False 0.5

251(165)
True 0.5
False 0.5

252(166)
True 0.5
False 0.5

253(167)
True 0.5
False 0.5

254(168)
True 0.5
False 0.5

255(169)
True 0.5
False 0.5

256(170)
True 0.5
False 0.5

257(171)
True 0.5
False 0.5

262(172)
True 0.5
False 0.5

263(173)
True 0.5
False 0.5

264(174)
True 0.5
False 0.5

265(175)
True 0.5
False 0.5

266(176)
True 0.5
False 0.5

267(177)
True 0.5
False 0.5

268(178)
True 0.5
False 0.5

269(179)
True 0.5
False 0.5

270(180)
True 0.5
False 0.5

271(181)
True 0.5
False 0.5

272(182)
True 0.5
False 0.5

273(183)
True 0.5
False 0.5

274(184)
True 0.5
False 0.5

275(185)
True 0.5
False 0.5

276(186)
True 0.5
False 0.5

277(187)
True 0.5
False 0.5

278(188)
True 0.5
False 0.5

279(189)
True 0.5
False 0.5

350(301)
True 0.5
False 0.5

335(299)
True 0.5
False 0.5

409(298)
True 0.5
False 0.5

369(289)
True 0.5
False 0.5

367(288)
True 0.5
False 0.5

411(264)
True 0.5
False 0.5

337(263)
True 0.5
False 0.5

384(262)
True 0.5
False 0.5

284(847)
True 0.371
False 0.629

321(848)
True 0.371
False 0.629

297(849)
True 0.371
False 0.629

280(850)
True 0.371
False 0.629

282(922)
True 0.4872
False 0.5128

323(923)
True 0.4872
False 0.5128

295(1400)
True 0.6035
False 0.3965

331(1401)
True 0.6035
False 0.3965

