54P20
True 0.5
False 0.5

288P109
True 0.5
False 0.5

83P31
True 0.5
False 0.5

3724P170
True 0.5
False 0.5

118P48
True 0.5
False 0.5

11P2
True 0.5
False 0.5

514P147
True 0.5
False 0.5

49P17
True 0.5
False 0.5

88P34
True 0.5
False 0.5

503P146
True 0.5
False 0.5

242P97
True 0.5
False 0.5

479P144
True 0.5
False 0.5

43P15
True 0.5
False 0.5

446P141
True 0.5
False 0.5

53P19
True 0.5
False 0.5

273P106
True 0.5
False 0.5

97P37
True 0.5
False 0.5

4087P171
True 0.5
False 0.5

81P29
True 0.5
False 0.5

293P112
True 0.5
False 0.5

191P82
True 0.5
False 0.5

217P90
True 0.5
False 0.5

87P33
True 0.5
False 0.5

234P95
True 0.5
False 0.5

358P128
True 0.5
False 0.5

3546P165
True 0.5
False 0.5

545P150
True 0.5
False 0.5

4089P173
True 0.5
False 0.5

176P77
True 0.5
False 0.5

73P25
True 0.5
False 0.5

14P3
True 0.5
False 0.5

164P73
True 0.5
False 0.5

245P98
True 0.5
False 0.5

24P7
True 0.5
False 0.5

369P131
True 0.5
False 0.5

264P103
True 0.5
False 0.5

272P105
True 0.5
False 0.5

114P44
True 0.5
False 0.5

129P57
True 0.5
False 0.5

210P89
True 0.5
False 0.5

20P5
True 0.5
False 0.5

332P122
True 0.5
False 0.5

324P120
True 0.5
False 0.5

372P132
True 0.5
False 0.5

422P139
True 0.5
False 0.5

179P78
True 0.5
False 0.5

1497P156
True 0.5
False 0.5

46P16
True 0.5
False 0.5

82P30
True 0.5
False 0.5

86P32
True 0.5
False 0.5

4090P174
True 0.5
False 0.5

76P26
True 0.5
False 0.5

308P116
True 0.5
False 0.5

361P129
True 0.5
False 0.5

167P74
True 0.5
False 0.5

137P63
True 0.5
False 0.5

3548P166
True 0.5
False 0.5

4092P176
True 0.5
False 0.5

559P154
True 0.5
False 0.5

79P27
True 0.5
False 0.5

141P65
True 0.5
False 0.5

158P71
True 0.5
False 0.5

315P117
True 0.5
False 0.5

115P45
True 0.5
False 0.5

135P61
True 0.5
False 0.5

40P14
True 0.5
False 0.5

109P41
True 0.5
False 0.5

182P79
True 0.5
False 0.5

374P134
True 0.5
False 0.5

552P152
True 0.5
False 0.5

4091P175
True 0.5
False 0.5

389P136
True 0.5
False 0.5

194P83
True 0.5
False 0.5

128P56
True 0.5
False 0.5

136P62
True 0.5
False 0.5

100P38
True 0.5
False 0.5

386P135
True 0.5
False 0.5

132P60
True 0.5
False 0.5

61P21
True 0.5
False 0.5

126P54
True 0.5
False 0.5

17P4
True 0.5
False 0.5

37P13
True 0.5
False 0.5

140P64
True 0.5
False 0.5

331P121
True 0.5
False 0.5

26P9
True 0.5
False 0.5

257P102
True 0.5
False 0.5

233P94
True 0.5
False 0.5

94P36
True 0.5
False 0.5

400P137
True 0.5
False 0.5

335P123
True 0.5
False 0.5

103P39
True 0.5
False 0.5

373P133
True 0.5
False 0.5

1P0
True 0.5
False 0.5

3173P164
True 0.5
False 0.5

323P119
True 0.5
False 0.5

155P70
True 0.5
False 0.5

225P92
True 0.5
False 0.5

145P66
True 0.5
False 0.5

122P52
True 0.5
False 0.5

34P12
True 0.5
False 0.5

307P115
True 0.5
False 0.5

490P145
True 0.5
False 0.5

203P86
True 0.5
False 0.5

120P50
True 0.5
False 0.5

248P99
True 0.5
False 0.5

119P49
True 0.5
False 0.5

302P114
True 0.5
False 0.5

435P140
True 0.5
False 0.5

185P80
True 0.5
False 0.5

523P148
True 0.5
False 0.5

173P76
True 0.5
False 0.5

289P110
True 0.5
False 0.5

299P113
True 0.5
False 0.5

218P91
True 0.5
False 0.5

117P47
True 0.5
False 0.5

131P59
True 0.5
False 0.5

127P55
True 0.5
False 0.5

3550P167
True 0.5
False 0.5

206P87
True 0.5
False 0.5

348P126
True 0.5
False 0.5

25P8
True 0.5
False 0.5

197P84
True 0.5
False 0.5

2824P163
True 0.5
False 0.5

556P153
True 0.5
False 0.5

254P101
True 0.5
False 0.5

170P75
True 0.5
False 0.5

2174P161
True 0.5
False 0.5

366P130
True 0.5
False 0.5

292P111
True 0.5
False 0.5

351P127
True 0.5
False 0.5

281P108
True 0.5
False 0.5

209P88
True 0.5
False 0.5

1694P160
True 0.5
False 0.5

4088P172
True 0.5
False 0.5

562P155
True 0.5
False 0.5

468P143
True 0.5
False 0.5

226P93
True 0.5
False 0.5

1690P158
True 0.5
False 0.5

116P46
True 0.5
False 0.5

161P72
True 0.5
False 0.5

280P107
True 0.5
False 0.5

549P151
True 0.5
False 0.5

112P42
True 0.5
False 0.5

338P124
True 0.5
False 0.5

121P51
True 0.5
False 0.5

534P149
True 0.5
False 0.5

123P53
True 0.5
False 0.5

1691P159
True 0.5
False 0.5

64P22
True 0.5
False 0.5

70P24
True 0.5
False 0.5

1689P157
True 0.5
False 0.5

4P1
True 0.5
False 0.5

67P23
True 0.5
False 0.5

265P104
True 0.5
False 0.5

27P10
True 0.5
False 0.5

316P118
True 0.5
False 0.5

152P69
True 0.5
False 0.5

188P81
True 0.5
False 0.5

241P96
True 0.5
False 0.5

31P11
True 0.5
False 0.5

130P58
True 0.5
False 0.5

4115P177
True 0.5
False 0.5

80P28
True 0.5
False 0.5

251P100
True 0.5
False 0.5

3552P168
True 0.5
False 0.5

23P6
True 0.5
False 0.5

91P35
True 0.5
False 0.5

113P43
True 0.5
False 0.5

457P142
True 0.5
False 0.5

149P68
True 0.5
False 0.5

411P138
True 0.5
False 0.5

3717P169
True 0.5
False 0.5

146P67
True 0.5
False 0.5

106P40
True 0.5
False 0.5

2358P162
True 0.5
False 0.5

341P125
True 0.5
False 0.5

52P18
True 0.5
False 0.5

200P85
True 0.5
False 0.5

144P354
True 0.5
False 0.5

298P299
True 0.5
False 0.5

973P202
True 0.5
False 0.5

B3
True 0.5
False 0.5

594P224
True 0.5
False 0.5

B4
True 0.5
False 0.5

599P269
True 0.5
False 0.5

B5
True 0.5
False 0.5

600P259
True 0.5
False 0.5

B6
True 0.25
False 0.75

601P220
True 0.25
False 0.75

B7
True 0.5
False 0.5

602P222
True 0.5
False 0.5

B8
True 0.5
False 0.5

603P225
True 0.5
False 0.5

B9
True 0.5
False 0.5

604P223
True 0.5
False 0.5

B10
True 0.5
False 0.5

611P275
True 0.5
False 0.5

B11
True 0.5
False 0.5

612P263
True 0.5
False 0.5

B12
True 0.25
False 0.75

810P356
True 0.25
False 0.75

B13
True 0.5
False 0.5

848P330
True 0.5
False 0.5

B14
True 0.5
False 0.5

849P219
True 0.5
False 0.5

B15
True 0.5
False 0.5

850P217
True 0.5
False 0.5

B16
True 0.5
False 0.5

851P218
True 0.5
False 0.5

1P0_b
True 0.5
False 0.5

373P133_b
True 0.5
False 0.5

633P365
True 0.75
False 0.25

B17
True 0.75
False 0.25

634P665
True 0.75
False 0.25

3173P164_b
True 0.5
False 0.5

B18
True 0.25
False 0.75

815P627
True 0.25
False 0.75

2824P163_b
True 0.5
False 0.5

844P657
True 0.25
False 0.75

B19
True 0.25
False 0.75

845P845
True 0.25
False 0.75

846P254
True 0.25
False 0.75

B20
True 0.25
False 0.75

847P465
True 0.25
False 0.75

926P624
True 0.5
False 0.5

923P619
True 0.5
False 0.5

921P664
True 0.5
False 0.5

892P408
True 0.5
False 0.5

887P528
True 0.5
False 0.5

B26
True 0.5
False 0.5

606P407
True 0.5
False 0.5

140P64_b
True 0.5
False 0.5

2822P361
True 0.25
False 0.75

2822P361_b
True 0.25
False 0.75

B27
True 0.625
False 0.375

656P621
True 0.625
False 0.375

B28
True 0.25
False 0.75

809P655
True 0.25
False 0.75

993P850
True 0.5
False 0.5

978P851
True 0.5
False 0.5

949P852
True 0.5
False 0.5

939P853
True 0.5
False 0.5

889P734
True 0.5
False 0.5

B34
True 0.5
False 0.5

593P733
True 0.5
False 0.5

3176P362
True 0.25
False 0.75

2358P162_b
True 0.5
False 0.5

3196P640
True 0.25
False 0.75

3195P828
True 0.25
False 0.75

3197P953
True 0.4375
False 0.5625

635P1114
True 0.1094
False 0.8906

B35
True 0.1094
False 0.8906

636P1280
True 0.1094
False 0.8906

3199P639
True 0.25
False 0.75

3198P843
True 0.25
False 0.75

3200P952
True 0.4375
False 0.5625

703P1115
True 0.1094
False 0.8906

B36
True 0.1094
False 0.8906

704P1281
True 0.1094
False 0.8906

3202P638
True 0.25
False 0.75

3201P842
True 0.25
False 0.75

3203P951
True 0.4375
False 0.5625

716P1116
True 0.1094
False 0.8906

B37
True 0.1094
False 0.8906

717P1282
True 0.1094
False 0.8906

3193P641
True 0.25
False 0.75

3192P829
True 0.25
False 0.75

3194P954
True 0.4375
False 0.5625

819P1117
True 0.1094
False 0.8906

B38
True 0.1094
False 0.8906

820P1283
True 0.1094
False 0.8906

2881P678
True 0.125
False 0.875

2880P684
True 0.125
False 0.875

2879P960
True 0.0625
False 0.9375

2878P961
True 0.0625
False 0.9375

637P965
True 0.3271
False 0.6729

B39
True 0.1635
False 0.8365

639P1275
True 0.1635
False 0.8365

2877P679
True 0.125
False 0.875

2876P683
True 0.125
False 0.875

2875P956
True 0.0625
False 0.9375

2874P959
True 0.0625
False 0.9375

671P966
True 0.3271
False 0.6729

B40
True 0.1635
False 0.8365

673P1276
True 0.1635
False 0.8365

2869P677
True 0.125
False 0.875

2868P681
True 0.125
False 0.875

2866P958
True 0.0625
False 0.9375

2867P962
True 0.0625
False 0.9375

705P964
True 0.3271
False 0.6729

B41
True 0.1635
False 0.8365

707P1277
True 0.1635
False 0.8365

2873P680
True 0.125
False 0.875

2872P682
True 0.125
False 0.875

2870P955
True 0.0625
False 0.9375

2871P957
True 0.0625
False 0.9375

713P967
True 0.3271
False 0.6729

B42
True 0.1635
False 0.8365

715P1278
True 0.1635
False 0.8365

2906P525
True 0.25
False 0.75

302P114_b
True 0.5
False 0.5

2907P764
True 0.25
False 0.75

2908P930
True 0.4375
False 0.5625

2918P533
True 0.25
False 0.75

293P112_b
True 0.5
False 0.5

2920P747
True 0.25
False 0.75

2933P933
True 0.4375
False 0.5625

2933P933_b
True 0.4375
False 0.5625

2927P510
True 0.25
False 0.75

316P118_b
True 0.5
False 0.5

2929P749
True 0.25
False 0.75

2930P872
True 0.7187
False 0.2813

2913P428
True 0.125
False 0.875

2914P694
True 0.125
False 0.875

2915P873
True 0.2344
False 0.7656

2915P873_b
True 0.2344
False 0.7656

2942P1137
True 0.1685
False 0.8315

2942P1137_b
True 0.1685
False 0.8315

2909P431
True 0.125
False 0.875

308P116_b
True 0.5
False 0.5

2910P695
True 0.125
False 0.875

2911P874
True 0.2344
False 0.7656

2911P874_b
True 0.2344
False 0.7656

2922P518
True 0.25
False 0.75

2924P748
True 0.25
False 0.75

2925P875
True 0.7187
False 0.2813

2939P1144
True 0.1685
False 0.8315

2939P1144_b
True 0.1685
False 0.8315

595P1463
True 0.0054
False 0.9946

3546P165_b
True 0.5
False 0.5

2999P419
True 0.75
False 0.25

3552P168_b
True 0.5
False 0.5

2979P420
True 0.25
False 0.75

2979P420_b
True 0.25
False 0.75

3015P863
True 0.1875
False 0.8125

3015P863_b
True 0.1875
False 0.8125

3006P396
True 0.25
False 0.75

351P127_b
True 0.5
False 0.5

3548P166_b
True 0.5
False 0.5

3008P676
True 0.25
False 0.75

3009P856
True 0.7187
False 0.2813

2988P410
True 0.125
False 0.875

3550P167_b
True 0.5
False 0.5

2990P686
True 0.125
False 0.875

2991P857
True 0.2344
False 0.7656

2991P857_b
True 0.2344
False 0.7656

3021P1123
True 0.1685
False 0.8315

3021P1123_b
True 0.1685
False 0.8315

2982P413
True 0.125
False 0.875

341P125_b
True 0.5
False 0.5

2984P687
True 0.125
False 0.875

2985P858
True 0.2344
False 0.7656

2985P858_b
True 0.2344
False 0.7656

3001P395
True 0.25
False 0.75

3003P675
True 0.25
False 0.75

3004P859
True 0.7187
False 0.2813

3018P1126
True 0.1685
False 0.8315

3018P1126_b
True 0.1685
False 0.8315

2973P423
True 0.125
False 0.875

324P120_b
True 0.5
False 0.5

2975P691
True 0.125
False 0.875

2976P866
True 0.2344
False 0.7656

2976P866_b
True 0.2344
False 0.7656

2994P394
True 0.25
False 0.75

2996P674
True 0.25
False 0.75

2997P867
True 0.7187
False 0.2813

3012P1132
True 0.1685
False 0.8315

3012P1132_b
True 0.1685
False 0.8315

596P1412
True 0.0009
False 0.9991

3326P475
True 0.25
False 0.75

361P129_b
True 0.5
False 0.5

3327P766
True 0.25
False 0.75

3328P916
True 0.4375
False 0.5625

B43
True 0.0
False 1.0

598P1623
True 0.0
False 1.0

2595P387
True 0.25
False 0.75

218P91_b
True 0.5
False 0.5

2597P667
True 0.25
False 0.75

2598P880
True 0.7187
False 0.2813

2572P436
True 0.125
False 0.875

2574P698
True 0.125
False 0.875

2575P881
True 0.2344
False 0.7656

2575P881_b
True 0.2344
False 0.7656

2615P1155
True 0.1685
False 0.8315

2615P1155_b
True 0.1685
False 0.8315

2566P440
True 0.125
False 0.875

210P89_b
True 0.5
False 0.5

2568P700
True 0.125
False 0.875

2569P884
True 0.2344
False 0.7656

2569P884_b
True 0.2344
False 0.7656

2590P386
True 0.25
False 0.75

2592P666
True 0.25
False 0.75

2593P885
True 0.7187
False 0.2813

2611P1159
True 0.1685
False 0.8315

2611P1159_b
True 0.1685
False 0.8315

2605P389
True 0.25
False 0.75

234P95_b
True 0.5
False 0.5

2607P669
True 0.25
False 0.75

2608P890
True 0.7187
False 0.2813

2584P446
True 0.125
False 0.875

2586P704
True 0.125
False 0.875

2587P891
True 0.2344
False 0.7656

2587P891_b
True 0.2344
False 0.7656

2623P1167
True 0.1685
False 0.8315

2623P1167_b
True 0.1685
False 0.8315

2578P450
True 0.125
False 0.875

226P93_b
True 0.5
False 0.5

2580P706
True 0.125
False 0.875

2581P894
True 0.2344
False 0.7656

2581P894_b
True 0.2344
False 0.7656

2600P388
True 0.25
False 0.75

2602P668
True 0.25
False 0.75

2603P895
True 0.7187
False 0.2813

2619P1171
True 0.1685
False 0.8315

2619P1171_b
True 0.1685
False 0.8315

607P1425
True 0.0008
False 0.9992

2672P453
True 0.125
False 0.875

273P106_b
True 0.5
False 0.5

2674P707
True 0.125
False 0.875

2675P896
True 0.2344
False 0.7656

2675P896_b
True 0.2344
False 0.7656

2694P392
True 0.25
False 0.75

2696P672
True 0.25
False 0.75

2697P897
True 0.7187
False 0.2813

2713P1178
True 0.1685
False 0.8315

2713P1178_b
True 0.1685
False 0.8315

2689P391
True 0.25
False 0.75

265P104_b
True 0.5
False 0.5

2691P671
True 0.25
False 0.75

2692P902
True 0.7187
False 0.2813

2666P458
True 0.125
False 0.875

2668P710
True 0.125
False 0.875

2669P903
True 0.2344
False 0.7656

2669P903_b
True 0.2344
False 0.7656

2709P1183
True 0.1685
False 0.8315

2709P1183_b
True 0.1685
False 0.8315

2660P461
True 0.125
False 0.875

257P102_b
True 0.5
False 0.5

2662P711
True 0.125
False 0.875

2663P904
True 0.2344
False 0.7656

2663P904_b
True 0.2344
False 0.7656

2684P390
True 0.25
False 0.75

2686P670
True 0.25
False 0.75

2687P905
True 0.7187
False 0.2813

2705P1186
True 0.1685
False 0.8315

2705P1186_b
True 0.1685
False 0.8315

2699P393
True 0.25
False 0.75

281P108_b
True 0.5
False 0.5

2701P673
True 0.25
False 0.75

2702P910
True 0.7187
False 0.2813

2678P467
True 0.125
False 0.875

2680P714
True 0.125
False 0.875

2681P911
True 0.2344
False 0.7656

2681P911_b
True 0.2344
False 0.7656

2717P1191
True 0.1685
False 0.8315

2717P1191_b
True 0.1685
False 0.8315

608P1440
True 0.0008
False 0.9992

3341P768
True 0.25
False 0.75

206P87_b
True 0.5
False 0.5

3342P942
True 0.25
False 0.75

3343P1004
True 0.7187
False 0.2813

3329P702
True 0.125
False 0.875

3330P887
True 0.125
False 0.875

3331P1005
True 0.2344
False 0.7656

3331P1005_b
True 0.2344
False 0.7656

3350P1331
True 0.1685
False 0.8315

3350P1331_b
True 0.1685
False 0.8315

B44
True 0.0
False 1.0

610P1519
True 0.0
False 1.0

2762P581
True 0.25
False 0.75

335P123_b
True 0.5
False 0.5

2761P774
True 0.25
False 0.75

2794P947
True 0.4375
False 0.5625

2794P947_b
True 0.4375
False 0.5625

1305P1157
True 0.7188
False 0.2812

1305P1157_b
True 0.7187
False 0.2813

468P143_b
True 0.5
False 0.5

1306P1325
True 0.7187
False 0.2812

1306P1325_b
True 0.7187
False 0.2813

1307P1427
True 0.9209
False 0.0791

2764P587
True 0.25
False 0.75

2763P777
True 0.25
False 0.75

2798P948
True 0.4375
False 0.5625

2798P948_b
True 0.4375
False 0.5625

1287P1160
True 0.7188
False 0.2812

1287P1160_b
True 0.7187
False 0.2813

457P142_b
True 0.5
False 0.5

1288P1328
True 0.7187
False 0.2812

1288P1328_b
True 0.7187
False 0.2813

1289P1428
True 0.9209
False 0.0791

2766P593
True 0.25
False 0.75

2765P783
True 0.25
False 0.75

2802P950
True 0.4375
False 0.5625

2802P950_b
True 0.4375
False 0.5625

1276P1165
True 0.7188
False 0.2812

1276P1165_b
True 0.7187
False 0.2813

446P141_b
True 0.5
False 0.5

1277P1333
True 0.7188
False 0.2812

1277P1333_b
True 0.7187
False 0.2813

1278P1433
True 0.9209
False 0.0791

2760P575
True 0.25
False 0.75

2759P773
True 0.25
False 0.75

2788P945
True 0.4375
False 0.5625

2788P945_b
True 0.4375
False 0.5625

1420P1175
True 0.7188
False 0.2812

1420P1175_b
True 0.7188
False 0.2812

422P139_b
True 0.5
False 0.5

1421P1342
True 0.7187
False 0.2812

1421P1342_b
True 0.7187
False 0.2813

1422P1439
True 0.9209
False 0.0791

1437P1530
True 0.7192
False 0.2808

2758P569
True 0.25
False 0.75

2757P770
True 0.25
False 0.75

2784P944
True 0.4375
False 0.5625

2784P944_b
True 0.4375
False 0.5625

1330P1168
True 0.7188
False 0.2812

1330P1168_b
True 0.7187
False 0.2813

435P140_b
True 0.5
False 0.5

1331P1336
True 0.7187
False 0.2812

1331P1336_b
True 0.7187
False 0.2813

1332P1435
True 0.9209
False 0.0791

2752P544
True 0.25
False 0.75

2751P741
True 0.25
False 0.75

2772P937
True 0.4375
False 0.5625

2772P937_b
True 0.4375
False 0.5625

1388P1181
True 0.7188
False 0.2812

1388P1181_b
True 0.7187
False 0.2813

411P138_b
True 0.5
False 0.5

1389P1347
True 0.7187
False 0.2812

1389P1347_b
True 0.7187
False 0.2813

1390P1443
True 0.9209
False 0.0791

2754P551
True 0.25
False 0.75

2753P743
True 0.25
False 0.75

2776P939
True 0.4375
False 0.5625

2776P939_b
True 0.4375
False 0.5625

1363P1184
True 0.7188
False 0.2812

1363P1184_b
True 0.7187
False 0.2813

400P137_b
True 0.5
False 0.5

1364P1350
True 0.7187
False 0.2812

1364P1350_b
True 0.7187
False 0.2813

1365P1445
True 0.9209
False 0.0791

2756P558
True 0.25
False 0.75

2755P746
True 0.25
False 0.75

2780P940
True 0.4375
False 0.5625

2780P940_b
True 0.4375
False 0.5625

1342P1189
True 0.7188
False 0.2812

1342P1189_b
True 0.7187
False 0.2813

389P136_b
True 0.5
False 0.5

1343P1355
True 0.7187
False 0.2812

1343P1355_b
True 0.7187
False 0.2813

1344P1449
True 0.9209
False 0.0791

2750P537
True 0.25
False 0.75

2749P739
True 0.25
False 0.75

2767P936
True 0.4375
False 0.5625

2767P936_b
True 0.4375
False 0.5625

1428P1192
True 0.7188
False 0.2812

1428P1192_b
True 0.7187
False 0.2813

374P134_b
True 0.5
False 0.5

1429P1358
True 0.7187
False 0.2812

1429P1358_b
True 0.7187
False 0.2813

1430P1451
True 0.9209
False 0.0791

1451P1551
True 0.6623
False 0.3377

B45
True 0.4763
False 0.5237

588P1696
True 0.4763
False 0.5237

3134P521
True 0.25
False 0.75

332P122_b
True 0.5
False 0.5

3133P732
True 0.25
False 0.75

3165P927
True 0.4375
False 0.5625

3165P927_b
True 0.4375
False 0.5625

3136P529
True 0.25
False 0.75

3135P736
True 0.25
False 0.75

3167P931
True 0.4375
False 0.5625

3167P931_b
True 0.4375
False 0.5625

3130P505
True 0.25
False 0.75

3129P727
True 0.25
False 0.75

3155P924
True 0.4375
False 0.5625

3155P924_b
True 0.4375
False 0.5625

1757P1141
True 0.7188
False 0.2812

1757P1141_b
True 0.7187
False 0.2813

490P145_b
True 0.5
False 0.5

1756P1316
True 0.7187
False 0.2812

1756P1316_b
True 0.7187
False 0.2813

1758P1420
True 0.9209
False 0.0791

3132P513
True 0.25
False 0.75

3131P730
True 0.25
False 0.75

3161P926
True 0.4375
False 0.5625

3161P926_b
True 0.4375
False 0.5625

1729P1146
True 0.7188
False 0.2812

1729P1146_b
True 0.7187
False 0.2813

479P144_b
True 0.5
False 0.5

1728P1320
True 0.7187
False 0.2812

1728P1320_b
True 0.7187
False 0.2813

1730P1422
True 0.9209
False 0.0791

1843P1630
True 0.1623
False 0.8377

3121P472
True 0.25
False 0.75

3120P717
True 0.25
False 0.75

3137P914
True 0.4375
False 0.5625

3137P914_b
True 0.4375
False 0.5625

3126P492
True 0.25
False 0.75

3147P723
True 0.625
False 0.375

3147P723_b
True 0.625
False 0.375

1777P979
True 0.8125
False 0.1875

1777P979_b
True 0.8125
False 0.1875

514P147_b
True 0.5
False 0.5

1776P1131
True 0.8125
False 0.1875

1776P1131_b
True 0.8125
False 0.1875

1778P1307
True 0.9648
False 0.0352

3123P478
True 0.25
False 0.75

3122P719
True 0.25
False 0.75

3139P917
True 0.4375
False 0.5625

3139P917_b
True 0.4375
False 0.5625

1811P1125
True 0.7188
False 0.2812

1811P1125_b
True 0.7187
False 0.2813

534P149_b
True 0.5
False 0.5

1810P1300
True 0.7187
False 0.2812

1810P1300_b
True 0.7187
False 0.2813

1812P1404
True 0.9209
False 0.0791

3125P485
True 0.25
False 0.75

3124P721
True 0.25
False 0.75

3143P919
True 0.4375
False 0.5625

3143P919_b
True 0.4375
False 0.5625

1793P1128
True 0.7188
False 0.2812

1793P1128_b
True 0.7187
False 0.2813

523P148_b
True 0.5
False 0.5

1792P1303
True 0.7187
False 0.2812

1792P1303_b
True 0.7187
False 0.2813

1794P1406
True 0.9209
False 0.0791

3128P497
True 0.25
False 0.75

3127P724
True 0.25
False 0.75

3151P923
True 0.4375
False 0.5625

3151P923_b
True 0.4375
False 0.5625

1766P1135
True 0.7188
False 0.2812

1766P1135_b
True 0.7187
False 0.2813

503P146_b
True 0.5
False 0.5

1765P1311
True 0.7187
False 0.2812

1765P1311_b
True 0.7187
False 0.2813

1767P1417
True 0.9209
False 0.0791

1857P1608
True 0.3297
False 0.6703

B46
True 0.0535
False 0.9465

615P1750
True 0.0535
False 0.9465

2097P1138
True 0.7188
False 0.2812

2097P1138_b
True 0.7187
False 0.2813

2098P1314
True 0.7187
False 0.2812

2098P1314_b
True 0.7187
False 0.2813

2099P1419
True 0.9209
False 0.0791

1982P1150
True 0.7188
False 0.2812

1982P1150_b
True 0.7187
False 0.2813

1983P1321
True 0.7187
False 0.2812

1983P1321_b
True 0.7187
False 0.2813

1984P1423
True 0.9209
False 0.0791

2113P1632
True 0.1623
False 0.8377

2019P978
True 0.8125
False 0.1875

2019P978_b
True 0.8125
False 0.1875

2020P1130
True 0.8125
False 0.1875

2020P1130_b
True 0.8125
False 0.1875

2021P1306
True 0.9648
False 0.0352

2065P1124
True 0.7188
False 0.2812

2065P1124_b
True 0.7187
False 0.2813

2066P1299
True 0.7187
False 0.2812

2066P1299_b
True 0.7187
False 0.2813

2067P1403
True 0.9209
False 0.0791

2040P1129
True 0.7188
False 0.2812

2040P1129_b
True 0.7187
False 0.2813

2041P1304
True 0.7187
False 0.2812

2041P1304_b
True 0.7187
False 0.2813

2042P1408
True 0.9209
False 0.0791

2007P1134
True 0.7188
False 0.2812

2007P1134_b
True 0.7187
False 0.2813

2008P1310
True 0.7187
False 0.2812

2008P1310_b
True 0.7187
False 0.2813

2009P1416
True 0.9209
False 0.0791

2128P1619
True 0.3297
False 0.6703

B47
True 0.0535
False 0.9465

626P1752
True 0.0535
False 0.9465

1051P1156
True 0.7188
False 0.2812

1051P1156_b
True 0.7187
False 0.2813

1050P1324
True 0.7187
False 0.2812

1050P1324_b
True 0.7187
False 0.2813

1052P1426
True 0.9209
False 0.0791

1033P1161
True 0.7188
False 0.2812

1033P1161_b
True 0.7187
False 0.2813

1032P1329
True 0.7187
False 0.2812

1032P1329_b
True 0.7187
False 0.2813

1034P1429
True 0.9209
False 0.0791

1022P1164
True 0.7188
False 0.2812

1022P1164_b
True 0.7187
False 0.2813

1021P1332
True 0.7188
False 0.2812

1021P1332_b
True 0.7187
False 0.2813

1023P1432
True 0.9209
False 0.0791

1079P1172
True 0.7188
False 0.2812

1079P1172_b
True 0.7188
False 0.2812

1078P1340
True 0.7187
False 0.2812

1078P1340_b
True 0.7187
False 0.2813

1080P1438
True 0.9209
False 0.0791

1166P1522
True 0.7192
False 0.2808

1088P1169
True 0.7188
False 0.2812

1088P1169_b
True 0.7187
False 0.2813

1087P1337
True 0.7187
False 0.2812

1087P1337_b
True 0.7187
False 0.2813

1089P1436
True 0.9209
False 0.0791

1133P1180
True 0.7188
False 0.2812

1133P1180_b
True 0.7187
False 0.2813

1132P1346
True 0.7187
False 0.2812

1132P1346_b
True 0.7187
False 0.2813

1134P1442
True 0.9209
False 0.0791

1115P1185
True 0.7188
False 0.2812

1115P1185_b
True 0.7187
False 0.2813

1114P1351
True 0.7187
False 0.2812

1114P1351_b
True 0.7187
False 0.2813

1116P1446
True 0.9209
False 0.0791

1099P1188
True 0.7188
False 0.2812

1099P1188_b
True 0.7187
False 0.2813

1098P1354
True 0.7187
False 0.2812

1098P1354_b
True 0.7187
False 0.2813

1100P1448
True 0.9209
False 0.0791

1151P1195
True 0.7188
False 0.2812

1151P1195_b
True 0.7187
False 0.2813

1150P1360
True 0.7187
False 0.2812

1150P1360_b
True 0.7187
False 0.2813

1152P1452
True 0.9209
False 0.0791

1179P1552
True 0.6623
False 0.3377

B48
True 0.4763
False 0.5237

632P1692
True 0.4763
False 0.5237

5106P728
True 0.75
False 0.25

5106P728_b
True 0.75
False 0.25

5107P729
True 0.75
False 0.25

5107P729_b
True 0.75
False 0.25

5209P925
True 0.9375
False 0.0625

5209P925_b
True 0.9375
False 0.0625

5116P731
True 0.75
False 0.25

5116P731_b
True 0.75
False 0.25

5117P735
True 0.75
False 0.25

5117P735_b
True 0.75
False 0.25

5206P929
True 0.9375
False 0.0625

5214P1220
True 0.9961
False 0.0039

5214P1220_b
True 0.9961
False 0.0039

5206P929_b
True 0.9375
False 0.0625

5215P1233
True 0.9961
False 0.0039

5215P1233_b
True 0.9961
False 0.0039

5239P1374
True 1.0
False 0.0

369P131_b
True 0.5
False 0.5

3422P716
True 0.75
False 0.25

3422P716_b
True 0.75
False 0.25

3423P718
True 0.75
False 0.25

3423P718_b
True 0.75
False 0.25

3424P913
True 0.9375
False 0.0625

3424P913_b
True 0.9375
False 0.0625

3431P720
True 0.75
False 0.25

3431P720_b
True 0.75
False 0.25

3432P722
True 0.75
False 0.25

3432P722_b
True 0.75
False 0.25

3433P918
True 0.9375
False 0.0625

3433P918_b
True 0.9375
False 0.0625

3517P1214
True 0.4395
False 0.5605

3517P1214_b
True 0.4395
False 0.5605

3516P1215
True 0.4395
False 0.5605

3516P1215_b
True 0.4395
False 0.5605

3518P1371
True 0.1931
False 0.8069

3518P1371_b
True 0.1931
False 0.8069

3514P1057
True 0.4395
False 0.5605

3514P1057_b
True 0.4395
False 0.5605

3513P1216
True 0.4395
False 0.5605

3513P1216_b
True 0.4395
False 0.5605

3515P1372
True 0.1931
False 0.8069

3515P1372_b
True 0.1931
False 0.8069

5236P1457
True 0.3489
False 0.6511

5236P1457_b
True 0.3489
False 0.6511

3532P1627
True 1.0
False 0.0

3532P1627_b
True 1.0
False 0.0

5239P1374_b
True 1.0
False 0.0

3531P1757
True 1.0
False 0.0

3531P1757_b
True 1.0
False 0.0

B49
True 1.0
False 0.0

1002P1920
True 1.0
False 0.0

5364P772
True 0.75
False 0.25

5364P772_b
True 0.75
False 0.25

5365P775
True 0.75
False 0.25

5365P775_b
True 0.75
False 0.25

5399P946
True 0.9375
False 0.0625

5375P776
True 0.75
False 0.25

5375P776_b
True 0.75
False 0.25

5374P949
True 0.75
False 0.25

5374P949_b
True 0.75
False 0.25

5396P1110
True 0.9375
False 0.0625

5396P1110_b
True 0.9375
False 0.0625

5405P1264
True 0.9961
False 0.0039

5405P1264_b
True 0.9961
False 0.0039

5399P946_b
True 0.9375
False 0.0625

5404P1397
True 0.9961
False 0.0039

5404P1397_b
True 0.9961
False 0.0039

5425P1470
True 1.0
False 0.0

289P110_b
True 0.5
False 0.5

3895P738
True 0.75
False 0.25

3895P738_b
True 0.75
False 0.25

3896P740
True 0.75
False 0.25

3896P740_b
True 0.75
False 0.25

3897P935
True 0.9375
False 0.0625

3904P742
True 0.75
False 0.25

3904P742_b
True 0.75
False 0.25

3905P744
True 0.75
False 0.25

3905P744_b
True 0.75
False 0.25

3906P938
True 0.9375
False 0.0625

3913P745
True 0.75
False 0.25

3913P745_b
True 0.75
False 0.25

3914P771
True 0.75
False 0.25

3914P771_b
True 0.75
False 0.25

3915P941
True 0.9375
False 0.0625

3955P1242
True 0.824
False 0.176

3955P1242_b
True 0.824
False 0.176

3897P935_b
True 0.9375
False 0.0625

3915P941_b
True 0.9375
False 0.0625

3954P1392
True 0.824
False 0.176

3954P1392_b
True 0.824
False 0.176

3956P1465
True 0.6789
False 0.3211

3956P1465_b
True 0.6789
False 0.3211

3906P938_b
True 0.9375
False 0.0625

3958P1243
True 0.824
False 0.176

3958P1243_b
True 0.824
False 0.176

3957P1389
True 0.824
False 0.176

3957P1389_b
True 0.824
False 0.176

3959P1466
True 0.6789
False 0.3211

3959P1466_b
True 0.6789
False 0.3211

5422P1638
True 0.8969
False 0.1031

5422P1638_b
True 0.8969
False 0.1031

3967P1769
True 1.0
False 0.0

3967P1769_b
True 1.0
False 0.0

5425P1470_b
True 1.0
False 0.0

3966P1862
True 1.0
False 0.0

3966P1862_b
True 1.0
False 0.0

B50
True 1.0
False 0.0

1004P1977
True 1.0
False 0.0

1286P1007
True 0.2188
False 0.7812

1318P997
True 0.2188
False 0.7812

1440P1534
True 0.1855
False 0.8145

1301P1000
True 0.2188
False 0.7812

1439P1539
True 0.2014
False 0.7986

1324P1017
True 0.2188
False 0.7812

1441P1563
True 0.1708
False 0.8292

589P1711
True 0.5787
False 0.4213

1341P1010
True 0.2188
False 0.7812

1404P1021
True 0.2188
False 0.7812

1456P1578
True 0.1708
False 0.8292

1382P1024
True 0.2188
False 0.7812

1455P1585
True 0.1855
False 0.8145

1359P1029
True 0.2188
False 0.7812

1454P1593
True 0.2014
False 0.7986

1412P1033
True 0.2188
False 0.7812

1457P1597
True 0.1573
False 0.8427

1458P1719
True 0.645
False 0.355

590P1806
True 0.4639
False 0.5361

B51
True 0.7741
False 0.2259

591P1894
True 0.7741
False 0.2259

1742P992
True 0.2188
False 0.7812

1846P1147
True 0.0419
False 0.9581

1845P1226
True 0.1914
False 0.8086

1749P988
True 0.2188
False 0.7812

1847P1509
True 0.0386
False 0.9614

616P1763
True 0.581
False 0.419

1775P983
True 0.2188
False 0.7812

1823P971
True 0.2188
False 0.7812

1861P1482
True 0.179
False 0.821

1806P974
True 0.2188
False 0.7812

1860P1486
True 0.1944
False 0.8056

1789P865
True 0.3125
False 0.6875

1859P1495
True 0.2878
False 0.7122

1862P1610
True 0.3297
False 0.6703

1863P1675
True 0.7533
False 0.2467

617P1849
True 0.1223
False 0.8777

B52
True 0.6322
False 0.3678

618P1925
True 0.6322
False 0.3678

1031P1006
True 0.2188
False 0.7812

1064P996
True 0.2188
False 0.7812

1169P1525
True 0.1855
False 0.8145

1046P1001
True 0.2188
False 0.7812

1168P1542
True 0.2014
False 0.7986

1071P1014
True 0.2188
False 0.7812

1170P1555
True 0.1708
False 0.8292

619P1710
True 0.5787
False 0.4213

1097P1011
True 0.2188
False 0.7812

1145P1020
True 0.2188
False 0.7812

1183P1568
True 0.1708
False 0.8292

1128P1025
True 0.2188
False 0.7812

1182P1588
True 0.1855
False 0.8145

1111P1028
True 0.2188
False 0.7812

1181P1590
True 0.2014
False 0.7986

1160P1034
True 0.2188
False 0.7812

1184P1604
True 0.1573
False 0.8427

1185P1721
True 0.645
False 0.355

620P1800
True 0.4639
False 0.5361

B53
True 0.7741
False 0.2259

621P1893
True 0.7741
False 0.2259

1995P993
True 0.2188
False 0.7812

2116P1152
True 0.0419
False 0.9581

2115P1229
True 0.1914
False 0.8086

2001P987
True 0.2188
False 0.7812

2117P1504
True 0.0386
False 0.9614

627P1764
True 0.581
False 0.419

2018P982
True 0.2188
False 0.7812

2081P970
True 0.2188
False 0.7812

2133P1478
True 0.179
False 0.821

2059P975
True 0.2188
False 0.7812

2132P1489
True 0.1944
False 0.8056

2036P864
True 0.3125
False 0.6875

2131P1493
True 0.2878
False 0.7122

2134P1614
True 0.3297
False 0.6703

2135P1673
True 0.7533
False 0.2467

628P1853
True 0.1223
False 0.8777

B54
True 0.6322
False 0.3678

629P1926
True 0.6322
False 0.3678

4091P175_b
True 0.5
False 0.5

3838P804
True 0.125
False 0.875

4092P176_b
True 0.5
False 0.5

3333P473
True 0.25
False 0.75

3334P765
True 0.25
False 0.75

3335P915
True 0.4375
False 0.5625

3335P915_b
True 0.4375
False 0.5625

3836P1120
True 0.1094
False 0.8906

1876P1400
True 0.7188
False 0.2812

1876P1400_b
True 0.7188
False 0.2812

54P20_b
True 0.5
False 0.5

1877P1472
True 0.7188
False 0.2812

1877P1472_b
True 0.7188
False 0.2812

1878P1647
True 0.9209
False 0.0791

3837P1653
True 0.2302
False 0.7698

3848P1864
True 0.4001
False 0.5999

B55
True 0.4001
False 0.5999

822P1933
True 0.4001
False 0.5999

3841P806
True 0.125
False 0.875

3839P1291
True 0.0421
False 0.9579

1875P1279
True 0.2188
False 0.7812

4756P1363
True 0.5605
False 0.4395

1812P1404_b
True 0.9209
False 0.0791

1929P1751
True 0.9652
False 0.0348

1929P1751_b
True 0.9652
False 0.0348

4756P1363_b
True 0.5605
False 0.4395

1930P1840
True 0.9652
False 0.0348

1930P1840_b
True 0.9652
False 0.0348

1931P1914
True 0.9988
False 0.0012

3840P1935
True 0.2497
False 0.7503

3849P2024
True 0.3711
False 0.6289

B56
True 0.3711
False 0.6289

838P2064
True 0.3711
False 0.6289

3780P816
True 0.125
False 0.875

3778P1293
True 0.0421
False 0.9579

1152P1452_b
True 0.9209
False 0.0791

1198P1778
True 0.9604
False 0.0396

1198P1778_b
True 0.9604
False 0.0396

4P1_b
True 0.5
False 0.5

1199P1865
True 0.9604
False 0.0396

1199P1865_b
True 0.9604
False 0.0396

1200P1934
True 0.9984
False 0.0016

3779P1936
True 0.2496
False 0.7504

3790P2025
True 0.3711
False 0.6289

B57
True 0.3711
False 0.6289

861P2070
True 0.3711
False 0.6289

1902P1775
True 0.1648
False 0.8352

1903P1793
True 0.794
False 0.206

1849P1148
True 0.0957
False 0.9043

1850P1511
True 0.0881
False 0.9119

1851P1631
True 0.371
False 0.629

4684P1759
True 0.7083
False 0.2917

4684P1759_b
True 0.7083
False 0.2917

1882P1857
True 0.8359
False 0.1641

1882P1857_b
True 0.8359
False 0.1641

1881P1927
True 0.8359
False 0.1641

1881P1927_b
True 0.8359
False 0.1641

1883P1974
True 0.9731
False 0.0269

1935P1994
True 0.7726
False 0.2274

1903P1793_b
True 0.794
False 0.206

1852P1149
True 0.0957
False 0.9043

1852P1149_b
True 0.0957
False 0.9043

1853P1510
True 0.0881
False 0.9119

1853P1510_b
True 0.0881
False 0.9119

4692P1758
True 0.0037
False 0.9963

4692P1758_b
True 0.0037
False 0.9963

1885P1858
True 0.4396
False 0.5604

1885P1858_b
True 0.4396
False 0.5604

1884P1928
True 0.4396
False 0.5604

1884P1928_b
True 0.4396
False 0.5604

1886P1975
True 0.6859
False 0.3141

1886P1975_b
True 0.6859
False 0.3141

1934P2039
True 0.5446
False 0.4554

1936P2105
True 0.8964
False 0.1036

B58
True 0.8964
False 0.1036

623P2152
True 0.8964
False 0.1036

4087P171_b
True 0.5
False 0.5

4088P172_b
True 0.5
False 0.5

718P1867
True 0.1
False 0.9

719P2030
True 0.0928
False 0.9072

720P848
True 0.125
False 0.875

721P646
True 0.125
False 0.875

B59
True 0.3749
False 0.6251

722P2131
True 0.3749
False 0.6251

4069P837
True 0.125
False 0.875

4067P1284
True 0.0421
False 0.9579

1866P1407
True 0.2111
False 0.7889

1867P1481
True 0.1944
False 0.8056

1868P1609
True 0.358
False 0.642

1869P1645
True 0.179
False 0.821

4732P1670
True 0.7697
False 0.2303

4732P1670_b
True 0.7697
False 0.2303

1915P1790
True 0.9818
False 0.0182

1915P1790_b
True 0.9818
False 0.0182

1767P1417_b
True 0.9209
False 0.0791

1914P1875
True 0.9818
False 0.0182

1914P1875_b
True 0.9818
False 0.0182

1916P1940
True 0.9997
False 0.0003

4068P1980
True 0.2499
False 0.7501

4082P2071
True 0.3713
False 0.6287

B60
True 0.3713
False 0.6287

832P2133
True 0.3713
False 0.6287

3847P805
True 0.125
False 0.875

3845P963
True 0.0469
False 0.9531

1870P1483
True 0.2014
False 0.7986

1871P1612
True 0.371
False 0.629

1872P1648
True 0.1855
False 0.8145

4740P1661
True 0.6804
False 0.3196

4740P1661_b
True 0.6804
False 0.3196

1920P1789
True 0.9888
False 0.0112

1920P1789_b
True 0.9888
False 0.0112

1778P1307_b
True 0.9648
False 0.0352

1919P1874
True 0.9888
False 0.0112

1919P1874_b
True 0.9888
False 0.0112

1921P1939
True 0.9999
False 0.0001

3846P1982
True 0.25
False 0.75

3851P2063
True 0.3745
False 0.6255

B61
True 0.3745
False 0.6255

834P2123
True 0.3745
False 0.6255

3844P814
True 0.125
False 0.875

3842P1292
True 0.0421
False 0.9579

1873P1611
True 0.4029
False 0.5971

1874P1646
True 0.2014
False 0.7986

4748P1658
True 0.6275
False 0.3725

4748P1658_b
True 0.6275
False 0.3725

1925P1780
True 0.9705
False 0.0295

1925P1780_b
True 0.9705
False 0.0295

1794P1406_b
True 0.9209
False 0.0791

1924P1872
True 0.9705
False 0.0295

1924P1872_b
True 0.9705
False 0.0295

1926P1937
True 0.9991
False 0.0009

3843P1983
True 0.2498
False 0.7502

3850P2069
True 0.3712
False 0.6288

B62
True 0.3712
False 0.6288

836P2128
True 0.3712
False 0.6288

4089P173_b
True 0.5
False 0.5

4090P174_b
True 0.5
False 0.5

855P1866
True 0.1
False 0.9

856P2029
True 0.0928
False 0.9072

857P849
True 0.125
False 0.875

858P647
True 0.125
False 0.875

B63
True 0.3749
False 0.6251

859P2132
True 0.3749
False 0.6251

4011P811
True 0.125
False 0.875

4009P1287
True 0.0421
False 0.9579

1189P1567
True 0.1855
False 0.8145

1188P1587
True 0.2014
False 0.7986

1190P1603
True 0.1708
False 0.8292

1191P1649
True 0.3596
False 0.6404

4244P1739
True 0.7302
False 0.2698

4244P1739_b
True 0.7302
False 0.2698

1237P1818
True 0.9787
False 0.0213

1237P1818_b
True 0.9787
False 0.0213

1089P1436_b
True 0.9209
False 0.0791

1236P1896
True 0.9787
False 0.0213

1236P1896_b
True 0.9787
False 0.0213

1238P1953
True 0.9995
False 0.0005

4010P1981
True 0.2499
False 0.7501

4024P2068
True 0.3713
False 0.6287

B64
True 0.3713
False 0.6287

871P2127
True 0.3713
False 0.6287

3789P807
True 0.125
False 0.875

3787P1296
True 0.0421
False 0.9579

1192P1569
True 0.2014
False 0.7986

1193P1606
True 0.1855
False 0.8145

1194P1652
True 0.3905
False 0.6095

4252P1737
True 0.6903
False 0.3097

4252P1737_b
True 0.6903
False 0.3097

1242P1829
True 0.9755
False 0.0245

1242P1829_b
True 0.9755
False 0.0245

1100P1448_b
True 0.9209
False 0.0791

1241P1907
True 0.9755
False 0.0245

1241P1907_b
True 0.9755
False 0.0245

1243P1961
True 0.9994
False 0.0006

3788P1984
True 0.2498
False 0.7502

3793P2065
True 0.3713
False 0.6287

B65
True 0.3713
False 0.6287

873P2124
True 0.3713
False 0.6287

3786P808
True 0.125
False 0.875

3784P1295
True 0.0421
False 0.9579

1195P1605
True 0.2014
False 0.7986

1196P1651
True 0.424
False 0.576

4260P1727
True 0.6407
False 0.3593

4260P1727_b
True 0.6407
False 0.3593

1247P1822
True 0.9716
False 0.0284

1247P1822_b
True 0.9716
False 0.0284

1116P1446_b
True 0.9209
False 0.0791

1246P1906
True 0.9716
False 0.0284

1246P1906_b
True 0.9716
False 0.0284

1248P1959
True 0.9992
False 0.0008

3785P1985
True 0.2498
False 0.7502

3792P2066
True 0.3712
False 0.6288

B66
True 0.3712
False 0.6288

875P2125
True 0.3712
False 0.6288

3783P809
True 0.125
False 0.875

3781P1294
True 0.0421
False 0.9579

1197P1650
True 0.4604
False 0.5396

4268P1747
True 0.5785
False 0.4215

4268P1747_b
True 0.5785
False 0.4215

1252P1824
True 0.9667
False 0.0333

1252P1824_b
True 0.9667
False 0.0333

1134P1442_b
True 0.9209
False 0.0791

1251P1903
True 0.9667
False 0.0333

1251P1903_b
True 0.9667
False 0.0333

1253P1960
True 0.9989
False 0.0011

3782P1986
True 0.2497
False 0.7503

3791P2067
True 0.3712
False 0.6288

B67
True 0.3712
False 0.6288

877P2126
True 0.3712
False 0.6288

5150P1373
True 0.6836
False 0.3164

5150P1373_b
True 0.6836
False 0.3164

5151P1375
True 0.6836
False 0.3164

5151P1375_b
True 0.6836
False 0.3164

5219P1458
True 0.8999
False 0.1001

5219P1458_b
True 0.8999
False 0.1001

5160P1380
True 0.6836
False 0.3164

5160P1380_b
True 0.6836
False 0.3164

5161P1385
True 0.6836
False 0.3164

5161P1385_b
True 0.6836
False 0.3164

5216P1460
True 0.8999
False 0.1001

5224P1756
True 0.99
False 0.01

5224P1756_b
True 0.99
False 0.01

5216P1460_b
True 0.8999
False 0.1001

5225P1762
True 0.99
False 0.01

5225P1762_b
True 0.99
False 0.01

5247P1847
True 0.9999
False 0.0001

3119P470
True 0.25
False 0.75

3118P715
True 0.25
False 0.75

5126P912
True 0.4375
False 0.5625

3452P1196
True 0.6836
False 0.3164

3452P1196_b
True 0.6836
False 0.3164

5126P912_b
True 0.4375
False 0.5625

3453P1361
True 0.6836
False 0.3164

3453P1361_b
True 0.6836
False 0.3164

3454P1453
True 0.8999
False 0.1001

3444P1368
True 0.6836
False 0.3164

3444P1368_b
True 0.6836
False 0.3164

3443P1369
True 0.6836
False 0.3164

3443P1369_b
True 0.6836
False 0.3164

3445P1455
True 0.8999
False 0.1001

3462P1210
True 0.7891
False 0.2109

3462P1210_b
True 0.7891
False 0.2109

3461P1370
True 0.7891
False 0.2109

3461P1370_b
True 0.7891
False 0.2109

3463P1456
True 0.9555
False 0.0445

3520P1748
True 0.7738
False 0.2262

3520P1748_b
True 0.7738
False 0.2262

3445P1455_b
True 0.8999
False 0.1001

3463P1456_b
True 0.9555
False 0.0445

3519P1839
True 0.7738
False 0.2262

3519P1839_b
True 0.7738
False 0.2262

3521P1912
True 0.5987
False 0.4013

3521P1912_b
True 0.5987
False 0.4013

3454P1453_b
True 0.8999
False 0.1001

3523P1749
True 0.7738
False 0.2262

3523P1749_b
True 0.7738
False 0.2262

3522P1845
True 0.7738
False 0.2262

3522P1845_b
True 0.7738
False 0.2262

3524P1913
True 0.5987
False 0.4013

3524P1913_b
True 0.5987
False 0.4013

5244P1966
True 0.839
False 0.161

5244P1966_b
True 0.839
False 0.161

3537P2019
True 1.0
False 0.0

3537P2019_b
True 1.0
False 0.0

5247P1847_b
True 0.9999
False 0.0001

3536P2059
True 1.0
False 0.0

3536P2059_b
True 1.0
False 0.0

B68
True 1.0
False 0.0

998P2163
True 1.0
False 0.0

5194P1390
True 0.6836
False 0.3164

5194P1390_b
True 0.6836
False 0.3164

5195P1391
True 0.6836
False 0.3164

5195P1391_b
True 0.6836
False 0.3164

5229P1467
True 0.8999
False 0.1001

5229P1467_b
True 0.8999
False 0.1001

5204P1393
True 0.6836
False 0.3164

5204P1393_b
True 0.6836
False 0.3164

5205P1394
True 0.6836
False 0.3164

5205P1394_b
True 0.6836
False 0.3164

5226P1468
True 0.8999
False 0.1001

5234P1771
True 0.99
False 0.01

5234P1771_b
True 0.99
False 0.01

5226P1468_b
True 0.8999
False 0.1001

5235P1772
True 0.99
False 0.01

5235P1772_b
True 0.99
False 0.01

5255P1860
True 0.9999
False 0.0001

2748P535
True 0.25
False 0.75

2747P737
True 0.25
False 0.75

5178P934
True 0.4375
False 0.5625

3484P1241
True 0.6836
False 0.3164

3484P1241_b
True 0.6836
False 0.3164

5178P934_b
True 0.4375
False 0.5625

3485P1388
True 0.6836
False 0.3164

3485P1388_b
True 0.6836
False 0.3164

3486P1464
True 0.8999
False 0.1001

3466P1395
True 0.6836
False 0.3164

3466P1395_b
True 0.6836
False 0.3164

3467P1396
True 0.6836
False 0.3164

3467P1396_b
True 0.6836
False 0.3164

3468P1469
True 0.8999
False 0.1001

3468P1469_b
True 0.8999
False 0.1001

3475P1398
True 0.6836
False 0.3164

3475P1398_b
True 0.6836
False 0.3164

3476P1399
True 0.6836
False 0.3164

3476P1399_b
True 0.6836
False 0.3164

3477P1471
True 0.8999
False 0.1001

3477P1471_b
True 0.8999
False 0.1001

3529P1767
True 0.7287
False 0.2713

3529P1767_b
True 0.7287
False 0.2713

3486P1464_b
True 0.8999
False 0.1001

3528P1861
True 0.7287
False 0.2713

3528P1861_b
True 0.7287
False 0.2713

3530P1929
True 0.531
False 0.469

3530P1929_b
True 0.531
False 0.469

3526P1773
True 0.7287
False 0.2713

3526P1773_b
True 0.7287
False 0.2713

3525P1863
True 0.7287
False 0.2713

3525P1863_b
True 0.7287
False 0.2713

3527P1932
True 0.531
False 0.469

3527P1932_b
True 0.531
False 0.469

5252P1976
True 0.7801
False 0.2199

5252P1976_b
True 0.7801
False 0.2199

3542P2023
True 1.0
False 0.0

3542P2023_b
True 1.0
False 0.0

5255P1860_b
True 0.9999
False 0.0001

3541P2062
True 1.0
False 0.0

3541P2062_b
True 1.0
False 0.0

B69
True 1.0
False 0.0

1000P2168
True 1.0
False 0.0

1200P1934_b
True 0.9984
False 0.0016

1238P1953_b
True 0.9995
False 0.0005

1248P1959_b
True 0.9992
False 0.0008

1253P1960_b
True 0.9989
False 0.0011

1243P1961_b
True 0.9994
False 0.0006

1080P1438_b
True 0.9209
False 0.0791

1224P1777
True 0.3312
False 0.6688

1225P1819
True 0.7625
False 0.2375

1272P1898
True 0.7022
False 0.2978

1225P1819_b
True 0.7625
False 0.2375

1271P1955
True 0.7022
False 0.2978

1273P2005
True 0.9113
False 0.0887

1273P2005_b
True 0.9113
False 0.0887

1052P1426_b
True 0.9209
False 0.0791

1221P1722
True 0.9382
False 0.0618

1221P1722_b
True 0.9382
False 0.0618

1071P1014_b
True 0.2188
False 0.7812

1222P1820
True 0.9382
False 0.0618

1222P1820_b
True 0.9382
False 0.0618

1223P1899
True 0.9962
False 0.0038

1266P1954
True 0.7596
False 0.2404

4228P1015
True 0.2188
False 0.7812

1217P1723
True 0.9382
False 0.0618

1217P1723_b
True 0.9382
False 0.0618

4228P1015_b
True 0.2188
False 0.7812

1218P1821
True 0.9382
False 0.0618

1218P1821_b
True 0.9382
False 0.0618

1219P1900
True 0.9962
False 0.0038

1219P1900_b
True 0.9962
False 0.0038

1267P2003
True 0.7596
False 0.2404

1268P2050
True 0.9422
False 0.0578

1268P2050_b
True 0.9422
False 0.0578

1177P1524
True 0.8481
False 0.1519

1176P1558
True 0.2014
False 0.7986

4212P1694
True 0.9052
False 0.0948

4212P1694_b
True 0.9052
False 0.0948

1211P1803
True 0.9925
False 0.0075

1211P1803_b
True 0.9925
False 0.0075

1034P1429_b
True 0.9209
False 0.0791

1210P1890
True 0.9925
False 0.0075

1210P1890_b
True 0.9925
False 0.0075

1212P1949
True 0.9999
False 0.0001

1262P2002
True 0.7625
False 0.2375

1064P996_b
True 0.2188
False 0.7812

1178P1559
True 0.2014
False 0.7986

1178P1559_b
True 0.2014
False 0.7986

4220P1693
True 0.0441
False 0.9559

4220P1693_b
True 0.0441
False 0.9559

1214P1801
True 0.9244
False 0.0756

1214P1801_b
True 0.9244
False 0.0756

1213P1889
True 0.9244
False 0.0756

1213P1889_b
True 0.9244
False 0.0756

1215P1948
True 0.9943
False 0.0057

1215P1948_b
True 0.9943
False 0.0057

1261P2051
True 0.7582
False 0.2418

1263P2111
True 0.9426
False 0.0574

1263P2111_b
True 0.9426
False 0.0574

1173P1523
True 0.781
False 0.219

1171P1526
True 0.2014
False 0.7986

1172P1557
True 0.1855
False 0.8145

4196P1707
True 0.8887
False 0.1113

4196P1707_b
True 0.8887
False 0.1113

1204P1813
True 0.9912
False 0.0088

1204P1813_b
True 0.9912
False 0.0088

1023P1432_b
True 0.9209
False 0.0791

1203P1891
True 0.9912
False 0.0088

1203P1891_b
True 0.9912
False 0.0088

1205P1951
True 0.9999
False 0.0001

1257P2004
True 0.7625
False 0.2375

1046P1001_b
True 0.2188
False 0.7812

1174P1527
True 0.2014
False 0.7986

1174P1527_b
True 0.2014
False 0.7986

1175P1556
True 0.1855
False 0.8145

1175P1556_b
True 0.1855
False 0.8145

4204P1706
True 0.0082
False 0.9918

4204P1706_b
True 0.0082
False 0.9918

1207P1811
True 0.9215
False 0.0785

1207P1811_b
True 0.9215
False 0.0785

1206P1892
True 0.9215
False 0.0785

1206P1892_b
True 0.9215
False 0.0785

1208P1950
True 0.9938
False 0.0062

1208P1950_b
True 0.9938
False 0.0062

1256P2049
True 0.7578
False 0.2422

1258P2112
True 0.9425
False 0.0575

1258P2112_b
True 0.9425
False 0.0575

B70
True 0.7593
False 0.2407

575P2240
True 0.7593
False 0.2407

1936P2105_b
True 0.8964
False 0.1036

1878P1647_b
True 0.9209
False 0.0791

1931P1914_b
True 0.9988
False 0.0012

1926P1937_b
True 0.9991
False 0.0009

1921P1939_b
True 0.9999
False 0.0001

1916P1940_b
True 0.9997
False 0.0003

1758P1420_b
True 0.9209
False 0.0791

1953P1881
True 0.7312
False 0.2688

1952P1945
True 0.7312
False 0.2688

1954P1997
True 0.9277
False 0.0723

1954P1997_b
True 0.9277
False 0.0723

1730P1422_b
True 0.9209
False 0.0791

1899P1680
True 0.9382
False 0.0618

1899P1680_b
True 0.9382
False 0.0618

1749P988_b
True 0.2188
False 0.7812

1900P1795
True 0.9382
False 0.0618

1900P1795_b
True 0.9382
False 0.0618

1901P1882
True 0.9962
False 0.0038

1947P1941
True 0.7909
False 0.2091

4716P989
True 0.2188
False 0.7812

1895P1681
True 0.9382
False 0.0618

1895P1681_b
True 0.9382
False 0.0618

4716P989_b
True 0.2188
False 0.7812

1896P1796
True 0.9382
False 0.0618

1896P1796_b
True 0.9382
False 0.0618

1897P1883
True 0.9962
False 0.0038

1897P1883_b
True 0.9962
False 0.0038

1948P1993
True 0.7909
False 0.2091

1949P2040
True 0.9563
False 0.0437

1949P2040_b
True 0.9563
False 0.0437

1855P1507
True 0.8481
False 0.1519

1854P1512
True 0.2014
False 0.7986

4700P1685
True 0.9052
False 0.0948

4700P1685_b
True 0.9052
False 0.0948

1889P1850
True 0.9467
False 0.0533

1889P1850_b
True 0.9467
False 0.0533

1888P1924
True 0.9467
False 0.0533

1888P1924_b
True 0.9467
False 0.0533

1890P1973
True 0.9972
False 0.0028

1943P1992
True 0.7917
False 0.2083

1742P992_b
True 0.2188
False 0.7812

1856P1513
True 0.2014
False 0.7986

1856P1513_b
True 0.2014
False 0.7986

4708P1684
True 0.0441
False 0.9559

4708P1684_b
True 0.0441
False 0.9559

1892P1848
True 0.4623
False 0.5377

1892P1848_b
True 0.4623
False 0.5377

1891P1923
True 0.4623
False 0.5377

1891P1923_b
True 0.4623
False 0.5377

1893P1972
True 0.7109
False 0.2891

1893P1972_b
True 0.7109
False 0.2891

1942P2041
True 0.5644
False 0.4356

1944P2104
True 0.9093
False 0.0907

1944P2104_b
True 0.9093
False 0.0907

B71
True 0.6642
False 0.3358

585P2236
True 0.6642
False 0.3358

1668P599
True 0.125
False 0.875

1689P157_b
True 0.5
False 0.5

1667P797
True 0.125
False 0.875

1690P158_b
True 0.5
False 0.5

1664P1870
True 0.1
False 0.9

1666P2035
True 0.0928
False 0.9072

659P2121
True 0.3749
False 0.6251

B72
True 0.1874
False 0.8126

661P2178
True 0.1874
False 0.8126

2339P600
True 0.125
False 0.875

1691P159_b
True 0.5
False 0.5

2338P796
True 0.125
False 0.875

1694P160_b
True 0.5
False 0.5

2335P1869
True 0.1
False 0.9

2337P2033
True 0.0928
False 0.9072

691P2122
True 0.3749
False 0.6251

B73
True 0.1874
False 0.8126

693P2179
True 0.1874
False 0.8126

743P2082
True 0.0928
False 0.9072

744P2081
True 0.0928
False 0.9072

745P841
True 0.125
False 0.875

746P654
True 0.125
False 0.875

B74
True 0.3699
False 0.6301

747P2187
True 0.3699
False 0.6301

748P2086
True 0.0936
False 0.9064

749P2083
True 0.0928
False 0.9072

750P831
True 0.125
False 0.875

751P659
True 0.125
False 0.875

B75
True 0.3705
False 0.6295

752P2189
True 0.3705
False 0.6295

753P2087
True 0.0928
False 0.9072

754P2084
True 0.0928
False 0.9072

755P832
True 0.125
False 0.875

756P660
True 0.125
False 0.875

B76
True 0.3699
False 0.6301

757P2190
True 0.3699
False 0.6301

758P2031
True 0.0928
False 0.9072

759P2085
True 0.0928
False 0.9072

760P835
True 0.125
False 0.875

761P643
True 0.125
False 0.875

B77
True 0.3699
False 0.6301

762P2184
True 0.3699
False 0.6301

783P2074
True 0.0928
False 0.9072

784P2077
True 0.0928
False 0.9072

785P840
True 0.125
False 0.875

786P653
True 0.125
False 0.875

B78
True 0.3699
False 0.6301

787P2186
True 0.3699
False 0.6301

788P2075
True 0.0936
False 0.9064

789P2078
True 0.0928
False 0.9072

790P830
True 0.125
False 0.875

791P658
True 0.125
False 0.875

B79
True 0.3705
False 0.6295

792P2188
True 0.3705
False 0.6295

793P2076
True 0.0928
False 0.9072

794P2079
True 0.0928
False 0.9072

795P833
True 0.125
False 0.875

796P661
True 0.125
False 0.875

B80
True 0.3699
False 0.6301

797P2191
True 0.3699
False 0.6301

798P2028
True 0.0928
False 0.9072

799P2080
True 0.0928
False 0.9072

800P834
True 0.125
False 0.875

801P642
True 0.125
False 0.875

B81
True 0.3699
False 0.6301

802P2183
True 0.3699
False 0.6301

1580P605
True 0.125
False 0.875

1579P787
True 0.125
False 0.875

1576P2097
True 0.0928
False 0.9072

1578P2101
True 0.0928
False 0.9072

640P2170
True 0.3699
False 0.6301

B82
True 0.185
False 0.815

642P2222
True 0.185
False 0.815

1674P614
True 0.125
False 0.875

1673P794
True 0.125
False 0.875

1670P2034
True 0.0928
False 0.9072

1672P2100
True 0.0928
False 0.9072

662P2173
True 0.3699
False 0.6301

B83
True 0.1849
False 0.8151

664P2223
True 0.1849
False 0.8151

1680P615
True 0.125
False 0.875

1679P801
True 0.125
False 0.875

1676P2095
True 0.0928
False 0.9072

1678P2099
True 0.0928
False 0.9072

665P2174
True 0.3699
False 0.6301

B84
True 0.1849
False 0.8151

667P2224
True 0.1849
False 0.8151

1686P618
True 0.125
False 0.875

1685P802
True 0.125
False 0.875

1682P2096
True 0.0936
False 0.9064

1684P2098
True 0.0928
False 0.9072

668P2177
True 0.3705
False 0.6295

B85
True 0.1852
False 0.8148

670P2225
True 0.1852
False 0.8148

2254P606
True 0.125
False 0.875

2253P786
True 0.125
False 0.875

2250P2090
True 0.0928
False 0.9072

2252P2094
True 0.0928
False 0.9072

674P2171
True 0.3699
False 0.6301

B86
True 0.185
False 0.815

676P2229
True 0.185
False 0.815

2345P613
True 0.125
False 0.875

2344P795
True 0.125
False 0.875

2341P2032
True 0.0928
False 0.9072

2343P2093
True 0.0928
False 0.9072

694P2172
True 0.3699
False 0.6301

B87
True 0.1849
False 0.8151

696P2226
True 0.1849
False 0.8151

2351P616
True 0.125
False 0.875

2350P800
True 0.125
False 0.875

2347P2088
True 0.0928
False 0.9072

2349P2092
True 0.0928
False 0.9072

697P2175
True 0.3699
False 0.6301

B88
True 0.1849
False 0.8151

699P2227
True 0.1849
False 0.8151

2357P617
True 0.125
False 0.875

2356P803
True 0.125
False 0.875

2353P2089
True 0.0936
False 0.9064

2355P2091
True 0.0928
False 0.9072

700P2176
True 0.3705
False 0.6295

B89
True 0.1852
False 0.8148

702P2228
True 0.1852
False 0.8148

3724P170_b
True 0.5
False 0.5

3734P629
True 0.125
False 0.875

3717P169_b
True 0.5
False 0.5

3731P1121
True 0.1094
False 0.8906

132P60_b
True 0.5
False 0.5

4107P1644
True 0.7187
False 0.2813

4111P1765
True 0.3145
False 0.6855

4112P1774
True 0.3594
False 0.6406

4113P1859
True 0.5608
False 0.4392

3733P1868
True 0.1402
False 0.8598

3735P2142
True 0.2241
False 0.7759

817P2230
True 0.4801
False 0.5199

4114P359
True 0.25
False 0.75

4114P359_b
True 0.25
False 0.75

B90
True 0.12
False 0.88

818P2273
True 0.12
False 0.88

4113P1859_b
True 0.5608
False 0.4392

4096P2167
True 0.9545
False 0.0455

811P2219
True 0.5353
False 0.4647

812P2205
True 0.8557
False 0.1443

B91
True 0.9329
False 0.0671

813P2260
True 0.9329
False 0.0671

4081P810
True 0.125
False 0.875

4079P1119
True 0.1094
False 0.8906

4080P2134
True 0.2241
False 0.7759

4086P2231
True 0.3953
False 0.6047

B92
True 0.3953
False 0.6047

824P2274
True 0.3953
False 0.6047

4078P812
True 0.125
False 0.875

2908P930_b
True 0.4375
False 0.5625

4076P1118
True 0.1094
False 0.8906

4077P2135
True 0.2273
False 0.7727

4085P2232
True 0.3978
False 0.6022

B93
True 0.3978
False 0.6022

826P2275
True 0.3978
False 0.6022

4075P817
True 0.125
False 0.875

4073P1286
True 0.0421
False 0.9579

4074P2072
True 0.2391
False 0.7609

4084P2180
True 0.3622
False 0.6378

B94
True 0.3622
False 0.6378

828P2233
True 0.3622
False 0.6378

4072P821
True 0.125
False 0.875

4070P1285
True 0.0421
False 0.9579

4071P2026
True 0.2319
False 0.7681

4083P2130
True 0.3562
False 0.6438

B95
True 0.3562
False 0.6438

830P2182
True 0.3562
False 0.6438

852P255
True 0.0625
False 0.9375

B49_b
True 1.0
False 0.0

B50_b
True 1.0
False 0.0

B68_b
True 1.0
False 0.0

B69_b
True 1.0
False 0.0

853P2202
True 0.5
False 0.5

B96
True 0.0156
False 0.9844

854P2268
True 0.0156
False 0.9844

4023P818
True 0.125
False 0.875

3345P769
True 0.25
False 0.75

3346P943
True 0.25
False 0.75

3347P1002
True 0.7187
False 0.2813

3336P701
True 0.125
False 0.875

3337P886
True 0.125
False 0.875

3338P1003
True 0.2344
False 0.7656

3338P1003_b
True 0.2344
False 0.7656

3353P1330
True 0.1685
False 0.8315

4021P1401
True 0.0421
False 0.9579

4022P2136
True 0.2356
False 0.7644

4028P2234
True 0.3593
False 0.6407

B97
True 0.3593
False 0.6407

863P2276
True 0.3593
False 0.6407

4020P819
True 0.125
False 0.875

4018P1290
True 0.0421
False 0.9579

4019P2137
True 0.2356
False 0.7644

4027P2235
True 0.3594
False 0.6406

B98
True 0.3594
False 0.6406

865P2277
True 0.3594
False 0.6406

4017P836
True 0.125
False 0.875

4015P1289
True 0.0421
False 0.9579

4016P2073
True 0.2356
False 0.7644

4026P2185
True 0.3593
False 0.6407

B99
True 0.3593
False 0.6407

867P2237
True 0.3593
False 0.6407

4014P820
True 0.125
False 0.875

4012P1288
True 0.0421
False 0.9579

4013P2027
True 0.2278
False 0.7722

4025P2129
True 0.3528
False 0.6472

B100
True 0.3528
False 0.6472

869P2181
True 0.3528
False 0.6472

708P2243
True 0.0988
False 0.9012

709P2245
True 0.0898
False 0.9102

710P822
True 0.125
False 0.875

711P630
True 0.125
False 0.875

B101
True 0.372
False 0.628

712P2297
True 0.372
False 0.628

723P2249
True 0.0988
False 0.9012

724P2247
True 0.0898
False 0.9102

725P823
True 0.125
False 0.875

726P631
True 0.125
False 0.875

B102
True 0.372
False 0.628

727P2298
True 0.372
False 0.628

728P2250
True 0.0995
False 0.9005

729P2248
True 0.0898
False 0.9102

730P839
True 0.125
False 0.875

731P650
True 0.125
False 0.875

B103
True 0.3725
False 0.6275

732P2300
True 0.3725
False 0.6275

733P2197
True 0.0906
False 0.9094

734P2196
True 0.0898
False 0.9102

735P825
True 0.125
False 0.875

736P633
True 0.125
False 0.875

B104
True 0.3662
False 0.6338

737P2279
True 0.3662
False 0.6338

738P2141
True 0.0891
False 0.9109

739P2140
True 0.0882
False 0.9118

740P827
True 0.125
False 0.875

741P651
True 0.125
False 0.875

B105
True 0.3641
False 0.6359

742P2238
True 0.3641
False 0.6359

768P2244
True 0.0995
False 0.9005

769P2246
True 0.0898
False 0.9102

770P838
True 0.125
False 0.875

771P649
True 0.125
False 0.875

B106
True 0.3725
False 0.6275

772P2299
True 0.3725
False 0.6275

773P2194
True 0.0906
False 0.9094

774P2195
True 0.0898
False 0.9102

775P824
True 0.125
False 0.875

776P632
True 0.125
False 0.875

B107
True 0.3662
False 0.6338

777P2278
True 0.3662
False 0.6338

778P2138
True 0.0891
False 0.9109

779P2139
True 0.0882
False 0.9118

780P826
True 0.125
False 0.875

781P652
True 0.125
False 0.875

B108
True 0.3641
False 0.6359

782P2239
True 0.3641
False 0.6359

1586P604
True 0.125
False 0.875

1585P785
True 0.125
False 0.875

1582P2145
True 0.0891
False 0.9109

1584P2146
True 0.0882
False 0.9118

643P2221
True 0.3641
False 0.6359

B109
True 0.182
False 0.818

645P2271
True 0.182
False 0.818

1592P607
True 0.125
False 0.875

1591P789
True 0.125
False 0.875

1588P2200
True 0.0906
False 0.9094

1590P2201
True 0.0898
False 0.9102

646P2269
True 0.3662
False 0.6338

B110
True 0.1831
False 0.8169

648P2295
True 0.1831
False 0.8169

1598P610
True 0.125
False 0.875

1597P791
True 0.125
False 0.875

1594P2255
True 0.0995
False 0.9005

1596P2258
True 0.0898
False 0.9102

649P2292
True 0.3725
False 0.6275

B111
True 0.1862
False 0.8138

651P2314
True 0.1862
False 0.8138

1604P611
True 0.125
False 0.875

1603P793
True 0.125
False 0.875

1600P2256
True 0.0988
False 0.9012

1602P2257
True 0.0898
False 0.9102

652P2293
True 0.372
False 0.628

B112
True 0.186
False 0.814

654P2315
True 0.186
False 0.814

2260P603
True 0.125
False 0.875

2259P784
True 0.125
False 0.875

2256P2143
True 0.0891
False 0.9109

2258P2144
True 0.0882
False 0.9118

677P2220
True 0.3641
False 0.6359

B113
True 0.182
False 0.818

679P2272
True 0.182
False 0.818

2266P608
True 0.125
False 0.875

2265P788
True 0.125
False 0.875

2262P2198
True 0.0906
False 0.9094

2264P2199
True 0.0898
False 0.9102

680P2270
True 0.3662
False 0.6338

B114
True 0.1831
False 0.8169

682P2296
True 0.1831
False 0.8169

2272P609
True 0.125
False 0.875

2271P790
True 0.125
False 0.875

2268P2251
True 0.0995
False 0.9005

2270P2254
True 0.0898
False 0.9102

683P2291
True 0.3725
False 0.6275

B115
True 0.1862
False 0.8138

685P2316
True 0.1862
False 0.8138

2278P612
True 0.125
False 0.875

2277P792
True 0.125
False 0.875

2274P2252
True 0.0988
False 0.9012

2276P2253
True 0.0898
False 0.9102

686P2294
True 0.372
False 0.628

B116
True 0.186
False 0.814

688P2317
True 0.186
False 0.814

3280P522
True 0.25
False 0.75

3281P767
True 0.25
False 0.75

3282P928
True 0.4375
False 0.5625

3292P531
True 0.25
False 0.75

3293P761
True 0.25
False 0.75

5322P932
True 0.4375
False 0.5625

5330P1231
True 0.6836
False 0.3164

5330P1231_b
True 0.6836
False 0.3164

3282P928_b
True 0.4375
False 0.5625

5322P932_b
True 0.4375
False 0.5625

5331P1387
True 0.6836
False 0.3164

5331P1387_b
True 0.6836
False 0.3164

5386P1461
True 0.8999
False 0.1001

3299P507
True 0.25
False 0.75

3300P762
True 0.25
False 0.75

3301P870
True 0.7187
False 0.2813

3287P427
True 0.125
False 0.875

3288P693
True 0.125
False 0.875

3289P871
True 0.2344
False 0.7656

3289P871_b
True 0.2344
False 0.7656

5315P1136
True 0.1685
False 0.8315

5315P1136_b
True 0.1685
False 0.8315

3283P432
True 0.125
False 0.875

3284P696
True 0.125
False 0.875

3285P876
True 0.2344
False 0.7656

3285P876_b
True 0.2344
False 0.7656

3295P515
True 0.25
False 0.75

3296P763
True 0.25
False 0.75

3297P877
True 0.7187
False 0.2813

5312P1145
True 0.1685
False 0.8315

5320P1418
True 0.3085
False 0.6915

5320P1418_b
True 0.3085
False 0.6915

5312P1145_b
True 0.1685
False 0.8315

5321P1421
True 0.3085
False 0.6915

5321P1421_b
True 0.3085
False 0.6915

5389P1499
True 0.5219
False 0.4781

5389P1499_b
True 0.5219
False 0.4781

5394P1676
True 0.9521
False 0.0479

5394P1676_b
True 0.9521
False 0.0479

5386P1461_b
True 0.8999
False 0.1001

5395P1856
True 0.9521
False 0.0479

5395P1856_b
True 0.9521
False 0.0479

5417P1877
True 0.9977
False 0.0023

3253P480
True 0.25
False 0.75

3254P759
True 0.25
False 0.75

3255P854
True 0.7187
False 0.2813

3238P409
True 0.125
False 0.875

3239P685
True 0.125
False 0.875

3240P855
True 0.2344
False 0.7656

3240P855_b
True 0.2344
False 0.7656

5299P1122
True 0.1685
False 0.8315

5299P1122_b
True 0.1685
False 0.8315

3234P414
True 0.125
False 0.875

3235P688
True 0.125
False 0.875

3236P860
True 0.2344
False 0.7656

3236P860_b
True 0.2344
False 0.7656

3249P486
True 0.25
False 0.75

3250P760
True 0.25
False 0.75

3251P861
True 0.7187
False 0.2813

5296P1127
True 0.1685
False 0.8315

3881P1402
True 0.3085
False 0.6915

3881P1402_b
True 0.3085
False 0.6915

5296P1127_b
True 0.1685
False 0.8315

3882P1405
True 0.3085
False 0.6915

3882P1405_b
True 0.3085
False 0.6915

3883P1473
True 0.5219
False 0.4781

3247P417
True 0.75
False 0.25

3232P418
True 0.25
False 0.75

3232P418_b
True 0.25
False 0.75

5307P862
True 0.1875
False 0.8125

3228P424
True 0.125
False 0.875

3229P692
True 0.125
False 0.875

3230P868
True 0.2344
False 0.7656

3230P868_b
True 0.2344
False 0.7656

3243P498
True 0.25
False 0.75

3244P758
True 0.25
False 0.75

3245P869
True 0.7187
False 0.2813

5304P1133
True 0.1685
False 0.8315

5304P1133_b
True 0.1685
False 0.8315

3891P1305
True 0.3244
False 0.6756

3891P1305_b
True 0.3244
False 0.6756

5307P862_b
True 0.1875
False 0.8125

3890P1411
True 0.3244
False 0.6756

3890P1411_b
True 0.3244
False 0.6756

3892P1490
True 0.5435
False 0.4565

3949P1843
True 0.1241
False 0.8759

3949P1843_b
True 0.1241
False 0.8759

3328P916_b
True 0.4375
False 0.5625

3892P1490_b
True 0.5435
False 0.4565

3948P1919
True 0.1241
False 0.8759

3948P1919_b
True 0.1241
False 0.8759

3950P1970
True 0.0154
False 0.9846

3950P1970_b
True 0.0154
False 0.9846

3883P1473_b
True 0.5219
False 0.4781

3952P1844
True 0.1241
False 0.8759

3952P1844_b
True 0.1241
False 0.8759

3951P1918
True 0.1241
False 0.8759

3951P1918_b
True 0.1241
False 0.8759

3953P1971
True 0.0154
False 0.9846

3953P1971_b
True 0.0154
False 0.9846

5414P2018
True 0.0306
False 0.9694

5414P2018_b
True 0.0306
False 0.9694

3964P2042
True 0.9978
False 0.0022

3964P2042_b
True 0.9978
False 0.0022

5417P1877_b
True 0.9977
False 0.0023

3963P2107
True 0.9978
False 0.0022

3963P2107_b
True 0.9978
False 0.0022

3965P2153
True 1.0
False 0.0

3965P2153_b
True 1.0
False 0.0

839P2241
True 0.25
False 0.75

2174P161_b
True 0.5
False 0.5

2135P1673_b
True 0.7533
False 0.2467

2122P1151
True 0.0957
False 0.9043

2122P1151_b
True 0.0957
False 0.9043

2123P1505
True 0.0881
False 0.9119

2123P1505_b
True 0.0881
False 0.9119

4883P1760
True 0.0037
False 0.9963

2124P1506
True 0.2014
False 0.7986

2125P1688
True 0.3761
False 0.6239

4878P1880
True 0.5126
False 0.4874

4878P1880_b
True 0.5126
False 0.4874

2001P987_b
True 0.2188
False 0.7812

2125P1688_b
True 0.3761
False 0.6239

4879P1944
True 0.5126
False 0.4874

4879P1944_b
True 0.5126
False 0.4874

4880P1996
True 0.7624
False 0.2376

4880P1996_b
True 0.7624
False 0.2376

4889P2060
True 0.7633
False 0.2367

4889P2060_b
True 0.7633
False 0.2367

4883P1760_b
True 0.0037
False 0.9963

4888P2118
True 0.7633
False 0.2367

4888P2118_b
True 0.7633
False 0.2367

4890P2165
True 0.944
False 0.056

4890P2165_b
True 0.944
False 0.056

4899P2207
True 0.9956
False 0.0044

4899P2207_b
True 0.9956
False 0.0044

2099P1419_b
True 0.9209
False 0.0791

4898P2261
True 0.9956
False 0.0044

4898P2261_b
True 0.9956
False 0.0044

4900P2281
True 1.0
False 0.0

4900P2281_b
True 1.0
False 0.0

4909P2305
True 1.0
False 0.0

4909P2305_b
True 1.0
False 0.0

1984P1423_b
True 0.9209
False 0.0791

4908P2320
True 1.0
False 0.0

4908P2320_b
True 1.0
False 0.0

4910P2329
True 1.0
False 0.0

4910P2329_b
True 1.0
False 0.0

4919P2348
True 1.0
False 0.0

4919P2348_b
True 1.0
False 0.0

4918P2356
True 1.0
False 0.0

4918P2356_b
True 1.0
False 0.0

4920P2367
True 1.0
False 0.0

4920P2367_b
True 1.0
False 0.0

2170P2379
True 1.0
False 0.0

2170P2379_b
True 1.0
False 0.0

2169P2389
True 1.0
False 0.0

2169P2389_b
True 1.0
False 0.0

2171P2400
True 1.0
False 0.0

2190P2401
True 0.3766
False 0.6234

2119P1153
True 0.0957
False 0.9043

2120P1503
True 0.0881
False 0.9119

2121P1633
True 0.371
False 0.629

4825P1761
True 0.7083
False 0.2917

4812P986
True 0.2188
False 0.7812

2158P1501
True 0.8481
False 0.1519

4815P1794
True 0.9052
False 0.0948

4815P1794_b
True 0.9052
False 0.0948

4820P1879
True 0.9259
False 0.0741

4820P1879_b
True 0.9259
False 0.0741

4812P986_b
True 0.2188
False 0.7812

4821P1943
True 0.9259
False 0.0741

4821P1943_b
True 0.9259
False 0.0741

4822P1995
True 0.9945
False 0.0055

4822P1995_b
True 0.9945
False 0.0055

4831P2061
True 0.9984
False 0.0016

4831P2061_b
True 0.9984
False 0.0016

4825P1761_b
True 0.7083
False 0.2917

4830P2119
True 0.9984
False 0.0016

4830P2119_b
True 0.9984
False 0.0016

4832P2166
True 1.0
False 0.0

4832P2166_b
True 1.0
False 0.0

4841P2208
True 1.0
False 0.0

4841P2208_b
True 1.0
False 0.0

4840P2262
True 1.0
False 0.0

4840P2262_b
True 1.0
False 0.0

4842P2282
True 1.0
False 0.0

4842P2282_b
True 1.0
False 0.0

4851P2304
True 1.0
False 0.0

4851P2304_b
True 1.0
False 0.0

4850P2319
True 1.0
False 0.0

4850P2319_b
True 1.0
False 0.0

4852P2328
True 1.0
False 0.0

4852P2328_b
True 1.0
False 0.0

4861P2349
True 1.0
False 0.0

4861P2349_b
True 1.0
False 0.0

4860P2357
True 1.0
False 0.0

4860P2357_b
True 1.0
False 0.0

4862P2368
True 1.0
False 0.0

4862P2368_b
True 1.0
False 0.0

2165P2378
True 1.0
False 0.0

2165P2378_b
True 1.0
False 0.0

2164P2388
True 1.0
False 0.0

2164P2388_b
True 1.0
False 0.0

2166P2399
True 1.0
False 0.0

2191P2402
True 0.3766
False 0.6234

2128P1619_b
True 0.3297
False 0.6703

2160P1916
True 0.2483
False 0.7517

2160P1916_b
True 0.2483
False 0.7517

2193P2403
True 0.1242
False 0.8758

2192P2404
True 0.1242
False 0.8758

5074P2414
True 0.7019
False 0.2981

2142P1410
True 0.2111
False 0.7889

2143P1477
True 0.1944
False 0.8056

2144P1613
True 0.358
False 0.642

2145P1620
True 0.358
False 0.642

4941P1669
True 0.8199
False 0.1801

2149P1480
True 0.2014
False 0.7986

2150P1616
True 0.371
False 0.629

2151P1622
True 0.371
False 0.629

4928P1665
True 0.7532
False 0.2468

2159P1621
True 0.4029
False 0.5971

2154P1617
True 0.4029
False 0.5971

2155P1657
True 0.5335
False 0.4665

4931P1842
True 0.7215
False 0.2785

4931P1842_b
True 0.7215
False 0.2785

4936P1873
True 0.9313
False 0.0687

4936P1873_b
True 0.9313
False 0.0687

4928P1665_b
True 0.7532
False 0.2468

4937P1938
True 0.9313
False 0.0687

4937P1938_b
True 0.9313
False 0.0687

4938P1989
True 0.9953
False 0.0047

4938P1989_b
True 0.9953
False 0.0047

4947P2038
True 0.9991
False 0.0009

4947P2038_b
True 0.9991
False 0.0009

4941P1669_b
True 0.8199
False 0.1801

4946P2103
True 0.9991
False 0.0009

4946P2103_b
True 0.9991
False 0.0009

4948P2149
True 1.0
False 0.0

4948P2149_b
True 1.0
False 0.0

4957P2216
True 1.0
False 0.0

4957P2216_b
True 1.0
False 0.0

4956P2267
True 1.0
False 0.0

4956P2267_b
True 1.0
False 0.0

4958P2290
True 1.0
False 0.0

4958P2290_b
True 1.0
False 0.0

4967P2301
True 1.0
False 0.0

4967P2301_b
True 1.0
False 0.0

2067P1403_b
True 0.9209
False 0.0791

4966P2318
True 1.0
False 0.0

4966P2318_b
True 1.0
False 0.0

4968P2326
True 1.0
False 0.0

4968P2326_b
True 1.0
False 0.0

4977P2339
True 1.0
False 0.0

4977P2339_b
True 1.0
False 0.0

2009P1416_b
True 0.9209
False 0.0791

4976P2351
True 1.0
False 0.0

4976P2351_b
True 1.0
False 0.0

4978P2360
True 1.0
False 0.0

4978P2360_b
True 1.0
False 0.0

4987P2369
True 1.0
False 0.0

4987P2369_b
True 1.0
False 0.0

2042P1408_b
True 0.9209
False 0.0791

4986P2382
True 1.0
False 0.0

4986P2382_b
True 1.0
False 0.0

4988P2391
True 1.0
False 0.0

4988P2391_b
True 1.0
False 0.0

2184P2411
True 1.0
False 0.0

2184P2411_b
True 1.0
False 0.0

2021P1306_b
True 0.9648
False 0.0352

2183P2417
True 1.0
False 0.0

2183P2417_b
True 1.0
False 0.0

2185P2424
True 1.0
False 0.0

2195P2429
True 0.5
False 0.5

2036P864_b
True 0.3125
False 0.6875

2146P1409
True 0.2111
False 0.7889

2146P1409_b
True 0.2111
False 0.7889

2147P1476
True 0.1944
False 0.8056

2147P1476_b
True 0.1944
False 0.8056

2148P1615
True 0.358
False 0.642

2148P1615_b
True 0.358
False 0.642

5029P1668
True 0.0046
False 0.9954

2155P1657_b
True 0.5335
False 0.4665

2059P975_b
True 0.2188
False 0.7812

2152P1479
True 0.2014
False 0.7986

2152P1479_b
True 0.2014
False 0.7986

2153P1618
True 0.371
False 0.629

2153P1618_b
True 0.371
False 0.629

5009P1664
True 0.0163
False 0.9837

5009P1664_b
True 0.0163
False 0.9837

5014P1841
True 0.4467
False 0.5533

5014P1841_b
True 0.4467
False 0.5533

5015P1915
True 0.4467
False 0.5533

5015P1915_b
True 0.4467
False 0.5533

5016P1968
True 0.6939
False 0.3061

5016P1968_b
True 0.6939
False 0.3061

5025P1987
True 0.8572
False 0.1428

5025P1987_b
True 0.8572
False 0.1428

5024P2036
True 0.8572
False 0.1428

5024P2036_b
True 0.8572
False 0.1428

5026P2102
True 0.9796
False 0.0204

5026P2102_b
True 0.9796
False 0.0204

5035P2148
True 0.9797
False 0.0203

5035P2148_b
True 0.9797
False 0.0203

5029P1668_b
True 0.0046
False 0.9954

5034P2203
True 0.9797
False 0.0203

5034P2203_b
True 0.9797
False 0.0203

5036P2259
True 0.9996
False 0.0004

5036P2259_b
True 0.9996
False 0.0004

5045P2289
True 0.9998
False 0.0002

5045P2289_b
True 0.9998
False 0.0002

5044P2312
True 0.9998
False 0.0002

5044P2312_b
True 0.9998
False 0.0002

5046P2325
True 1.0
False 0.0

5046P2325_b
True 1.0
False 0.0

5055P2327
True 1.0
False 0.0

5055P2327_b
True 1.0
False 0.0

5054P2338
True 1.0
False 0.0

5054P2338_b
True 1.0
False 0.0

5056P2350
True 1.0
False 0.0

5056P2350_b
True 1.0
False 0.0

5065P2359
True 1.0
False 0.0

5065P2359_b
True 1.0
False 0.0

5064P2370
True 1.0
False 0.0

5064P2370_b
True 1.0
False 0.0

5066P2383
True 1.0
False 0.0

5066P2383_b
True 1.0
False 0.0

4997P2390
True 1.0
False 0.0

4997P2390_b
True 1.0
False 0.0

4996P2409
True 1.0
False 0.0

4996P2409_b
True 1.0
False 0.0

4998P2416
True 1.0
False 0.0

4998P2416_b
True 1.0
False 0.0

2187P2423
True 1.0
False 0.0

2187P2423_b
True 1.0
False 0.0

2186P2430
True 1.0
False 0.0

2186P2430_b
True 1.0
False 0.0

2188P2433
True 1.0
False 0.0

2188P2433_b
True 1.0
False 0.0

2194P2439
True 0.5
False 0.5

5077P2441
True 0.75
False 0.25

5077P2441_b
True 0.75
False 0.25

2196P2443
True 0.9255
False 0.0745

2196P2443_b
True 0.9255
False 0.0745

5074P2414_b
True 0.7019
False 0.2981

2197P2447
True 0.9255
False 0.0745

2197P2447_b
True 0.9255
False 0.0745

2198P2449
True 0.9944
False 0.0056

840P2451
True 0.2486
False 0.7514

841P813
True 0.125
False 0.875

842P368
True 0.25
False 0.75

B117
True 0.6302
False 0.3698

843P2455
True 0.6302
False 0.3698

3408P566
True 0.25
False 0.75

3410P755
True 0.25
False 0.75

3411P878
True 0.7187
False 0.2813

3390P435
True 0.125
False 0.875

3391P697
True 0.125
False 0.875

3392P879
True 0.2344
False 0.7656

3392P879_b
True 0.2344
False 0.7656

5276P1154
True 0.1685
False 0.8315

5276P1154_b
True 0.1685
False 0.8315

3394P449
True 0.125
False 0.875

3395P705
True 0.125
False 0.875

3396P892
True 0.2344
False 0.7656

3396P892_b
True 0.2344
False 0.7656

3413P567
True 0.25
False 0.75

3415P756
True 0.25
False 0.75

3416P893
True 0.7187
False 0.2813

5279P1170
True 0.1685
False 0.8315

5285P1424
True 0.3085
False 0.6915

5285P1424_b
True 0.3085
False 0.6915

5279P1170_b
True 0.1685
False 0.8315

5284P1437
True 0.3085
False 0.6915

5284P1437_b
True 0.3085
False 0.6915

5379P1518
True 0.5219
False 0.4781

3386P439
True 0.125
False 0.875

3387P699
True 0.125
False 0.875

3388P882
True 0.2344
False 0.7656

3388P882_b
True 0.2344
False 0.7656

3403P565
True 0.25
False 0.75

3405P754
True 0.25
False 0.75

3406P883
True 0.7187
False 0.2813

5289P1158
True 0.1685
False 0.8315

5295P1536
True 0.3085
False 0.6915

5295P1536_b
True 0.3085
False 0.6915

5289P1158_b
True 0.1685
False 0.8315

5294P1699
True 0.3085
False 0.6915

5294P1699_b
True 0.3085
False 0.6915

5376P1808
True 0.5219
False 0.4781

5376P1808_b
True 0.5219
False 0.4781

5385P1885
True 0.7714
False 0.2286

5385P1885_b
True 0.7714
False 0.2286

5379P1518_b
True 0.5219
False 0.4781

5384P1947
True 0.7714
False 0.2286

5384P1947_b
True 0.7714
False 0.2286

5409P1998
True 0.9477
False 0.0523

5409P1998_b
True 0.9477
False 0.0523

3088P539
True 0.25
False 0.75

3090P753
True 0.25
False 0.75

3091P908
True 0.7187
False 0.2813

3068P466
True 0.125
False 0.875

3069P713
True 0.125
False 0.875

3070P909
True 0.2344
False 0.7656

3070P909_b
True 0.2344
False 0.7656

3852P1190
True 0.1685
False 0.8315

3852P1190_b
True 0.1685
False 0.8315

3418P568
True 0.25
False 0.75

3420P757
True 0.25
False 0.75

3421P888
True 0.7187
False 0.2813

3398P445
True 0.125
False 0.875

3399P703
True 0.125
False 0.875

3400P889
True 0.2344
False 0.7656

3400P889_b
True 0.2344
False 0.7656

5268P1166
True 0.1685
False 0.8315

5268P1166_b
True 0.1685
False 0.8315

3056P462
True 0.125
False 0.875

3057P712
True 0.125
False 0.875

3058P906
True 0.2344
False 0.7656

3058P906_b
True 0.2344
False 0.7656

3073P560
True 0.25
False 0.75

3075P750
True 0.25
False 0.75

3076P907
True 0.7187
False 0.2813

5271P1187
True 0.1685
False 0.8315

3870P1434
True 0.3085
False 0.6915

3870P1434_b
True 0.3085
False 0.6915

5271P1187_b
True 0.1685
False 0.8315

3869P1447
True 0.3085
False 0.6915

3869P1447_b
True 0.3085
False 0.6915

3871P1548
True 0.5219
False 0.4781

3064P454
True 0.125
False 0.875

3065P708
True 0.125
False 0.875

3066P898
True 0.2344
False 0.7656

3066P898_b
True 0.2344
False 0.7656

3083P545
True 0.25
False 0.75

3085P752
True 0.25
False 0.75

3086P899
True 0.7187
False 0.2813

5263P1179
True 0.1685
False 0.8315

5263P1179_b
True 0.1685
False 0.8315

3078P553
True 0.25
False 0.75

3080P751
True 0.25
False 0.75

3081P900
True 0.7187
False 0.2813

3060P457
True 0.125
False 0.875

3061P709
True 0.125
False 0.875

3062P901
True 0.2344
False 0.7656

3062P901_b
True 0.2344
False 0.7656

5260P1182
True 0.1685
False 0.8315

3860P1441
True 0.3085
False 0.6915

3860P1441_b
True 0.3085
False 0.6915

5260P1182_b
True 0.1685
False 0.8315

3861P1444
True 0.3085
False 0.6915

3861P1444_b
True 0.3085
False 0.6915

3862P1566
True 0.5219
False 0.4781

3943P1834
True 0.0459
False 0.9541

3943P1834_b
True 0.0459
False 0.9541

3871P1548_b
True 0.5219
False 0.4781

3942P1909
True 0.0459
False 0.9541

3942P1909_b
True 0.0459
False 0.9541

3944P1962
True 0.0021
False 0.9979

3944P1962_b
True 0.0021
False 0.9979

3862P1566_b
True 0.5219
False 0.4781

3946P1835
True 0.0459
False 0.9541

3946P1835_b
True 0.0459
False 0.9541

3945P1908
True 0.0459
False 0.9541

3945P1908_b
True 0.0459
False 0.9541

3947P1963
True 0.0021
False 0.9979

3947P1963_b
True 0.0021
False 0.9979

5406P2013
True 0.0042
False 0.9958

3960P2108
True 0.948
False 0.052

3960P2108_b
True 0.948
False 0.052

5406P2013_b
True 0.0042
False 0.9958

3961P2116
True 0.948
False 0.052

3961P2116_b
True 0.948
False 0.052

3962P2154
True 0.9973
False 0.0027

3962P2154_b
True 0.9973
False 0.0027

878P2242
True 0.2493
False 0.7507

1497P156_b
True 0.5
False 0.5

1458P1719_b
True 0.645
False 0.355

1301P1000_b
True 0.2188
False 0.7812

1445P1533
True 0.2014
False 0.7986

1445P1533_b
True 0.2014
False 0.7986

1446P1564
True 0.1855
False 0.8145

1446P1564_b
True 0.1855
False 0.8145

4419P1702
True 0.0082
False 0.9918

1447P1565
True 0.2014
False 0.7986

1448P1698
True 0.3761
False 0.6239

4414P1902
True 0.5126
False 0.4874

4414P1902_b
True 0.5126
False 0.4874

1324P1017_b
True 0.2188
False 0.7812

1448P1698_b
True 0.3761
False 0.6239

4415P1958
True 0.5126
False 0.4874

4415P1958_b
True 0.5126
False 0.4874

4416P2007
True 0.7624
False 0.2376

4416P2007_b
True 0.7624
False 0.2376

4425P2047
True 0.7644
False 0.2356

4425P2047_b
True 0.7644
False 0.2356

4419P1702_b
True 0.0082
False 0.9918

4424P2109
True 0.7644
False 0.2356

4424P2109_b
True 0.7644
False 0.2356

4426P2155
True 0.9445
False 0.0555

4426P2155_b
True 0.9445
False 0.0555

4435P2212
True 0.9956
False 0.0044

4435P2212_b
True 0.9956
False 0.0044

1422P1439_b
True 0.9209
False 0.0791

4434P2263
True 0.9956
False 0.0044

4434P2263_b
True 0.9956
False 0.0044

4436P2283
True 1.0
False 0.0

4436P2283_b
True 1.0
False 0.0

4445P2307
True 1.0
False 0.0

4445P2307_b
True 1.0
False 0.0

1307P1427_b
True 0.9209
False 0.0791

4444P2322
True 1.0
False 0.0

4444P2322_b
True 1.0
False 0.0

4446P2331
True 1.0
False 0.0

4446P2331_b
True 1.0
False 0.0

4455P2344
True 1.0
False 0.0

4455P2344_b
True 1.0
False 0.0

1278P1433_b
True 0.9209
False 0.0791

4454P2352
True 1.0
False 0.0

4454P2352_b
True 1.0
False 0.0

4456P2361
True 1.0
False 0.0

4456P2361_b
True 1.0
False 0.0

1493P2373
True 1.0
False 0.0

1493P2373_b
True 1.0
False 0.0

1289P1428_b
True 0.9209
False 0.0791

1492P2385
True 1.0
False 0.0

1492P2385_b
True 1.0
False 0.0

1494P2394
True 1.0
False 0.0

1513P2405
True 0.3225
False 0.6775

1444P1531
True 0.781
False 0.219

1442P1535
True 0.2014
False 0.7986

1443P1562
True 0.1855
False 0.8145

4361P1703
True 0.8887
False 0.1113

4348P1016
True 0.2188
False 0.7812

1481P1528
True 0.8481
False 0.1519

4351P1805
True 0.9052
False 0.0948

4351P1805_b
True 0.9052
False 0.0948

4356P1901
True 0.9259
False 0.0741

4356P1901_b
True 0.9259
False 0.0741

4348P1016_b
True 0.2188
False 0.7812

4357P1957
True 0.9259
False 0.0741

4357P1957_b
True 0.9259
False 0.0741

4358P2006
True 0.9945
False 0.0055

4358P2006_b
True 0.9945
False 0.0055

4367P2048
True 0.9994
False 0.0006

4367P2048_b
True 0.9994
False 0.0006

4361P1703_b
True 0.8887
False 0.1113

4366P2110
True 0.9994
False 0.0006

4366P2110_b
True 0.9994
False 0.0006

4368P2156
True 1.0
False 0.0

4368P2156_b
True 1.0
False 0.0

4377P2213
True 1.0
False 0.0

4377P2213_b
True 1.0
False 0.0

4376P2264
True 1.0
False 0.0

4376P2264_b
True 1.0
False 0.0

4378P2284
True 1.0
False 0.0

4378P2284_b
True 1.0
False 0.0

4387P2306
True 1.0
False 0.0

4387P2306_b
True 1.0
False 0.0

4386P2321
True 1.0
False 0.0

4386P2321_b
True 1.0
False 0.0

4388P2330
True 1.0
False 0.0

4388P2330_b
True 1.0
False 0.0

4397P2345
True 1.0
False 0.0

4397P2345_b
True 1.0
False 0.0

4396P2353
True 1.0
False 0.0

4396P2353_b
True 1.0
False 0.0

4398P2362
True 1.0
False 0.0

4398P2362_b
True 1.0
False 0.0

1488P2372
True 1.0
False 0.0

1488P2372_b
True 1.0
False 0.0

1487P2384
True 1.0
False 0.0

1487P2384_b
True 1.0
False 0.0

1489P2393
True 1.0
False 0.0

1514P2406
True 0.3225
False 0.6775

1451P1551_b
True 0.6623
False 0.3377

1483P1895
True 0.4272
False 0.5728

1483P1895_b
True 0.4272
False 0.5728

1516P2407
True 0.2136
False 0.7864

1515P2408
True 0.2136
False 0.7864

4620P2415
True 0.7161
False 0.2839

1468P1572
True 0.7192
False 0.2808

1466P1577
True 0.1855
False 0.8145

1465P1584
True 0.2014
False 0.7986

1467P1596
True 0.1708
False 0.8292

4487P1743
True 0.8817
False 0.1183

1482P1575
True 0.8481
False 0.1519

1477P1600
True 0.2014
False 0.7986

1478P1731
True 0.3761
False 0.6239

4477P1825
True 0.9052
False 0.0948

4464P1032
True 0.2188
False 0.7812

1474P1573
True 0.781
False 0.219

1472P1580
True 0.2014
False 0.7986

1473P1599
True 0.1855
False 0.8145

4467P1735
True 0.8887
False 0.1113

4467P1735_b
True 0.8887
False 0.1113

4472P1836
True 0.9131
False 0.0869

4472P1836_b
True 0.9131
False 0.0869

4464P1032_b
True 0.2188
False 0.7812

4473P1910
True 0.9131
False 0.0869

4473P1910_b
True 0.9131
False 0.0869

4474P1964
True 0.9924
False 0.0076

4474P1964_b
True 0.9924
False 0.0076

4483P2010
True 0.9993
False 0.0007

4483P2010_b
True 0.9993
False 0.0007

4477P1825_b
True 0.9052
False 0.0948

4482P2055
True 0.9993
False 0.0007

4482P2055_b
True 0.9993
False 0.0007

4484P2114
True 1.0
False 0.0

4484P2114_b
True 1.0
False 0.0

4493P2162
True 1.0
False 0.0

4493P2162_b
True 1.0
False 0.0

4487P1743_b
True 0.8817
False 0.1183

4492P2215
True 1.0
False 0.0

4492P2215_b
True 1.0
False 0.0

4494P2266
True 1.0
False 0.0

4494P2266_b
True 1.0
False 0.0

4503P2288
True 1.0
False 0.0

4503P2288_b
True 1.0
False 0.0

1430P1451_b
True 0.9209
False 0.0791

4502P2311
True 1.0
False 0.0

4502P2311_b
True 1.0
False 0.0

4504P2324
True 1.0
False 0.0

4504P2324_b
True 1.0
False 0.0

4513P2332
True 1.0
False 0.0

4513P2332_b
True 1.0
False 0.0

1390P1443_b
True 0.9209
False 0.0791

4512P2346
True 1.0
False 0.0

4512P2346_b
True 1.0
False 0.0

4514P2354
True 1.0
False 0.0

4514P2354_b
True 1.0
False 0.0

4523P2364
True 1.0
False 0.0

4523P2364_b
True 1.0
False 0.0

1332P1435_b
True 0.9209
False 0.0791

4522P2377
True 1.0
False 0.0

4522P2377_b
True 1.0
False 0.0

4524P2387
True 1.0
False 0.0

4524P2387_b
True 1.0
False 0.0

4533P2398
True 1.0
False 0.0

4533P2398_b
True 1.0
False 0.0

1365P1445_b
True 0.9209
False 0.0791

4532P2413
True 1.0
False 0.0

4532P2413_b
True 1.0
False 0.0

4534P2419
True 1.0
False 0.0

4534P2419_b
True 1.0
False 0.0

1507P2428
True 1.0
False 0.0

1507P2428_b
True 1.0
False 0.0

1344P1449_b
True 0.9209
False 0.0791

1506P2432
True 1.0
False 0.0

1506P2432_b
True 1.0
False 0.0

1508P2435
True 1.0
False 0.0

1518P2436
True 0.5
False 0.5

1359P1029_b
True 0.2188
False 0.7812

1470P1576
True 0.1855
False 0.8145

1470P1576_b
True 0.1855
False 0.8145

1469P1583
True 0.2014
False 0.7986

1469P1583_b
True 0.2014
False 0.7986

1471P1598
True 0.1708
False 0.8292

1471P1598_b
True 0.1708
False 0.8292

4575P1742
True 0.0014
False 0.9986

1478P1731_b
True 0.3761
False 0.6239

1382P1024_b
True 0.2188
False 0.7812

1475P1579
True 0.2014
False 0.7986

1475P1579_b
True 0.2014
False 0.7986

1476P1601
True 0.1855
False 0.8145

1476P1601_b
True 0.1855
False 0.8145

4555P1734
True 0.0082
False 0.9918

4555P1734_b
True 0.0082
False 0.9918

4560P1837
True 0.2251
False 0.7749

4560P1837_b
True 0.2251
False 0.7749

1412P1033_b
True 0.2188
False 0.7812

4561P1911
True 0.2251
False 0.7749

4561P1911_b
True 0.2251
False 0.7749

4562P1965
True 0.3996
False 0.6004

4562P1965_b
True 0.3996
False 0.6004

4571P2011
True 0.6254
False 0.3746

4571P2011_b
True 0.6254
False 0.3746

4570P2056
True 0.6254
False 0.3746

4570P2056_b
True 0.6254
False 0.3746

4572P2115
True 0.8597
False 0.1403

4572P2115_b
True 0.8597
False 0.1403

4581P2161
True 0.8599
False 0.1401

4581P2161_b
True 0.8599
False 0.1401

4575P1742_b
True 0.0014
False 0.9986

4580P2214
True 0.8599
False 0.1401

4580P2214_b
True 0.8599
False 0.1401

4582P2265
True 0.9804
False 0.0196

4582P2265_b
True 0.9804
False 0.0196

4591P2287
True 0.9984
False 0.0016

4591P2287_b
True 0.9984
False 0.0016

4590P2310
True 0.9984
False 0.0016

4590P2310_b
True 0.9984
False 0.0016

4592P2323
True 1.0
False 0.0

4592P2323_b
True 1.0
False 0.0

4601P2333
True 1.0
False 0.0

4601P2333_b
True 1.0
False 0.0

4600P2347
True 1.0
False 0.0

4600P2347_b
True 1.0
False 0.0

4602P2355
True 1.0
False 0.0

4602P2355_b
True 1.0
False 0.0

4611P2363
True 1.0
False 0.0

4611P2363_b
True 1.0
False 0.0

4610P2376
True 1.0
False 0.0

4610P2376_b
True 1.0
False 0.0

4612P2386
True 1.0
False 0.0

4612P2386_b
True 1.0
False 0.0

4543P2397
True 1.0
False 0.0

4543P2397_b
True 1.0
False 0.0

4542P2412
True 1.0
False 0.0

4542P2412_b
True 1.0
False 0.0

4544P2418
True 1.0
False 0.0

4544P2418_b
True 1.0
False 0.0

1510P2427
True 1.0
False 0.0

1510P2427_b
True 1.0
False 0.0

1509P2431
True 1.0
False 0.0

1509P2431_b
True 1.0
False 0.0

1511P2434
True 1.0
False 0.0

1511P2434_b
True 1.0
False 0.0

1517P2440
True 0.5
False 0.5

4623P2442
True 0.75
False 0.25

4623P2442_b
True 0.75
False 0.25

1519P2445
True 0.929
False 0.071

1519P2445_b
True 0.929
False 0.071

4620P2415_b
True 0.7161
False 0.2839

1520P2448
True 0.929
False 0.071

1520P2448_b
True 0.929
False 0.071

1521P2450
True 0.995
False 0.005

879P2452
True 0.2487
False 0.7513

880P815
True 0.125
False 0.875

881P370
True 0.25
False 0.75

B118
True 0.6299
False 0.3701

882P2456
True 0.6299
False 0.3701

3646P636
True 0.25
False 0.75

3651P2193
True 0.5
False 0.5

2198P2449_b
True 0.9944
False 0.0056

3652P2457
True 0.4972
False 0.5028

3658P2460
True 0.7486
False 0.2514

3645P2464
True 0.3743
False 0.6257

3656P2467
True 0.5307
False 0.4693

763P2472
True 0.1327
False 0.8673

3643P634
True 0.25
False 0.75

3648P2192
True 0.4986
False 0.5014

1521P2450_b
True 0.995
False 0.005

3649P2458
True 0.4975
False 0.5025

3657P2459
True 0.7481
False 0.2519

3642P2462
True 0.374
False 0.626

3655P2465
True 0.5305
False 0.4695

764P2471
True 0.1326
False 0.8674

765P847
True 0.125
False 0.875

766P644
True 0.125
False 0.875

B119
True 0.424
False 0.576

767P2479
True 0.424
False 0.576

803P2469
True 0.1327
False 0.8673

804P2470
True 0.1326
False 0.8674

805P846
True 0.125
False 0.875

806P645
True 0.125
False 0.875

B120
True 0.424
False 0.576

807P2480
True 0.424
False 0.576

1661P601
True 0.125
False 0.875

1660P799
True 0.125
False 0.875

3640P637
True 0.25
False 0.75

3639P2463
True 0.3743
False 0.6257

3654P2468
True 0.5307
False 0.4693

1657P2475
True 0.1327
False 0.8673

3637P635
True 0.25
False 0.75

3636P2461
True 0.374
False 0.626

3653P2466
True 0.5305
False 0.4695

1659P2476
True 0.1326
False 0.8674

1662P2477
True 0.424
False 0.576

657P2481
True 0.212
False 0.788

B121
True 0.212
False 0.788

658P2483
True 0.212
False 0.788

2332P602
True 0.125
False 0.875

2331P798
True 0.125
False 0.875

2328P2473
True 0.1327
False 0.8673

2330P2474
True 0.1326
False 0.8674

2333P2478
True 0.424
False 0.576

689P2482
True 0.212
False 0.788

B122
True 0.212
False 0.788

690P2484
True 0.212
False 0.788

