a[45]
True 0.5
False 0.5

a[52]
True 0.5
False 0.5

a[39]
True 0.5
False 0.5

b[40]
True 0.5
False 0.5

b[32]
True 0.5
False 0.5

a[6]
True 0.5
False 0.5

b[53]
True 0.5
False 0.5

a[88]
True 0.5
False 0.5

a[36]
True 0.5
False 0.5

a[101]
True 0.5
False 0.5

b[117]
True 0.5
False 0.5

a[117]
True 0.5
False 0.5

b[87]
True 0.5
False 0.5

a[13]
True 0.5
False 0.5

b[105]
True 0.5
False 0.5

a[9]
True 0.5
False 0.5

b[92]
True 0.5
False 0.5

b[59]
True 0.5
False 0.5

a[65]
True 0.5
False 0.5

b[13]
True 0.5
False 0.5

a[41]
True 0.5
False 0.5

a[125]
True 0.5
False 0.5

b[82]
True 0.5
False 0.5

a[103]
True 0.5
False 0.5

a[54]
True 0.5
False 0.5

a[47]
True 0.5
False 0.5

b[69]
True 0.5
False 0.5

b[2]
True 0.5
False 0.5

a[93]
True 0.5
False 0.5

b[7]
True 0.5
False 0.5

a[94]
True 0.5
False 0.5

b[108]
True 0.5
False 0.5

b[28]
True 0.5
False 0.5

b[111]
True 0.5
False 0.5

a[112]
True 0.5
False 0.5

a[60]
True 0.5
False 0.5

a[21]
True 0.5
False 0.5

b[95]
True 0.5
False 0.5

b[78]
True 0.5
False 0.5

b[80]
True 0.5
False 0.5

a[32]
True 0.5
False 0.5

a[73]
True 0.5
False 0.5

a[80]
True 0.5
False 0.5

a[42]
True 0.5
False 0.5

b[3]
True 0.5
False 0.5

a[114]
True 0.5
False 0.5

a[116]
True 0.5
False 0.5

a[123]
True 0.5
False 0.5

b[17]
True 0.5
False 0.5

a[72]
True 0.5
False 0.5

a[91]
True 0.5
False 0.5

a[102]
True 0.5
False 0.5

a[19]
True 0.5
False 0.5

a[118]
True 0.5
False 0.5

b[43]
True 0.5
False 0.5

a[85]
True 0.5
False 0.5

b[23]
True 0.5
False 0.5

a[56]
True 0.5
False 0.5

a[69]
True 0.5
False 0.5

b[85]
True 0.5
False 0.5

a[70]
True 0.5
False 0.5

b[10]
True 0.5
False 0.5

b[107]
True 0.5
False 0.5

b[115]
True 0.5
False 0.5

a[76]
True 0.5
False 0.5

b[102]
True 0.5
False 0.5

a[108]
True 0.5
False 0.5

b[19]
True 0.5
False 0.5

b[75]
True 0.5
False 0.5

b[89]
True 0.5
False 0.5

a[126]
True 0.5
False 0.5

b[48]
True 0.5
False 0.5

a[46]
True 0.5
False 0.5

b[25]
True 0.5
False 0.5

b[56]
True 0.5
False 0.5

b[51]
True 0.5
False 0.5

b[73]
True 0.5
False 0.5

a[0]
True 0.5
False 0.5

b[50]
True 0.5
False 0.5

a[81]
True 0.5
False 0.5

b[41]
True 0.5
False 0.5

a[97]
True 0.5
False 0.5

a[59]
True 0.5
False 0.5

a[23]
True 0.5
False 0.5

b[42]
True 0.5
False 0.5

a[110]
True 0.5
False 0.5

b[106]
True 0.5
False 0.5

b[93]
True 0.5
False 0.5

a[8]
True 0.5
False 0.5

a[98]
True 0.5
False 0.5

a[107]
True 0.5
False 0.5

a[127]
True 0.5
False 0.5

b[120]
True 0.5
False 0.5

a[26]
True 0.5
False 0.5

b[8]
True 0.5
False 0.5

b[21]
True 0.5
False 0.5

a[37]
True 0.5
False 0.5

b[15]
True 0.5
False 0.5

a[5]
True 0.5
False 0.5

a[78]
True 0.5
False 0.5

b[47]
True 0.5
False 0.5

a[55]
True 0.5
False 0.5

b[96]
True 0.5
False 0.5

b[118]
True 0.5
False 0.5

b[124]
True 0.5
False 0.5

b[125]
True 0.5
False 0.5

b[67]
True 0.5
False 0.5

b[64]
True 0.5
False 0.5

a[100]
True 0.5
False 0.5

b[94]
True 0.5
False 0.5

b[81]
True 0.5
False 0.5

a[95]
True 0.5
False 0.5

a[43]
True 0.5
False 0.5

a[38]
True 0.5
False 0.5

a[67]
True 0.5
False 0.5

b[55]
True 0.5
False 0.5

b[98]
True 0.5
False 0.5

b[38]
True 0.5
False 0.5

a[79]
True 0.5
False 0.5

a[33]
True 0.5
False 0.5

a[104]
True 0.5
False 0.5

a[105]
True 0.5
False 0.5

a[77]
True 0.5
False 0.5

b[6]
True 0.5
False 0.5

b[20]
True 0.5
False 0.5

b[60]
True 0.5
False 0.5

b[100]
True 0.5
False 0.5

b[126]
True 0.5
False 0.5

b[0]
True 0.5
False 0.5

a[83]
True 0.5
False 0.5

a[64]
True 0.5
False 0.5

a[50]
True 0.5
False 0.5

b[121]
True 0.5
False 0.5

b[1]
True 0.5
False 0.5

b[74]
True 0.5
False 0.5

b[123]
True 0.5
False 0.5

a[71]
True 0.5
False 0.5

a[113]
True 0.5
False 0.5

a[30]
True 0.5
False 0.5

a[25]
True 0.5
False 0.5

a[124]
True 0.5
False 0.5

a[24]
True 0.5
False 0.5

a[87]
True 0.5
False 0.5

a[109]
True 0.5
False 0.5

a[28]
True 0.5
False 0.5

b[45]
True 0.5
False 0.5

a[99]
True 0.5
False 0.5

b[62]
True 0.5
False 0.5

a[74]
True 0.5
False 0.5

a[10]
True 0.5
False 0.5

a[12]
True 0.5
False 0.5

a[115]
True 0.5
False 0.5

a[7]
True 0.5
False 0.5

b[97]
True 0.5
False 0.5

b[44]
True 0.5
False 0.5

a[49]
True 0.5
False 0.5

a[15]
True 0.5
False 0.5

a[122]
True 0.5
False 0.5

b[11]
True 0.5
False 0.5

b[24]
True 0.5
False 0.5

b[103]
True 0.5
False 0.5

b[104]
True 0.5
False 0.5

a[119]
True 0.5
False 0.5

a[11]
True 0.5
False 0.5

b[9]
True 0.5
False 0.5

b[39]
True 0.5
False 0.5

b[91]
True 0.5
False 0.5

b[113]
True 0.5
False 0.5

b[37]
True 0.5
False 0.5

b[84]
True 0.5
False 0.5

b[90]
True 0.5
False 0.5

a[61]
True 0.5
False 0.5

a[17]
True 0.5
False 0.5

a[120]
True 0.5
False 0.5

b[54]
True 0.5
False 0.5

a[111]
True 0.5
False 0.5

b[61]
True 0.5
False 0.5

a[20]
True 0.5
False 0.5

b[77]
True 0.5
False 0.5

b[79]
True 0.5
False 0.5

b[70]
True 0.5
False 0.5

a[16]
True 0.5
False 0.5

b[18]
True 0.5
False 0.5

b[114]
True 0.5
False 0.5

a[1]
True 0.5
False 0.5

a[44]
True 0.5
False 0.5

b[49]
True 0.5
False 0.5

b[58]
True 0.5
False 0.5

b[14]
True 0.5
False 0.5

b[68]
True 0.5
False 0.5

b[72]
True 0.5
False 0.5

b[31]
True 0.5
False 0.5

a[48]
True 0.5
False 0.5

b[127]
True 0.5
False 0.5

a[89]
True 0.5
False 0.5

b[22]
True 0.5
False 0.5

a[3]
True 0.5
False 0.5

a[75]
True 0.5
False 0.5

b[66]
True 0.5
False 0.5

b[12]
True 0.5
False 0.5

b[110]
True 0.5
False 0.5

a[35]
True 0.5
False 0.5

a[34]
True 0.5
False 0.5

b[109]
True 0.5
False 0.5

a[14]
True 0.5
False 0.5

a[57]
True 0.5
False 0.5

a[4]
True 0.5
False 0.5

b[86]
True 0.5
False 0.5

b[122]
True 0.5
False 0.5

a[40]
True 0.5
False 0.5

b[71]
True 0.5
False 0.5

b[112]
True 0.5
False 0.5

b[29]
True 0.5
False 0.5

b[52]
True 0.5
False 0.5

a[82]
True 0.5
False 0.5

a[18]
True 0.5
False 0.5

a[62]
True 0.5
False 0.5

a[2]
True 0.5
False 0.5

a[29]
True 0.5
False 0.5

b[35]
True 0.5
False 0.5

b[5]
True 0.5
False 0.5

a[66]
True 0.5
False 0.5

a[31]
True 0.5
False 0.5

b[57]
True 0.5
False 0.5

a[51]
True 0.5
False 0.5

b[46]
True 0.5
False 0.5

a[86]
True 0.5
False 0.5

b[33]
True 0.5
False 0.5

b[76]
True 0.5
False 0.5

b[99]
True 0.5
False 0.5

a[121]
True 0.5
False 0.5

a[63]
True 0.5
False 0.5

b[65]
True 0.5
False 0.5

a[90]
True 0.5
False 0.5

b[88]
True 0.5
False 0.5

b[27]
True 0.5
False 0.5

a[68]
True 0.5
False 0.5

b[119]
True 0.5
False 0.5

b[4]
True 0.5
False 0.5

b[83]
True 0.5
False 0.5

b[26]
True 0.5
False 0.5

a[92]
True 0.5
False 0.5

a[27]
True 0.5
False 0.5

b[16]
True 0.5
False 0.5

a[84]
True 0.5
False 0.5

a[96]
True 0.5
False 0.5

b[101]
True 0.5
False 0.5

b[36]
True 0.5
False 0.5

a[22]
True 0.5
False 0.5

a[106]
True 0.5
False 0.5

b[30]
True 0.5
False 0.5

a[58]
True 0.5
False 0.5

a[53]
True 0.5
False 0.5

b[34]
True 0.5
False 0.5

b[116]
True 0.5
False 0.5

b[63]
True 0.5
False 0.5

b[0]_not
True 0.5
False 0.5

n386
True 0.25
False 0.75

a[0]_not
True 0.5
False 0.5

n387
True 0.25
False 0.75

n386_not
True 0.25
False 0.75

n387_not
True 0.25
False 0.75

f[0]
True 0.0625
False 0.9375

n389
True 0.25
False 0.75

a[1]_not
True 0.5
False 0.5

b[1]_not
True 0.5
False 0.5

n390
True 0.25
False 0.75

n391
True 0.25
False 0.75

n390_not
True 0.25
False 0.75

n391_not
True 0.25
False 0.75

n392
True 0.0625
False 0.9375

n392_not
True 0.0625
False 0.9375

n393
True 0.0156
False 0.9844

n389_not
True 0.25
False 0.75

n394
True 0.0156
False 0.9844

n393_not
True 0.0156
False 0.9844

n394_not
True 0.0156
False 0.9844

f[1]
True 0.0002
False 0.9998

n396
True 0.0625
False 0.9375

n396_not
True 0.0625
False 0.9375

n397
True 0.0156
False 0.9844

a[2]_not
True 0.5
False 0.5

b[2]_not
True 0.5
False 0.5

n398
True 0.25
False 0.75

n399
True 0.25
False 0.75

n398_not
True 0.25
False 0.75

n399_not
True 0.25
False 0.75

n400
True 0.0625
False 0.9375

n400_not
True 0.0625
False 0.9375

n401
True 0.001
False 0.999

n397_not
True 0.0156
False 0.9844

n402
True 0.001
False 0.999

n401_not
True 0.001
False 0.999

n402_not
True 0.001
False 0.999

f[2]
True 0.0
False 1.0

n404
True 0.0039
False 0.9961

n404_not
True 0.0039
False 0.9961

n405
True 0.001
False 0.999

a[3]_not
True 0.5
False 0.5

b[3]_not
True 0.5
False 0.5

n406
True 0.25
False 0.75

n407
True 0.25
False 0.75

n406_not
True 0.25
False 0.75

n407_not
True 0.25
False 0.75

n408
True 0.0625
False 0.9375

n408_not
True 0.0625
False 0.9375

n409
True 0.0001
False 0.9999

n405_not
True 0.001
False 0.999

n410
True 0.0001
False 0.9999

n409_not
True 0.0001
False 0.9999

n410_not
True 0.0001
False 0.9999

f[3]
True 0.0
False 1.0

n412
True 0.0002
False 0.9998

n412_not
True 0.0002
False 0.9998

n413
True 0.0001
False 0.9999

a[4]_not
True 0.5
False 0.5

b[4]_not
True 0.5
False 0.5

n414
True 0.25
False 0.75

n415
True 0.25
False 0.75

n414_not
True 0.25
False 0.75

n415_not
True 0.25
False 0.75

n416
True 0.0625
False 0.9375

n416_not
True 0.0625
False 0.9375

n417
True 0.0
False 1.0

n413_not
True 0.0001
False 0.9999

n418
True 0.0
False 1.0

n417_not
True 0.0
False 1.0

n418_not
True 0.0
False 1.0

f[4]
True 0.0
False 1.0

n420
True 0.0
False 1.0

n420_not
True 0.0
False 1.0

n421
True 0.0
False 1.0

a[5]_not
True 0.5
False 0.5

b[5]_not
True 0.5
False 0.5

n422
True 0.25
False 0.75

n423
True 0.25
False 0.75

n422_not
True 0.25
False 0.75

n423_not
True 0.25
False 0.75

n424
True 0.0625
False 0.9375

n424_not
True 0.0625
False 0.9375

n425
True 0.0
False 1.0

n421_not
True 0.0
False 1.0

n426
True 0.0
False 1.0

n425_not
True 0.0
False 1.0

n426_not
True 0.0
False 1.0

f[5]
True 0.0
False 1.0

n428
True 0.0
False 1.0

n428_not
True 0.0
False 1.0

n429
True 0.0
False 1.0

a[6]_not
True 0.5
False 0.5

b[6]_not
True 0.5
False 0.5

n430
True 0.25
False 0.75

n431
True 0.25
False 0.75

n430_not
True 0.25
False 0.75

n431_not
True 0.25
False 0.75

n432
True 0.0625
False 0.9375

n432_not
True 0.0625
False 0.9375

n433
True 0.0
False 1.0

n429_not
True 0.0
False 1.0

n434
True 0.0
False 1.0

n433_not
True 0.0
False 1.0

n434_not
True 0.0
False 1.0

f[6]
True 0.0
False 1.0

n436
True 0.0
False 1.0

n436_not
True 0.0
False 1.0

n437
True 0.0
False 1.0

a[7]_not
True 0.5
False 0.5

b[7]_not
True 0.5
False 0.5

n438
True 0.25
False 0.75

n439
True 0.25
False 0.75

n438_not
True 0.25
False 0.75

n439_not
True 0.25
False 0.75

n440
True 0.0625
False 0.9375

n440_not
True 0.0625
False 0.9375

n441
True 0.0
False 1.0

n437_not
True 0.0
False 1.0

n442
True 0.0
False 1.0

n441_not
True 0.0
False 1.0

n442_not
True 0.0
False 1.0

f[7]
True 0.0
False 1.0

n444
True 0.0
False 1.0

n444_not
True 0.0
False 1.0

n445
True 0.0
False 1.0

a[8]_not
True 0.5
False 0.5

b[8]_not
True 0.5
False 0.5

n446
True 0.25
False 0.75

n447
True 0.25
False 0.75

n446_not
True 0.25
False 0.75

n447_not
True 0.25
False 0.75

n448
True 0.0625
False 0.9375

n448_not
True 0.0625
False 0.9375

n449
True 0.0
False 1.0

n445_not
True 0.0
False 1.0

n450
True 0.0
False 1.0

n449_not
True 0.0
False 1.0

n450_not
True 0.0
False 1.0

f[8]
True 0.0
False 1.0

n452
True 0.0
False 1.0

n452_not
True 0.0
False 1.0

n453
True 0.0
False 1.0

a[9]_not
True 0.5
False 0.5

b[9]_not
True 0.5
False 0.5

n454
True 0.25
False 0.75

n455
True 0.25
False 0.75

n454_not
True 0.25
False 0.75

n455_not
True 0.25
False 0.75

n456
True 0.0625
False 0.9375

n456_not
True 0.0625
False 0.9375

n457
True 0.0
False 1.0

n453_not
True 0.0
False 1.0

n458
True 0.0
False 1.0

n457_not
True 0.0
False 1.0

n458_not
True 0.0
False 1.0

f[9]
True 0.0
False 1.0

n460
True 0.0
False 1.0

n460_not
True 0.0
False 1.0

n461
True 0.0
False 1.0

a[10]_not
True 0.5
False 0.5

b[10]_not
True 0.5
False 0.5

n462
True 0.25
False 0.75

n463
True 0.25
False 0.75

n462_not
True 0.25
False 0.75

n463_not
True 0.25
False 0.75

n464
True 0.0625
False 0.9375

n464_not
True 0.0625
False 0.9375

n465
True 0.0
False 1.0

n461_not
True 0.0
False 1.0

n466
True 0.0
False 1.0

n465_not
True 0.0
False 1.0

n466_not
True 0.0
False 1.0

f[10]
True 0.0
False 1.0

n468
True 0.0
False 1.0

n468_not
True 0.0
False 1.0

n469
True 0.0
False 1.0

a[11]_not
True 0.5
False 0.5

b[11]_not
True 0.5
False 0.5

n470
True 0.25
False 0.75

n471
True 0.25
False 0.75

n470_not
True 0.25
False 0.75

n471_not
True 0.25
False 0.75

n472
True 0.0625
False 0.9375

n472_not
True 0.0625
False 0.9375

n473
True 0.0
False 1.0

n469_not
True 0.0
False 1.0

n474
True 0.0
False 1.0

n473_not
True 0.0
False 1.0

n474_not
True 0.0
False 1.0

f[11]
True 0.0
False 1.0

n476
True 0.0
False 1.0

n476_not
True 0.0
False 1.0

n477
True 0.0
False 1.0

a[12]_not
True 0.5
False 0.5

b[12]_not
True 0.5
False 0.5

n478
True 0.25
False 0.75

n479
True 0.25
False 0.75

n478_not
True 0.25
False 0.75

n479_not
True 0.25
False 0.75

n480
True 0.0625
False 0.9375

n480_not
True 0.0625
False 0.9375

n481
True 0.0
False 1.0

n477_not
True 0.0
False 1.0

n482
True 0.0
False 1.0

n481_not
True 0.0
False 1.0

n482_not
True 0.0
False 1.0

f[12]
True 0.0
False 1.0

n484
True 0.0
False 1.0

n484_not
True 0.0
False 1.0

n485
True 0.0
False 1.0

a[13]_not
True 0.5
False 0.5

b[13]_not
True 0.5
False 0.5

n486
True 0.25
False 0.75

n487
True 0.25
False 0.75

n486_not
True 0.25
False 0.75

n487_not
True 0.25
False 0.75

n488
True 0.0625
False 0.9375

n488_not
True 0.0625
False 0.9375

n489
True 0.0
False 1.0

n485_not
True 0.0
False 1.0

n490
True 0.0
False 1.0

n489_not
True 0.0
False 1.0

n490_not
True 0.0
False 1.0

f[13]
True 0.0
False 1.0

n492
True 0.0
False 1.0

n492_not
True 0.0
False 1.0

n493
True 0.0
False 1.0

a[14]_not
True 0.5
False 0.5

b[14]_not
True 0.5
False 0.5

n494
True 0.25
False 0.75

n495
True 0.25
False 0.75

n494_not
True 0.25
False 0.75

n495_not
True 0.25
False 0.75

n496
True 0.0625
False 0.9375

n496_not
True 0.0625
False 0.9375

n497
True 0.0
False 1.0

n493_not
True 0.0
False 1.0

n498
True 0.0
False 1.0

n497_not
True 0.0
False 1.0

n498_not
True 0.0
False 1.0

f[14]
True 0.0
False 1.0

n500
True 0.0
False 1.0

n500_not
True 0.0
False 1.0

n501
True 0.0
False 1.0

a[15]_not
True 0.5
False 0.5

b[15]_not
True 0.5
False 0.5

n502
True 0.25
False 0.75

n503
True 0.25
False 0.75

n502_not
True 0.25
False 0.75

n503_not
True 0.25
False 0.75

n504
True 0.0625
False 0.9375

n504_not
True 0.0625
False 0.9375

n505
True 0.0
False 1.0

n501_not
True 0.0
False 1.0

n506
True 0.0
False 1.0

n505_not
True 0.0
False 1.0

n506_not
True 0.0
False 1.0

f[15]
True 0.0
False 1.0

n508
True 0.0
False 1.0

n508_not
True 0.0
False 1.0

n509
True 0.0
False 1.0

a[16]_not
True 0.5
False 0.5

b[16]_not
True 0.5
False 0.5

n510
True 0.25
False 0.75

n511
True 0.25
False 0.75

n510_not
True 0.25
False 0.75

n511_not
True 0.25
False 0.75

n512
True 0.0625
False 0.9375

n512_not
True 0.0625
False 0.9375

n513
True 0.0
False 1.0

n509_not
True 0.0
False 1.0

n514
True 0.0
False 1.0

n513_not
True 0.0
False 1.0

n514_not
True 0.0
False 1.0

f[16]
True 0.0
False 1.0

n516
True 0.0
False 1.0

n516_not
True 0.0
False 1.0

n517
True 0.0
False 1.0

a[17]_not
True 0.5
False 0.5

b[17]_not
True 0.5
False 0.5

n518
True 0.25
False 0.75

n519
True 0.25
False 0.75

n518_not
True 0.25
False 0.75

n519_not
True 0.25
False 0.75

n520
True 0.0625
False 0.9375

n520_not
True 0.0625
False 0.9375

n521
True 0.0
False 1.0

n517_not
True 0.0
False 1.0

n522
True 0.0
False 1.0

n521_not
True 0.0
False 1.0

n522_not
True 0.0
False 1.0

f[17]
True 0.0
False 1.0

n524
True 0.0
False 1.0

n524_not
True 0.0
False 1.0

n525
True 0.0
False 1.0

a[18]_not
True 0.5
False 0.5

b[18]_not
True 0.5
False 0.5

n526
True 0.25
False 0.75

n527
True 0.25
False 0.75

n526_not
True 0.25
False 0.75

n527_not
True 0.25
False 0.75

n528
True 0.0625
False 0.9375

n528_not
True 0.0625
False 0.9375

n529
True 0.0
False 1.0

n525_not
True 0.0
False 1.0

n530
True 0.0
False 1.0

n529_not
True 0.0
False 1.0

n530_not
True 0.0
False 1.0

f[18]
True 0.0
False 1.0

n532
True 0.0
False 1.0

n532_not
True 0.0
False 1.0

n533
True 0.0
False 1.0

a[19]_not
True 0.5
False 0.5

b[19]_not
True 0.5
False 0.5

n534
True 0.25
False 0.75

n535
True 0.25
False 0.75

n534_not
True 0.25
False 0.75

n535_not
True 0.25
False 0.75

n536
True 0.0625
False 0.9375

n536_not
True 0.0625
False 0.9375

n537
True 0.0
False 1.0

n533_not
True 0.0
False 1.0

n538
True 0.0
False 1.0

n537_not
True 0.0
False 1.0

n538_not
True 0.0
False 1.0

f[19]
True 0.0
False 1.0

n540
True 0.0
False 1.0

n540_not
True 0.0
False 1.0

n541
True 0.0
False 1.0

a[20]_not
True 0.5
False 0.5

b[20]_not
True 0.5
False 0.5

n542
True 0.25
False 0.75

n543
True 0.25
False 0.75

n542_not
True 0.25
False 0.75

n543_not
True 0.25
False 0.75

n544
True 0.0625
False 0.9375

n544_not
True 0.0625
False 0.9375

n545
True 0.0
False 1.0

n541_not
True 0.0
False 1.0

n546
True 0.0
False 1.0

n545_not
True 0.0
False 1.0

n546_not
True 0.0
False 1.0

f[20]
True 0.0
False 1.0

n548
True 0.0
False 1.0

n548_not
True 0.0
False 1.0

n549
True 0.0
False 1.0

a[21]_not
True 0.5
False 0.5

b[21]_not
True 0.5
False 0.5

n550
True 0.25
False 0.75

n551
True 0.25
False 0.75

n550_not
True 0.25
False 0.75

n551_not
True 0.25
False 0.75

n552
True 0.0625
False 0.9375

n552_not
True 0.0625
False 0.9375

n553
True 0.0
False 1.0

n549_not
True 0.0
False 1.0

n554
True 0.0
False 1.0

n553_not
True 0.0
False 1.0

n554_not
True 0.0
False 1.0

f[21]
True 0.0
False 1.0

n556
True 0.0
False 1.0

n556_not
True 0.0
False 1.0

n557
True 0.0
False 1.0

a[22]_not
True 0.5
False 0.5

b[22]_not
True 0.5
False 0.5

n558
True 0.25
False 0.75

n559
True 0.25
False 0.75

n558_not
True 0.25
False 0.75

n559_not
True 0.25
False 0.75

n560
True 0.0625
False 0.9375

n560_not
True 0.0625
False 0.9375

n561
True 0.0
False 1.0

n557_not
True 0.0
False 1.0

n562
True 0.0
False 1.0

n561_not
True 0.0
False 1.0

n562_not
True 0.0
False 1.0

f[22]
True 0.0
False 1.0

n564
True 0.0
False 1.0

n564_not
True 0.0
False 1.0

n565
True 0.0
False 1.0

a[23]_not
True 0.5
False 0.5

b[23]_not
True 0.5
False 0.5

n566
True 0.25
False 0.75

n567
True 0.25
False 0.75

n566_not
True 0.25
False 0.75

n567_not
True 0.25
False 0.75

n568
True 0.0625
False 0.9375

n568_not
True 0.0625
False 0.9375

n569
True 0.0
False 1.0

n565_not
True 0.0
False 1.0

n570
True 0.0
False 1.0

n569_not
True 0.0
False 1.0

n570_not
True 0.0
False 1.0

f[23]
True 0.0
False 1.0

n572
True 0.0
False 1.0

n572_not
True 0.0
False 1.0

n573
True 0.0
False 1.0

a[24]_not
True 0.5
False 0.5

b[24]_not
True 0.5
False 0.5

n574
True 0.25
False 0.75

n575
True 0.25
False 0.75

n574_not
True 0.25
False 0.75

n575_not
True 0.25
False 0.75

n576
True 0.0625
False 0.9375

n576_not
True 0.0625
False 0.9375

n577
True 0.0
False 1.0

n573_not
True 0.0
False 1.0

n578
True 0.0
False 1.0

n577_not
True 0.0
False 1.0

n578_not
True 0.0
False 1.0

f[24]
True 0.0
False 1.0

n580
True 0.0
False 1.0

n580_not
True 0.0
False 1.0

n581
True 0.0
False 1.0

a[25]_not
True 0.5
False 0.5

b[25]_not
True 0.5
False 0.5

n582
True 0.25
False 0.75

n583
True 0.25
False 0.75

n582_not
True 0.25
False 0.75

n583_not
True 0.25
False 0.75

n584
True 0.0625
False 0.9375

n584_not
True 0.0625
False 0.9375

n585
True 0.0
False 1.0

n581_not
True 0.0
False 1.0

n586
True 0.0
False 1.0

n585_not
True 0.0
False 1.0

n586_not
True 0.0
False 1.0

f[25]
True 0.0
False 1.0

n588
True 0.0
False 1.0

n588_not
True 0.0
False 1.0

n589
True 0.0
False 1.0

a[26]_not
True 0.5
False 0.5

b[26]_not
True 0.5
False 0.5

n590
True 0.25
False 0.75

n591
True 0.25
False 0.75

n590_not
True 0.25
False 0.75

n591_not
True 0.25
False 0.75

n592
True 0.0625
False 0.9375

n592_not
True 0.0625
False 0.9375

n593
True 0.0
False 1.0

n589_not
True 0.0
False 1.0

n594
True 0.0
False 1.0

n593_not
True 0.0
False 1.0

n594_not
True 0.0
False 1.0

f[26]
True 0.0
False 1.0

n596
True 0.0
False 1.0

n596_not
True 0.0
False 1.0

n597
True 0.0
False 1.0

a[27]_not
True 0.5
False 0.5

b[27]_not
True 0.5
False 0.5

n598
True 0.25
False 0.75

n599
True 0.25
False 0.75

n598_not
True 0.25
False 0.75

n599_not
True 0.25
False 0.75

n600
True 0.0625
False 0.9375

n600_not
True 0.0625
False 0.9375

n601
True 0.0
False 1.0

n597_not
True 0.0
False 1.0

n602
True 0.0
False 1.0

n601_not
True 0.0
False 1.0

n602_not
True 0.0
False 1.0

f[27]
True 0.0
False 1.0

n604
True 0.0
False 1.0

n604_not
True 0.0
False 1.0

n605
True 0.0
False 1.0

a[28]_not
True 0.5
False 0.5

b[28]_not
True 0.5
False 0.5

n606
True 0.25
False 0.75

n607
True 0.25
False 0.75

n606_not
True 0.25
False 0.75

n607_not
True 0.25
False 0.75

n608
True 0.0625
False 0.9375

n608_not
True 0.0625
False 0.9375

n609
True 0.0
False 1.0

n605_not
True 0.0
False 1.0

n610
True 0.0
False 1.0

n609_not
True 0.0
False 1.0

n610_not
True 0.0
False 1.0

f[28]
True 0.0
False 1.0

n612
True 0.0
False 1.0

n612_not
True 0.0
False 1.0

n613
True 0.0
False 1.0

a[29]_not
True 0.5
False 0.5

b[29]_not
True 0.5
False 0.5

n614
True 0.25
False 0.75

n615
True 0.25
False 0.75

n614_not
True 0.25
False 0.75

n615_not
True 0.25
False 0.75

n616
True 0.0625
False 0.9375

n616_not
True 0.0625
False 0.9375

n617
True 0.0
False 1.0

n613_not
True 0.0
False 1.0

n618
True 0.0
False 1.0

n617_not
True 0.0
False 1.0

n618_not
True 0.0
False 1.0

f[29]
True 0.0
False 1.0

n620
True 0.0
False 1.0

n620_not
True 0.0
False 1.0

n621
True 0.0
False 1.0

a[30]_not
True 0.5
False 0.5

b[30]_not
True 0.5
False 0.5

n622
True 0.25
False 0.75

n623
True 0.25
False 0.75

n622_not
True 0.25
False 0.75

n623_not
True 0.25
False 0.75

n624
True 0.0625
False 0.9375

n624_not
True 0.0625
False 0.9375

n625
True 0.0
False 1.0

n621_not
True 0.0
False 1.0

n626
True 0.0
False 1.0

n625_not
True 0.0
False 1.0

n626_not
True 0.0
False 1.0

f[30]
True 0.0
False 1.0

n628
True 0.0
False 1.0

n628_not
True 0.0
False 1.0

n629
True 0.0
False 1.0

a[31]_not
True 0.5
False 0.5

b[31]_not
True 0.5
False 0.5

n630
True 0.25
False 0.75

n631
True 0.25
False 0.75

n630_not
True 0.25
False 0.75

n631_not
True 0.25
False 0.75

n632
True 0.0625
False 0.9375

n632_not
True 0.0625
False 0.9375

n633
True 0.0
False 1.0

n629_not
True 0.0
False 1.0

n634
True 0.0
False 1.0

n633_not
True 0.0
False 1.0

n634_not
True 0.0
False 1.0

f[31]
True 0.0
False 1.0

n636
True 0.0
False 1.0

n636_not
True 0.0
False 1.0

n637
True 0.0
False 1.0

a[32]_not
True 0.5
False 0.5

b[32]_not
True 0.5
False 0.5

n638
True 0.25
False 0.75

n639
True 0.25
False 0.75

n638_not
True 0.25
False 0.75

n639_not
True 0.25
False 0.75

n640
True 0.0625
False 0.9375

n640_not
True 0.0625
False 0.9375

n641
True 0.0
False 1.0

n637_not
True 0.0
False 1.0

n642
True 0.0
False 1.0

n641_not
True 0.0
False 1.0

n642_not
True 0.0
False 1.0

f[32]
True 0.0
False 1.0

n644
True 0.0
False 1.0

n644_not
True 0.0
False 1.0

n645
True 0.0
False 1.0

a[33]_not
True 0.5
False 0.5

b[33]_not
True 0.5
False 0.5

n646
True 0.25
False 0.75

n647
True 0.25
False 0.75

n646_not
True 0.25
False 0.75

n647_not
True 0.25
False 0.75

n648
True 0.0625
False 0.9375

n648_not
True 0.0625
False 0.9375

n649
True 0.0
False 1.0

n645_not
True 0.0
False 1.0

n650
True 0.0
False 1.0

n649_not
True 0.0
False 1.0

n650_not
True 0.0
False 1.0

f[33]
True 0.0
False 1.0

n652
True 0.0
False 1.0

n652_not
True 0.0
False 1.0

n653
True 0.0
False 1.0

a[34]_not
True 0.5
False 0.5

b[34]_not
True 0.5
False 0.5

n654
True 0.25
False 0.75

n655
True 0.25
False 0.75

n654_not
True 0.25
False 0.75

n655_not
True 0.25
False 0.75

n656
True 0.0625
False 0.9375

n656_not
True 0.0625
False 0.9375

n657
True 0.0
False 1.0

n653_not
True 0.0
False 1.0

n658
True 0.0
False 1.0

n657_not
True 0.0
False 1.0

n658_not
True 0.0
False 1.0

f[34]
True 0.0
False 1.0

n660
True 0.0
False 1.0

n660_not
True 0.0
False 1.0

n661
True 0.0
False 1.0

a[35]_not
True 0.5
False 0.5

b[35]_not
True 0.5
False 0.5

n662
True 0.25
False 0.75

n663
True 0.25
False 0.75

n662_not
True 0.25
False 0.75

n663_not
True 0.25
False 0.75

n664
True 0.0625
False 0.9375

n664_not
True 0.0625
False 0.9375

n665
True 0.0
False 1.0

n661_not
True 0.0
False 1.0

n666
True 0.0
False 1.0

n665_not
True 0.0
False 1.0

n666_not
True 0.0
False 1.0

f[35]
True 0.0
False 1.0

n668
True 0.0
False 1.0

n668_not
True 0.0
False 1.0

n669
True 0.0
False 1.0

a[36]_not
True 0.5
False 0.5

b[36]_not
True 0.5
False 0.5

n670
True 0.25
False 0.75

n671
True 0.25
False 0.75

n670_not
True 0.25
False 0.75

n671_not
True 0.25
False 0.75

n672
True 0.0625
False 0.9375

n672_not
True 0.0625
False 0.9375

n673
True 0.0
False 1.0

n669_not
True 0.0
False 1.0

n674
True 0.0
False 1.0

n673_not
True 0.0
False 1.0

n674_not
True 0.0
False 1.0

f[36]
True 0.0
False 1.0

n676
True 0.0
False 1.0

n676_not
True 0.0
False 1.0

n677
True 0.0
False 1.0

a[37]_not
True 0.5
False 0.5

b[37]_not
True 0.5
False 0.5

n678
True 0.25
False 0.75

n679
True 0.25
False 0.75

n678_not
True 0.25
False 0.75

n679_not
True 0.25
False 0.75

n680
True 0.0625
False 0.9375

n680_not
True 0.0625
False 0.9375

n681
True 0.0
False 1.0

n677_not
True 0.0
False 1.0

n682
True 0.0
False 1.0

n681_not
True 0.0
False 1.0

n682_not
True 0.0
False 1.0

f[37]
True 0.0
False 1.0

n684
True 0.0
False 1.0

n684_not
True 0.0
False 1.0

n685
True 0.0
False 1.0

a[38]_not
True 0.5
False 0.5

b[38]_not
True 0.5
False 0.5

n686
True 0.25
False 0.75

n687
True 0.25
False 0.75

n686_not
True 0.25
False 0.75

n687_not
True 0.25
False 0.75

n688
True 0.0625
False 0.9375

n688_not
True 0.0625
False 0.9375

n689
True 0.0
False 1.0

n685_not
True 0.0
False 1.0

n690
True 0.0
False 1.0

n689_not
True 0.0
False 1.0

n690_not
True 0.0
False 1.0

f[38]
True 0.0
False 1.0

n692
True 0.0
False 1.0

n692_not
True 0.0
False 1.0

n693
True 0.0
False 1.0

a[39]_not
True 0.5
False 0.5

b[39]_not
True 0.5
False 0.5

n694
True 0.25
False 0.75

n695
True 0.25
False 0.75

n694_not
True 0.25
False 0.75

n695_not
True 0.25
False 0.75

n696
True 0.0625
False 0.9375

n696_not
True 0.0625
False 0.9375

n697
True 0.0
False 1.0

n693_not
True 0.0
False 1.0

n698
True 0.0
False 1.0

n697_not
True 0.0
False 1.0

n698_not
True 0.0
False 1.0

f[39]
True 0.0
False 1.0

n700
True 0.0
False 1.0

n700_not
True 0.0
False 1.0

n701
True 0.0
False 1.0

a[40]_not
True 0.5
False 0.5

b[40]_not
True 0.5
False 0.5

n702
True 0.25
False 0.75

n703
True 0.25
False 0.75

n702_not
True 0.25
False 0.75

n703_not
True 0.25
False 0.75

n704
True 0.0625
False 0.9375

n704_not
True 0.0625
False 0.9375

n705
True 0.0
False 1.0

n701_not
True 0.0
False 1.0

n706
True 0.0
False 1.0

n705_not
True 0.0
False 1.0

n706_not
True 0.0
False 1.0

f[40]
True 0.0
False 1.0

n708
True 0.0
False 1.0

n708_not
True 0.0
False 1.0

n709
True 0.0
False 1.0

a[41]_not
True 0.5
False 0.5

b[41]_not
True 0.5
False 0.5

n710
True 0.25
False 0.75

n711
True 0.25
False 0.75

n710_not
True 0.25
False 0.75

n711_not
True 0.25
False 0.75

n712
True 0.0625
False 0.9375

n712_not
True 0.0625
False 0.9375

n713
True 0.0
False 1.0

n709_not
True 0.0
False 1.0

n714
True 0.0
False 1.0

n713_not
True 0.0
False 1.0

n714_not
True 0.0
False 1.0

f[41]
True 0.0
False 1.0

n716
True 0.0
False 1.0

n716_not
True 0.0
False 1.0

n717
True 0.0
False 1.0

a[42]_not
True 0.5
False 0.5

b[42]_not
True 0.5
False 0.5

n718
True 0.25
False 0.75

n719
True 0.25
False 0.75

n718_not
True 0.25
False 0.75

n719_not
True 0.25
False 0.75

n720
True 0.0625
False 0.9375

n720_not
True 0.0625
False 0.9375

n721
True 0.0
False 1.0

n717_not
True 0.0
False 1.0

n722
True 0.0
False 1.0

n721_not
True 0.0
False 1.0

n722_not
True 0.0
False 1.0

f[42]
True 0.0
False 1.0

n724
True 0.0
False 1.0

n724_not
True 0.0
False 1.0

n725
True 0.0
False 1.0

a[43]_not
True 0.5
False 0.5

b[43]_not
True 0.5
False 0.5

n726
True 0.25
False 0.75

n727
True 0.25
False 0.75

n726_not
True 0.25
False 0.75

n727_not
True 0.25
False 0.75

n728
True 0.0625
False 0.9375

n728_not
True 0.0625
False 0.9375

n729
True 0.0
False 1.0

n725_not
True 0.0
False 1.0

n730
True 0.0
False 1.0

n729_not
True 0.0
False 1.0

n730_not
True 0.0
False 1.0

f[43]
True 0.0
False 1.0

n732
True 0.0
False 1.0

n732_not
True 0.0
False 1.0

n733
True 0.0
False 1.0

a[44]_not
True 0.5
False 0.5

b[44]_not
True 0.5
False 0.5

n734
True 0.25
False 0.75

n735
True 0.25
False 0.75

n734_not
True 0.25
False 0.75

n735_not
True 0.25
False 0.75

n736
True 0.0625
False 0.9375

n736_not
True 0.0625
False 0.9375

n737
True 0.0
False 1.0

n733_not
True 0.0
False 1.0

n738
True 0.0
False 1.0

n737_not
True 0.0
False 1.0

n738_not
True 0.0
False 1.0

f[44]
True 0.0
False 1.0

n740
True 0.0
False 1.0

n740_not
True 0.0
False 1.0

n741
True 0.0
False 1.0

a[45]_not
True 0.5
False 0.5

b[45]_not
True 0.5
False 0.5

n742
True 0.25
False 0.75

n743
True 0.25
False 0.75

n742_not
True 0.25
False 0.75

n743_not
True 0.25
False 0.75

n744
True 0.0625
False 0.9375

n744_not
True 0.0625
False 0.9375

n745
True 0.0
False 1.0

n741_not
True 0.0
False 1.0

n746
True 0.0
False 1.0

n745_not
True 0.0
False 1.0

n746_not
True 0.0
False 1.0

f[45]
True 0.0
False 1.0

n748
True 0.0
False 1.0

n748_not
True 0.0
False 1.0

n749
True 0.0
False 1.0

a[46]_not
True 0.5
False 0.5

b[46]_not
True 0.5
False 0.5

n750
True 0.25
False 0.75

n751
True 0.25
False 0.75

n750_not
True 0.25
False 0.75

n751_not
True 0.25
False 0.75

n752
True 0.0625
False 0.9375

n752_not
True 0.0625
False 0.9375

n753
True 0.0
False 1.0

n749_not
True 0.0
False 1.0

n754
True 0.0
False 1.0

n753_not
True 0.0
False 1.0

n754_not
True 0.0
False 1.0

f[46]
True 0.0
False 1.0

n756
True 0.0
False 1.0

n756_not
True 0.0
False 1.0

n757
True 0.0
False 1.0

a[47]_not
True 0.5
False 0.5

b[47]_not
True 0.5
False 0.5

n758
True 0.25
False 0.75

n759
True 0.25
False 0.75

n758_not
True 0.25
False 0.75

n759_not
True 0.25
False 0.75

n760
True 0.0625
False 0.9375

n760_not
True 0.0625
False 0.9375

n761
True 0.0
False 1.0

n757_not
True 0.0
False 1.0

n762
True 0.0
False 1.0

n761_not
True 0.0
False 1.0

n762_not
True 0.0
False 1.0

f[47]
True 0.0
False 1.0

n764
True 0.0
False 1.0

n764_not
True 0.0
False 1.0

n765
True 0.0
False 1.0

a[48]_not
True 0.5
False 0.5

b[48]_not
True 0.5
False 0.5

n766
True 0.25
False 0.75

n767
True 0.25
False 0.75

n766_not
True 0.25
False 0.75

n767_not
True 0.25
False 0.75

n768
True 0.0625
False 0.9375

n768_not
True 0.0625
False 0.9375

n769
True 0.0
False 1.0

n765_not
True 0.0
False 1.0

n770
True 0.0
False 1.0

n769_not
True 0.0
False 1.0

n770_not
True 0.0
False 1.0

f[48]
True 0.0
False 1.0

n772
True 0.0
False 1.0

n772_not
True 0.0
False 1.0

n773
True 0.0
False 1.0

a[49]_not
True 0.5
False 0.5

b[49]_not
True 0.5
False 0.5

n774
True 0.25
False 0.75

n775
True 0.25
False 0.75

n774_not
True 0.25
False 0.75

n775_not
True 0.25
False 0.75

n776
True 0.0625
False 0.9375

n776_not
True 0.0625
False 0.9375

n777
True 0.0
False 1.0

n773_not
True 0.0
False 1.0

n778
True 0.0
False 1.0

n777_not
True 0.0
False 1.0

n778_not
True 0.0
False 1.0

f[49]
True 0.0
False 1.0

n780
True 0.0
False 1.0

n780_not
True 0.0
False 1.0

n781
True 0.0
False 1.0

a[50]_not
True 0.5
False 0.5

b[50]_not
True 0.5
False 0.5

n782
True 0.25
False 0.75

n783
True 0.25
False 0.75

n782_not
True 0.25
False 0.75

n783_not
True 0.25
False 0.75

n784
True 0.0625
False 0.9375

n784_not
True 0.0625
False 0.9375

n785
True 0.0
False 1.0

n781_not
True 0.0
False 1.0

n786
True 0.0
False 1.0

n785_not
True 0.0
False 1.0

n786_not
True 0.0
False 1.0

f[50]
True 0.0
False 1.0

n788
True 0.0
False 1.0

n788_not
True 0.0
False 1.0

n789
True 0.0
False 1.0

a[51]_not
True 0.5
False 0.5

b[51]_not
True 0.5
False 0.5

n790
True 0.25
False 0.75

n791
True 0.25
False 0.75

n790_not
True 0.25
False 0.75

n791_not
True 0.25
False 0.75

n792
True 0.0625
False 0.9375

n792_not
True 0.0625
False 0.9375

n793
True 0.0
False 1.0

n789_not
True 0.0
False 1.0

n794
True 0.0
False 1.0

n793_not
True 0.0
False 1.0

n794_not
True 0.0
False 1.0

f[51]
True 0.0
False 1.0

n796
True 0.0
False 1.0

n796_not
True 0.0
False 1.0

n797
True 0.0
False 1.0

a[52]_not
True 0.5
False 0.5

b[52]_not
True 0.5
False 0.5

n798
True 0.25
False 0.75

n799
True 0.25
False 0.75

n798_not
True 0.25
False 0.75

n799_not
True 0.25
False 0.75

n800
True 0.0625
False 0.9375

n800_not
True 0.0625
False 0.9375

n801
True 0.0
False 1.0

n797_not
True 0.0
False 1.0

n802
True 0.0
False 1.0

n801_not
True 0.0
False 1.0

n802_not
True 0.0
False 1.0

f[52]
True 0.0
False 1.0

n804
True 0.0
False 1.0

n804_not
True 0.0
False 1.0

n805
True 0.0
False 1.0

a[53]_not
True 0.5
False 0.5

b[53]_not
True 0.5
False 0.5

n806
True 0.25
False 0.75

n807
True 0.25
False 0.75

n806_not
True 0.25
False 0.75

n807_not
True 0.25
False 0.75

n808
True 0.0625
False 0.9375

n808_not
True 0.0625
False 0.9375

n809
True 0.0
False 1.0

n805_not
True 0.0
False 1.0

n810
True 0.0
False 1.0

n809_not
True 0.0
False 1.0

n810_not
True 0.0
False 1.0

f[53]
True 0.0
False 1.0

n812
True 0.0
False 1.0

n812_not
True 0.0
False 1.0

n813
True 0.0
False 1.0

a[54]_not
True 0.5
False 0.5

b[54]_not
True 0.5
False 0.5

n814
True 0.25
False 0.75

n815
True 0.25
False 0.75

n814_not
True 0.25
False 0.75

n815_not
True 0.25
False 0.75

n816
True 0.0625
False 0.9375

n816_not
True 0.0625
False 0.9375

n817
True 0.0
False 1.0

n813_not
True 0.0
False 1.0

n818
True 0.0
False 1.0

n817_not
True 0.0
False 1.0

n818_not
True 0.0
False 1.0

f[54]
True 0.0
False 1.0

n820
True 0.0
False 1.0

n820_not
True 0.0
False 1.0

n821
True 0.0
False 1.0

a[55]_not
True 0.5
False 0.5

b[55]_not
True 0.5
False 0.5

n822
True 0.25
False 0.75

n823
True 0.25
False 0.75

n822_not
True 0.25
False 0.75

n823_not
True 0.25
False 0.75

n824
True 0.0625
False 0.9375

n824_not
True 0.0625
False 0.9375

n825
True 0.0
False 1.0

n821_not
True 0.0
False 1.0

n826
True 0.0
False 1.0

n825_not
True 0.0
False 1.0

n826_not
True 0.0
False 1.0

f[55]
True 0.0
False 1.0

n828
True 0.0
False 1.0

n828_not
True 0.0
False 1.0

n829
True 0.0
False 1.0

a[56]_not
True 0.5
False 0.5

b[56]_not
True 0.5
False 0.5

n830
True 0.25
False 0.75

n831
True 0.25
False 0.75

n830_not
True 0.25
False 0.75

n831_not
True 0.25
False 0.75

n832
True 0.0625
False 0.9375

n832_not
True 0.0625
False 0.9375

n833
True 0.0
False 1.0

n829_not
True 0.0
False 1.0

n834
True 0.0
False 1.0

n833_not
True 0.0
False 1.0

n834_not
True 0.0
False 1.0

f[56]
True 0.0
False 1.0

n836
True 0.0
False 1.0

n836_not
True 0.0
False 1.0

n837
True 0.0
False 1.0

a[57]_not
True 0.5
False 0.5

b[57]_not
True 0.5
False 0.5

n838
True 0.25
False 0.75

n839
True 0.25
False 0.75

n838_not
True 0.25
False 0.75

n839_not
True 0.25
False 0.75

n840
True 0.0625
False 0.9375

n840_not
True 0.0625
False 0.9375

n841
True 0.0
False 1.0

n837_not
True 0.0
False 1.0

n842
True 0.0
False 1.0

n841_not
True 0.0
False 1.0

n842_not
True 0.0
False 1.0

f[57]
True 0.0
False 1.0

n844
True 0.0
False 1.0

n844_not
True 0.0
False 1.0

n845
True 0.0
False 1.0

a[58]_not
True 0.5
False 0.5

b[58]_not
True 0.5
False 0.5

n846
True 0.25
False 0.75

n847
True 0.25
False 0.75

n846_not
True 0.25
False 0.75

n847_not
True 0.25
False 0.75

n848
True 0.0625
False 0.9375

n848_not
True 0.0625
False 0.9375

n849
True 0.0
False 1.0

n845_not
True 0.0
False 1.0

n850
True 0.0
False 1.0

n849_not
True 0.0
False 1.0

n850_not
True 0.0
False 1.0

f[58]
True 0.0
False 1.0

n852
True 0.0
False 1.0

n852_not
True 0.0
False 1.0

n853
True 0.0
False 1.0

a[59]_not
True 0.5
False 0.5

b[59]_not
True 0.5
False 0.5

n854
True 0.25
False 0.75

n855
True 0.25
False 0.75

n854_not
True 0.25
False 0.75

n855_not
True 0.25
False 0.75

n856
True 0.0625
False 0.9375

n856_not
True 0.0625
False 0.9375

n857
True 0.0
False 1.0

n853_not
True 0.0
False 1.0

n858
True 0.0
False 1.0

n857_not
True 0.0
False 1.0

n858_not
True 0.0
False 1.0

f[59]
True 0.0
False 1.0

n860
True 0.0
False 1.0

n860_not
True 0.0
False 1.0

n861
True 0.0
False 1.0

a[60]_not
True 0.5
False 0.5

b[60]_not
True 0.5
False 0.5

n862
True 0.25
False 0.75

n863
True 0.25
False 0.75

n862_not
True 0.25
False 0.75

n863_not
True 0.25
False 0.75

n864
True 0.0625
False 0.9375

n864_not
True 0.0625
False 0.9375

n865
True 0.0
False 1.0

n861_not
True 0.0
False 1.0

n866
True 0.0
False 1.0

n865_not
True 0.0
False 1.0

n866_not
True 0.0
False 1.0

f[60]
True 0.0
False 1.0

n868
True 0.0
False 1.0

n868_not
True 0.0
False 1.0

n869
True 0.0
False 1.0

a[61]_not
True 0.5
False 0.5

b[61]_not
True 0.5
False 0.5

n870
True 0.25
False 0.75

n871
True 0.25
False 0.75

n870_not
True 0.25
False 0.75

n871_not
True 0.25
False 0.75

n872
True 0.0625
False 0.9375

n872_not
True 0.0625
False 0.9375

n873
True 0.0
False 1.0

n869_not
True 0.0
False 1.0

n874
True 0.0
False 1.0

n873_not
True 0.0
False 1.0

n874_not
True 0.0
False 1.0

f[61]
True 0.0
False 1.0

n876
True 0.0
False 1.0

n876_not
True 0.0
False 1.0

n877
True 0.0
False 1.0

a[62]_not
True 0.5
False 0.5

b[62]_not
True 0.5
False 0.5

n878
True 0.25
False 0.75

n879
True 0.25
False 0.75

n878_not
True 0.25
False 0.75

n879_not
True 0.25
False 0.75

n880
True 0.0625
False 0.9375

n880_not
True 0.0625
False 0.9375

n881
True 0.0
False 1.0

n877_not
True 0.0
False 1.0

n882
True 0.0
False 1.0

n881_not
True 0.0
False 1.0

n882_not
True 0.0
False 1.0

f[62]
True 0.0
False 1.0

n884
True 0.0
False 1.0

n884_not
True 0.0
False 1.0

n885
True 0.0
False 1.0

a[63]_not
True 0.5
False 0.5

b[63]_not
True 0.5
False 0.5

n886
True 0.25
False 0.75

n887
True 0.25
False 0.75

n886_not
True 0.25
False 0.75

n887_not
True 0.25
False 0.75

n888
True 0.0625
False 0.9375

n888_not
True 0.0625
False 0.9375

n889
True 0.0
False 1.0

n885_not
True 0.0
False 1.0

n890
True 0.0
False 1.0

n889_not
True 0.0
False 1.0

n890_not
True 0.0
False 1.0

f[63]
True 0.0
False 1.0

n892
True 0.0
False 1.0

n892_not
True 0.0
False 1.0

n893
True 0.0
False 1.0

a[64]_not
True 0.5
False 0.5

b[64]_not
True 0.5
False 0.5

n894
True 0.25
False 0.75

n895
True 0.25
False 0.75

n894_not
True 0.25
False 0.75

n895_not
True 0.25
False 0.75

n896
True 0.0625
False 0.9375

n896_not
True 0.0625
False 0.9375

n897
True 0.0
False 1.0

n893_not
True 0.0
False 1.0

n898
True 0.0
False 1.0

n897_not
True 0.0
False 1.0

n898_not
True 0.0
False 1.0

f[64]
True 0.0
False 1.0

n900
True 0.0
False 1.0

n900_not
True 0.0
False 1.0

n901
True 0.0
False 1.0

a[65]_not
True 0.5
False 0.5

b[65]_not
True 0.5
False 0.5

n902
True 0.25
False 0.75

n903
True 0.25
False 0.75

n902_not
True 0.25
False 0.75

n903_not
True 0.25
False 0.75

n904
True 0.0625
False 0.9375

n904_not
True 0.0625
False 0.9375

n905
True 0.0
False 1.0

n901_not
True 0.0
False 1.0

n906
True 0.0
False 1.0

n905_not
True 0.0
False 1.0

n906_not
True 0.0
False 1.0

f[65]
True 0.0
False 1.0

n908
True 0.0
False 1.0

n908_not
True 0.0
False 1.0

n909
True 0.0
False 1.0

a[66]_not
True 0.5
False 0.5

b[66]_not
True 0.5
False 0.5

n910
True 0.25
False 0.75

n911
True 0.25
False 0.75

n910_not
True 0.25
False 0.75

n911_not
True 0.25
False 0.75

n912
True 0.0625
False 0.9375

n912_not
True 0.0625
False 0.9375

n913
True 0.0
False 1.0

n909_not
True 0.0
False 1.0

n914
True 0.0
False 1.0

n913_not
True 0.0
False 1.0

n914_not
True 0.0
False 1.0

f[66]
True 0.0
False 1.0

n916
True 0.0
False 1.0

n916_not
True 0.0
False 1.0

n917
True 0.0
False 1.0

a[67]_not
True 0.5
False 0.5

b[67]_not
True 0.5
False 0.5

n918
True 0.25
False 0.75

n919
True 0.25
False 0.75

n918_not
True 0.25
False 0.75

n919_not
True 0.25
False 0.75

n920
True 0.0625
False 0.9375

n920_not
True 0.0625
False 0.9375

n921
True 0.0
False 1.0

n917_not
True 0.0
False 1.0

n922
True 0.0
False 1.0

n921_not
True 0.0
False 1.0

n922_not
True 0.0
False 1.0

f[67]
True 0.0
False 1.0

n924
True 0.0
False 1.0

n924_not
True 0.0
False 1.0

n925
True 0.0
False 1.0

a[68]_not
True 0.5
False 0.5

b[68]_not
True 0.5
False 0.5

n926
True 0.25
False 0.75

n927
True 0.25
False 0.75

n926_not
True 0.25
False 0.75

n927_not
True 0.25
False 0.75

n928
True 0.0625
False 0.9375

n928_not
True 0.0625
False 0.9375

n929
True 0.0
False 1.0

n925_not
True 0.0
False 1.0

n930
True 0.0
False 1.0

n929_not
True 0.0
False 1.0

n930_not
True 0.0
False 1.0

f[68]
True 0.0
False 1.0

n932
True 0.0
False 1.0

n932_not
True 0.0
False 1.0

n933
True 0.0
False 1.0

a[69]_not
True 0.5
False 0.5

b[69]_not
True 0.5
False 0.5

n934
True 0.25
False 0.75

n935
True 0.25
False 0.75

n934_not
True 0.25
False 0.75

n935_not
True 0.25
False 0.75

n936
True 0.0625
False 0.9375

n936_not
True 0.0625
False 0.9375

n937
True 0.0
False 1.0

n933_not
True 0.0
False 1.0

n938
True 0.0
False 1.0

n937_not
True 0.0
False 1.0

n938_not
True 0.0
False 1.0

f[69]
True 0.0
False 1.0

n940
True 0.0
False 1.0

n940_not
True 0.0
False 1.0

n941
True 0.0
False 1.0

a[70]_not
True 0.5
False 0.5

b[70]_not
True 0.5
False 0.5

n942
True 0.25
False 0.75

n943
True 0.25
False 0.75

n942_not
True 0.25
False 0.75

n943_not
True 0.25
False 0.75

n944
True 0.0625
False 0.9375

n944_not
True 0.0625
False 0.9375

n945
True 0.0
False 1.0

n941_not
True 0.0
False 1.0

n946
True 0.0
False 1.0

n945_not
True 0.0
False 1.0

n946_not
True 0.0
False 1.0

f[70]
True 0.0
False 1.0

n948
True 0.0
False 1.0

n948_not
True 0.0
False 1.0

n949
True 0.0
False 1.0

a[71]_not
True 0.5
False 0.5

b[71]_not
True 0.5
False 0.5

n950
True 0.25
False 0.75

n951
True 0.25
False 0.75

n950_not
True 0.25
False 0.75

n951_not
True 0.25
False 0.75

n952
True 0.0625
False 0.9375

n952_not
True 0.0625
False 0.9375

n953
True 0.0
False 1.0

n949_not
True 0.0
False 1.0

n954
True 0.0
False 1.0

n953_not
True 0.0
False 1.0

n954_not
True 0.0
False 1.0

f[71]
True 0.0
False 1.0

n956
True 0.0
False 1.0

n956_not
True 0.0
False 1.0

n957
True 0.0
False 1.0

a[72]_not
True 0.5
False 0.5

b[72]_not
True 0.5
False 0.5

n958
True 0.25
False 0.75

n959
True 0.25
False 0.75

n958_not
True 0.25
False 0.75

n959_not
True 0.25
False 0.75

n960
True 0.0625
False 0.9375

n960_not
True 0.0625
False 0.9375

n961
True 0.0
False 1.0

n957_not
True 0.0
False 1.0

n962
True 0.0
False 1.0

n961_not
True 0.0
False 1.0

n962_not
True 0.0
False 1.0

f[72]
True 0.0
False 1.0

n964
True 0.0
False 1.0

n964_not
True 0.0
False 1.0

n965
True 0.0
False 1.0

a[73]_not
True 0.5
False 0.5

b[73]_not
True 0.5
False 0.5

n966
True 0.25
False 0.75

n967
True 0.25
False 0.75

n966_not
True 0.25
False 0.75

n967_not
True 0.25
False 0.75

n968
True 0.0625
False 0.9375

n968_not
True 0.0625
False 0.9375

n969
True 0.0
False 1.0

n965_not
True 0.0
False 1.0

n970
True 0.0
False 1.0

n969_not
True 0.0
False 1.0

n970_not
True 0.0
False 1.0

f[73]
True 0.0
False 1.0

n972
True 0.0
False 1.0

n972_not
True 0.0
False 1.0

n973
True 0.0
False 1.0

a[74]_not
True 0.5
False 0.5

b[74]_not
True 0.5
False 0.5

n974
True 0.25
False 0.75

n975
True 0.25
False 0.75

n974_not
True 0.25
False 0.75

n975_not
True 0.25
False 0.75

n976
True 0.0625
False 0.9375

n976_not
True 0.0625
False 0.9375

n977
True 0.0
False 1.0

n973_not
True 0.0
False 1.0

n978
True 0.0
False 1.0

n977_not
True 0.0
False 1.0

n978_not
True 0.0
False 1.0

f[74]
True 0.0
False 1.0

n980
True 0.0
False 1.0

n980_not
True 0.0
False 1.0

n981
True 0.0
False 1.0

a[75]_not
True 0.5
False 0.5

b[75]_not
True 0.5
False 0.5

n982
True 0.25
False 0.75

n983
True 0.25
False 0.75

n982_not
True 0.25
False 0.75

n983_not
True 0.25
False 0.75

n984
True 0.0625
False 0.9375

n984_not
True 0.0625
False 0.9375

n985
True 0.0
False 1.0

n981_not
True 0.0
False 1.0

n986
True 0.0
False 1.0

n985_not
True 0.0
False 1.0

n986_not
True 0.0
False 1.0

f[75]
True 0.0
False 1.0

n988
True 0.0
False 1.0

n988_not
True 0.0
False 1.0

n989
True 0.0
False 1.0

a[76]_not
True 0.5
False 0.5

b[76]_not
True 0.5
False 0.5

n990
True 0.25
False 0.75

n991
True 0.25
False 0.75

n990_not
True 0.25
False 0.75

n991_not
True 0.25
False 0.75

n992
True 0.0625
False 0.9375

n992_not
True 0.0625
False 0.9375

n993
True 0.0
False 1.0

n989_not
True 0.0
False 1.0

n994
True 0.0
False 1.0

n993_not
True 0.0
False 1.0

n994_not
True 0.0
False 1.0

f[76]
True 0.0
False 1.0

n996
True 0.0
False 1.0

n996_not
True 0.0
False 1.0

n997
True 0.0
False 1.0

a[77]_not
True 0.5
False 0.5

b[77]_not
True 0.5
False 0.5

n998
True 0.25
False 0.75

n999
True 0.25
False 0.75

n998_not
True 0.25
False 0.75

n999_not
True 0.25
False 0.75

n1000
True 0.0625
False 0.9375

n1000_not
True 0.0625
False 0.9375

n1001
True 0.0
False 1.0

n997_not
True 0.0
False 1.0

n1002
True 0.0
False 1.0

n1001_not
True 0.0
False 1.0

n1002_not
True 0.0
False 1.0

f[77]
True 0.0
False 1.0

n1004
True 0.0
False 1.0

n1004_not
True 0.0
False 1.0

n1005
True 0.0
False 1.0

a[78]_not
True 0.5
False 0.5

b[78]_not
True 0.5
False 0.5

n1006
True 0.25
False 0.75

n1007
True 0.25
False 0.75

n1006_not
True 0.25
False 0.75

n1007_not
True 0.25
False 0.75

n1008
True 0.0625
False 0.9375

n1008_not
True 0.0625
False 0.9375

n1009
True 0.0
False 1.0

n1005_not
True 0.0
False 1.0

n1010
True 0.0
False 1.0

n1009_not
True 0.0
False 1.0

n1010_not
True 0.0
False 1.0

f[78]
True 0.0
False 1.0

n1012
True 0.0
False 1.0

n1012_not
True 0.0
False 1.0

n1013
True 0.0
False 1.0

a[79]_not
True 0.5
False 0.5

b[79]_not
True 0.5
False 0.5

n1014
True 0.25
False 0.75

n1015
True 0.25
False 0.75

n1014_not
True 0.25
False 0.75

n1015_not
True 0.25
False 0.75

n1016
True 0.0625
False 0.9375

n1016_not
True 0.0625
False 0.9375

n1017
True 0.0
False 1.0

n1013_not
True 0.0
False 1.0

n1018
True 0.0
False 1.0

n1017_not
True 0.0
False 1.0

n1018_not
True 0.0
False 1.0

f[79]
True 0.0
False 1.0

n1020
True 0.0
False 1.0

n1020_not
True 0.0
False 1.0

n1021
True 0.0
False 1.0

a[80]_not
True 0.5
False 0.5

b[80]_not
True 0.5
False 0.5

n1022
True 0.25
False 0.75

n1023
True 0.25
False 0.75

n1022_not
True 0.25
False 0.75

n1023_not
True 0.25
False 0.75

n1024
True 0.0625
False 0.9375

n1024_not
True 0.0625
False 0.9375

n1025
True 0.0
False 1.0

n1021_not
True 0.0
False 1.0

n1026
True 0.0
False 1.0

n1025_not
True 0.0
False 1.0

n1026_not
True 0.0
False 1.0

f[80]
True 0.0
False 1.0

n1028
True 0.0
False 1.0

n1028_not
True 0.0
False 1.0

n1029
True 0.0
False 1.0

a[81]_not
True 0.5
False 0.5

b[81]_not
True 0.5
False 0.5

n1030
True 0.25
False 0.75

n1031
True 0.25
False 0.75

n1030_not
True 0.25
False 0.75

n1031_not
True 0.25
False 0.75

n1032
True 0.0625
False 0.9375

n1032_not
True 0.0625
False 0.9375

n1033
True 0.0
False 1.0

n1029_not
True 0.0
False 1.0

n1034
True 0.0
False 1.0

n1033_not
True 0.0
False 1.0

n1034_not
True 0.0
False 1.0

f[81]
True 0.0
False 1.0

n1036
True 0.0
False 1.0

n1036_not
True 0.0
False 1.0

n1037
True 0.0
False 1.0

a[82]_not
True 0.5
False 0.5

b[82]_not
True 0.5
False 0.5

n1038
True 0.25
False 0.75

n1039
True 0.25
False 0.75

n1038_not
True 0.25
False 0.75

n1039_not
True 0.25
False 0.75

n1040
True 0.0625
False 0.9375

n1040_not
True 0.0625
False 0.9375

n1041
True 0.0
False 1.0

n1037_not
True 0.0
False 1.0

n1042
True 0.0
False 1.0

n1041_not
True 0.0
False 1.0

n1042_not
True 0.0
False 1.0

f[82]
True 0.0
False 1.0

n1044
True 0.0
False 1.0

n1044_not
True 0.0
False 1.0

n1045
True 0.0
False 1.0

a[83]_not
True 0.5
False 0.5

b[83]_not
True 0.5
False 0.5

n1046
True 0.25
False 0.75

n1047
True 0.25
False 0.75

n1046_not
True 0.25
False 0.75

n1047_not
True 0.25
False 0.75

n1048
True 0.0625
False 0.9375

n1048_not
True 0.0625
False 0.9375

n1049
True 0.0
False 1.0

n1045_not
True 0.0
False 1.0

n1050
True 0.0
False 1.0

n1049_not
True 0.0
False 1.0

n1050_not
True 0.0
False 1.0

f[83]
True 0.0
False 1.0

n1052
True 0.0
False 1.0

n1052_not
True 0.0
False 1.0

n1053
True 0.0
False 1.0

a[84]_not
True 0.5
False 0.5

b[84]_not
True 0.5
False 0.5

n1054
True 0.25
False 0.75

n1055
True 0.25
False 0.75

n1054_not
True 0.25
False 0.75

n1055_not
True 0.25
False 0.75

n1056
True 0.0625
False 0.9375

n1056_not
True 0.0625
False 0.9375

n1057
True 0.0
False 1.0

n1053_not
True 0.0
False 1.0

n1058
True 0.0
False 1.0

n1057_not
True 0.0
False 1.0

n1058_not
True 0.0
False 1.0

f[84]
True 0.0
False 1.0

n1060
True 0.0
False 1.0

n1060_not
True 0.0
False 1.0

n1061
True 0.0
False 1.0

a[85]_not
True 0.5
False 0.5

b[85]_not
True 0.5
False 0.5

n1062
True 0.25
False 0.75

n1063
True 0.25
False 0.75

n1062_not
True 0.25
False 0.75

n1063_not
True 0.25
False 0.75

n1064
True 0.0625
False 0.9375

n1064_not
True 0.0625
False 0.9375

n1065
True 0.0
False 1.0

n1061_not
True 0.0
False 1.0

n1066
True 0.0
False 1.0

n1065_not
True 0.0
False 1.0

n1066_not
True 0.0
False 1.0

f[85]
True 0.0
False 1.0

n1068
True 0.0
False 1.0

n1068_not
True 0.0
False 1.0

n1069
True 0.0
False 1.0

a[86]_not
True 0.5
False 0.5

b[86]_not
True 0.5
False 0.5

n1070
True 0.25
False 0.75

n1071
True 0.25
False 0.75

n1070_not
True 0.25
False 0.75

n1071_not
True 0.25
False 0.75

n1072
True 0.0625
False 0.9375

n1072_not
True 0.0625
False 0.9375

n1073
True 0.0
False 1.0

n1069_not
True 0.0
False 1.0

n1074
True 0.0
False 1.0

n1073_not
True 0.0
False 1.0

n1074_not
True 0.0
False 1.0

f[86]
True 0.0
False 1.0

n1076
True 0.0
False 1.0

n1076_not
True 0.0
False 1.0

n1077
True 0.0
False 1.0

a[87]_not
True 0.5
False 0.5

b[87]_not
True 0.5
False 0.5

n1078
True 0.25
False 0.75

n1079
True 0.25
False 0.75

n1078_not
True 0.25
False 0.75

n1079_not
True 0.25
False 0.75

n1080
True 0.0625
False 0.9375

n1080_not
True 0.0625
False 0.9375

n1081
True 0.0
False 1.0

n1077_not
True 0.0
False 1.0

n1082
True 0.0
False 1.0

n1081_not
True 0.0
False 1.0

n1082_not
True 0.0
False 1.0

f[87]
True 0.0
False 1.0

n1084
True 0.0
False 1.0

n1084_not
True 0.0
False 1.0

n1085
True 0.0
False 1.0

a[88]_not
True 0.5
False 0.5

b[88]_not
True 0.5
False 0.5

n1086
True 0.25
False 0.75

n1087
True 0.25
False 0.75

n1086_not
True 0.25
False 0.75

n1087_not
True 0.25
False 0.75

n1088
True 0.0625
False 0.9375

n1088_not
True 0.0625
False 0.9375

n1089
True 0.0
False 1.0

n1085_not
True 0.0
False 1.0

n1090
True 0.0
False 1.0

n1089_not
True 0.0
False 1.0

n1090_not
True 0.0
False 1.0

f[88]
True 0.0
False 1.0

n1092
True 0.0
False 1.0

n1092_not
True 0.0
False 1.0

n1093
True 0.0
False 1.0

a[89]_not
True 0.5
False 0.5

b[89]_not
True 0.5
False 0.5

n1094
True 0.25
False 0.75

n1095
True 0.25
False 0.75

n1094_not
True 0.25
False 0.75

n1095_not
True 0.25
False 0.75

n1096
True 0.0625
False 0.9375

n1096_not
True 0.0625
False 0.9375

n1097
True 0.0
False 1.0

n1093_not
True 0.0
False 1.0

n1098
True 0.0
False 1.0

n1097_not
True 0.0
False 1.0

n1098_not
True 0.0
False 1.0

f[89]
True 0.0
False 1.0

n1100
True 0.0
False 1.0

n1100_not
True 0.0
False 1.0

n1101
True 0.0
False 1.0

a[90]_not
True 0.5
False 0.5

b[90]_not
True 0.5
False 0.5

n1102
True 0.25
False 0.75

n1103
True 0.25
False 0.75

n1102_not
True 0.25
False 0.75

n1103_not
True 0.25
False 0.75

n1104
True 0.0625
False 0.9375

n1104_not
True 0.0625
False 0.9375

n1105
True 0.0
False 1.0

n1101_not
True 0.0
False 1.0

n1106
True 0.0
False 1.0

n1105_not
True 0.0
False 1.0

n1106_not
True 0.0
False 1.0

f[90]
True 0.0
False 1.0

n1108
True 0.0
False 1.0

n1108_not
True 0.0
False 1.0

n1109
True 0.0
False 1.0

a[91]_not
True 0.5
False 0.5

b[91]_not
True 0.5
False 0.5

n1110
True 0.25
False 0.75

n1111
True 0.25
False 0.75

n1110_not
True 0.25
False 0.75

n1111_not
True 0.25
False 0.75

n1112
True 0.0625
False 0.9375

n1112_not
True 0.0625
False 0.9375

n1113
True 0.0
False 1.0

n1109_not
True 0.0
False 1.0

n1114
True 0.0
False 1.0

n1113_not
True 0.0
False 1.0

n1114_not
True 0.0
False 1.0

f[91]
True 0.0
False 1.0

n1116
True 0.0
False 1.0

n1116_not
True 0.0
False 1.0

n1117
True 0.0
False 1.0

a[92]_not
True 0.5
False 0.5

b[92]_not
True 0.5
False 0.5

n1118
True 0.25
False 0.75

n1119
True 0.25
False 0.75

n1118_not
True 0.25
False 0.75

n1119_not
True 0.25
False 0.75

n1120
True 0.0625
False 0.9375

n1120_not
True 0.0625
False 0.9375

n1121
True 0.0
False 1.0

n1117_not
True 0.0
False 1.0

n1122
True 0.0
False 1.0

n1121_not
True 0.0
False 1.0

n1122_not
True 0.0
False 1.0

f[92]
True 0.0
False 1.0

n1124
True 0.0
False 1.0

n1124_not
True 0.0
False 1.0

n1125
True 0.0
False 1.0

a[93]_not
True 0.5
False 0.5

b[93]_not
True 0.5
False 0.5

n1126
True 0.25
False 0.75

n1127
True 0.25
False 0.75

n1126_not
True 0.25
False 0.75

n1127_not
True 0.25
False 0.75

n1128
True 0.0625
False 0.9375

n1128_not
True 0.0625
False 0.9375

n1129
True 0.0
False 1.0

n1125_not
True 0.0
False 1.0

n1130
True 0.0
False 1.0

n1129_not
True 0.0
False 1.0

n1130_not
True 0.0
False 1.0

f[93]
True 0.0
False 1.0

n1132
True 0.0
False 1.0

n1132_not
True 0.0
False 1.0

n1133
True 0.0
False 1.0

a[94]_not
True 0.5
False 0.5

b[94]_not
True 0.5
False 0.5

n1134
True 0.25
False 0.75

n1135
True 0.25
False 0.75

n1134_not
True 0.25
False 0.75

n1135_not
True 0.25
False 0.75

n1136
True 0.0625
False 0.9375

n1136_not
True 0.0625
False 0.9375

n1137
True 0.0
False 1.0

n1133_not
True 0.0
False 1.0

n1138
True 0.0
False 1.0

n1137_not
True 0.0
False 1.0

n1138_not
True 0.0
False 1.0

f[94]
True 0.0
False 1.0

n1140
True 0.0
False 1.0

n1140_not
True 0.0
False 1.0

n1141
True 0.0
False 1.0

a[95]_not
True 0.5
False 0.5

b[95]_not
True 0.5
False 0.5

n1142
True 0.25
False 0.75

n1143
True 0.25
False 0.75

n1142_not
True 0.25
False 0.75

n1143_not
True 0.25
False 0.75

n1144
True 0.0625
False 0.9375

n1144_not
True 0.0625
False 0.9375

n1145
True 0.0
False 1.0

n1141_not
True 0.0
False 1.0

n1146
True 0.0
False 1.0

n1145_not
True 0.0
False 1.0

n1146_not
True 0.0
False 1.0

f[95]
True 0.0
False 1.0

n1148
True 0.0
False 1.0

n1148_not
True 0.0
False 1.0

n1149
True 0.0
False 1.0

a[96]_not
True 0.5
False 0.5

b[96]_not
True 0.5
False 0.5

n1150
True 0.25
False 0.75

n1151
True 0.25
False 0.75

n1150_not
True 0.25
False 0.75

n1151_not
True 0.25
False 0.75

n1152
True 0.0625
False 0.9375

n1152_not
True 0.0625
False 0.9375

n1153
True 0.0
False 1.0

n1149_not
True 0.0
False 1.0

n1154
True 0.0
False 1.0

n1153_not
True 0.0
False 1.0

n1154_not
True 0.0
False 1.0

f[96]
True 0.0
False 1.0

n1156
True 0.0
False 1.0

n1156_not
True 0.0
False 1.0

n1157
True 0.0
False 1.0

a[97]_not
True 0.5
False 0.5

b[97]_not
True 0.5
False 0.5

n1158
True 0.25
False 0.75

n1159
True 0.25
False 0.75

n1158_not
True 0.25
False 0.75

n1159_not
True 0.25
False 0.75

n1160
True 0.0625
False 0.9375

n1160_not
True 0.0625
False 0.9375

n1161
True 0.0
False 1.0

n1157_not
True 0.0
False 1.0

n1162
True 0.0
False 1.0

n1161_not
True 0.0
False 1.0

n1162_not
True 0.0
False 1.0

f[97]
True 0.0
False 1.0

n1164
True 0.0
False 1.0

n1164_not
True 0.0
False 1.0

n1165
True 0.0
False 1.0

a[98]_not
True 0.5
False 0.5

b[98]_not
True 0.5
False 0.5

n1166
True 0.25
False 0.75

n1167
True 0.25
False 0.75

n1166_not
True 0.25
False 0.75

n1167_not
True 0.25
False 0.75

n1168
True 0.0625
False 0.9375

n1168_not
True 0.0625
False 0.9375

n1169
True 0.0
False 1.0

n1165_not
True 0.0
False 1.0

n1170
True 0.0
False 1.0

n1169_not
True 0.0
False 1.0

n1170_not
True 0.0
False 1.0

f[98]
True 0.0
False 1.0

n1172
True 0.0
False 1.0

n1172_not
True 0.0
False 1.0

n1173
True 0.0
False 1.0

a[99]_not
True 0.5
False 0.5

b[99]_not
True 0.5
False 0.5

n1174
True 0.25
False 0.75

n1175
True 0.25
False 0.75

n1174_not
True 0.25
False 0.75

n1175_not
True 0.25
False 0.75

n1176
True 0.0625
False 0.9375

n1176_not
True 0.0625
False 0.9375

n1177
True 0.0
False 1.0

n1173_not
True 0.0
False 1.0

n1178
True 0.0
False 1.0

n1177_not
True 0.0
False 1.0

n1178_not
True 0.0
False 1.0

f[99]
True 0.0
False 1.0

n1180
True 0.0
False 1.0

n1180_not
True 0.0
False 1.0

n1181
True 0.0
False 1.0

a[100]_not
True 0.5
False 0.5

b[100]_not
True 0.5
False 0.5

n1182
True 0.25
False 0.75

n1183
True 0.25
False 0.75

n1182_not
True 0.25
False 0.75

n1183_not
True 0.25
False 0.75

n1184
True 0.0625
False 0.9375

n1184_not
True 0.0625
False 0.9375

n1185
True 0.0
False 1.0

n1181_not
True 0.0
False 1.0

n1186
True 0.0
False 1.0

n1185_not
True 0.0
False 1.0

n1186_not
True 0.0
False 1.0

f[100]
True 0.0
False 1.0

n1188
True 0.0
False 1.0

n1188_not
True 0.0
False 1.0

n1189
True 0.0
False 1.0

a[101]_not
True 0.5
False 0.5

b[101]_not
True 0.5
False 0.5

n1190
True 0.25
False 0.75

n1191
True 0.25
False 0.75

n1190_not
True 0.25
False 0.75

n1191_not
True 0.25
False 0.75

n1192
True 0.0625
False 0.9375

n1192_not
True 0.0625
False 0.9375

n1193
True 0.0
False 1.0

n1189_not
True 0.0
False 1.0

n1194
True 0.0
False 1.0

n1193_not
True 0.0
False 1.0

n1194_not
True 0.0
False 1.0

f[101]
True 0.0
False 1.0

n1196
True 0.0
False 1.0

n1196_not
True 0.0
False 1.0

n1197
True 0.0
False 1.0

a[102]_not
True 0.5
False 0.5

b[102]_not
True 0.5
False 0.5

n1198
True 0.25
False 0.75

n1199
True 0.25
False 0.75

n1198_not
True 0.25
False 0.75

n1199_not
True 0.25
False 0.75

n1200
True 0.0625
False 0.9375

n1200_not
True 0.0625
False 0.9375

n1201
True 0.0
False 1.0

n1197_not
True 0.0
False 1.0

n1202
True 0.0
False 1.0

n1201_not
True 0.0
False 1.0

n1202_not
True 0.0
False 1.0

f[102]
True 0.0
False 1.0

n1204
True 0.0
False 1.0

n1204_not
True 0.0
False 1.0

n1205
True 0.0
False 1.0

a[103]_not
True 0.5
False 0.5

b[103]_not
True 0.5
False 0.5

n1206
True 0.25
False 0.75

n1207
True 0.25
False 0.75

n1206_not
True 0.25
False 0.75

n1207_not
True 0.25
False 0.75

n1208
True 0.0625
False 0.9375

n1208_not
True 0.0625
False 0.9375

n1209
True 0.0
False 1.0

n1205_not
True 0.0
False 1.0

n1210
True 0.0
False 1.0

n1209_not
True 0.0
False 1.0

n1210_not
True 0.0
False 1.0

f[103]
True 0.0
False 1.0

n1212
True 0.0
False 1.0

n1212_not
True 0.0
False 1.0

n1213
True 0.0
False 1.0

a[104]_not
True 0.5
False 0.5

b[104]_not
True 0.5
False 0.5

n1214
True 0.25
False 0.75

n1215
True 0.25
False 0.75

n1214_not
True 0.25
False 0.75

n1215_not
True 0.25
False 0.75

n1216
True 0.0625
False 0.9375

n1216_not
True 0.0625
False 0.9375

n1217
True 0.0
False 1.0

n1213_not
True 0.0
False 1.0

n1218
True 0.0
False 1.0

n1217_not
True 0.0
False 1.0

n1218_not
True 0.0
False 1.0

f[104]
True 0.0
False 1.0

n1220
True 0.0
False 1.0

n1220_not
True 0.0
False 1.0

n1221
True 0.0
False 1.0

a[105]_not
True 0.5
False 0.5

b[105]_not
True 0.5
False 0.5

n1222
True 0.25
False 0.75

n1223
True 0.25
False 0.75

n1222_not
True 0.25
False 0.75

n1223_not
True 0.25
False 0.75

n1224
True 0.0625
False 0.9375

n1224_not
True 0.0625
False 0.9375

n1225
True 0.0
False 1.0

n1221_not
True 0.0
False 1.0

n1226
True 0.0
False 1.0

n1225_not
True 0.0
False 1.0

n1226_not
True 0.0
False 1.0

f[105]
True 0.0
False 1.0

n1228
True 0.0
False 1.0

n1228_not
True 0.0
False 1.0

n1229
True 0.0
False 1.0

a[106]_not
True 0.5
False 0.5

b[106]_not
True 0.5
False 0.5

n1230
True 0.25
False 0.75

n1231
True 0.25
False 0.75

n1230_not
True 0.25
False 0.75

n1231_not
True 0.25
False 0.75

n1232
True 0.0625
False 0.9375

n1232_not
True 0.0625
False 0.9375

n1233
True 0.0
False 1.0

n1229_not
True 0.0
False 1.0

n1234
True 0.0
False 1.0

n1233_not
True 0.0
False 1.0

n1234_not
True 0.0
False 1.0

f[106]
True 0.0
False 1.0

n1236
True 0.0
False 1.0

n1236_not
True 0.0
False 1.0

n1237
True 0.0
False 1.0

a[107]_not
True 0.5
False 0.5

b[107]_not
True 0.5
False 0.5

n1238
True 0.25
False 0.75

n1239
True 0.25
False 0.75

n1238_not
True 0.25
False 0.75

n1239_not
True 0.25
False 0.75

n1240
True 0.0625
False 0.9375

n1240_not
True 0.0625
False 0.9375

n1241
True 0.0
False 1.0

n1237_not
True 0.0
False 1.0

n1242
True 0.0
False 1.0

n1241_not
True 0.0
False 1.0

n1242_not
True 0.0
False 1.0

f[107]
True 0.0
False 1.0

n1244
True 0.0
False 1.0

n1244_not
True 0.0
False 1.0

n1245
True 0.0
False 1.0

a[108]_not
True 0.5
False 0.5

b[108]_not
True 0.5
False 0.5

n1246
True 0.25
False 0.75

n1247
True 0.25
False 0.75

n1246_not
True 0.25
False 0.75

n1247_not
True 0.25
False 0.75

n1248
True 0.0625
False 0.9375

n1248_not
True 0.0625
False 0.9375

n1249
True 0.0
False 1.0

n1245_not
True 0.0
False 1.0

n1250
True 0.0
False 1.0

n1249_not
True 0.0
False 1.0

n1250_not
True 0.0
False 1.0

f[108]
True 0.0
False 1.0

n1252
True 0.0
False 1.0

n1252_not
True 0.0
False 1.0

n1253
True 0.0
False 1.0

a[109]_not
True 0.5
False 0.5

b[109]_not
True 0.5
False 0.5

n1254
True 0.25
False 0.75

n1255
True 0.25
False 0.75

n1254_not
True 0.25
False 0.75

n1255_not
True 0.25
False 0.75

n1256
True 0.0625
False 0.9375

n1256_not
True 0.0625
False 0.9375

n1257
True 0.0
False 1.0

n1253_not
True 0.0
False 1.0

n1258
True 0.0
False 1.0

n1257_not
True 0.0
False 1.0

n1258_not
True 0.0
False 1.0

f[109]
True 0.0
False 1.0

n1260
True 0.0
False 1.0

n1260_not
True 0.0
False 1.0

n1261
True 0.0
False 1.0

a[110]_not
True 0.5
False 0.5

b[110]_not
True 0.5
False 0.5

n1262
True 0.25
False 0.75

n1263
True 0.25
False 0.75

n1262_not
True 0.25
False 0.75

n1263_not
True 0.25
False 0.75

n1264
True 0.0625
False 0.9375

n1264_not
True 0.0625
False 0.9375

n1265
True 0.0
False 1.0

n1261_not
True 0.0
False 1.0

n1266
True 0.0
False 1.0

n1265_not
True 0.0
False 1.0

n1266_not
True 0.0
False 1.0

f[110]
True 0.0
False 1.0

n1268
True 0.0
False 1.0

n1268_not
True 0.0
False 1.0

n1269
True 0.0
False 1.0

a[111]_not
True 0.5
False 0.5

b[111]_not
True 0.5
False 0.5

n1270
True 0.25
False 0.75

n1271
True 0.25
False 0.75

n1270_not
True 0.25
False 0.75

n1271_not
True 0.25
False 0.75

n1272
True 0.0625
False 0.9375

n1272_not
True 0.0625
False 0.9375

n1273
True 0.0
False 1.0

n1269_not
True 0.0
False 1.0

n1274
True 0.0
False 1.0

n1273_not
True 0.0
False 1.0

n1274_not
True 0.0
False 1.0

f[111]
True 0.0
False 1.0

n1276
True 0.0
False 1.0

n1276_not
True 0.0
False 1.0

n1277
True 0.0
False 1.0

a[112]_not
True 0.5
False 0.5

b[112]_not
True 0.5
False 0.5

n1278
True 0.25
False 0.75

n1279
True 0.25
False 0.75

n1278_not
True 0.25
False 0.75

n1279_not
True 0.25
False 0.75

n1280
True 0.0625
False 0.9375

n1280_not
True 0.0625
False 0.9375

n1281
True 0.0
False 1.0

n1277_not
True 0.0
False 1.0

n1282
True 0.0
False 1.0

n1281_not
True 0.0
False 1.0

n1282_not
True 0.0
False 1.0

f[112]
True 0.0
False 1.0

n1284
True 0.0
False 1.0

n1284_not
True 0.0
False 1.0

n1285
True 0.0
False 1.0

a[113]_not
True 0.5
False 0.5

b[113]_not
True 0.5
False 0.5

n1286
True 0.25
False 0.75

n1287
True 0.25
False 0.75

n1286_not
True 0.25
False 0.75

n1287_not
True 0.25
False 0.75

n1288
True 0.0625
False 0.9375

n1288_not
True 0.0625
False 0.9375

n1289
True 0.0
False 1.0

n1285_not
True 0.0
False 1.0

n1290
True 0.0
False 1.0

n1289_not
True 0.0
False 1.0

n1290_not
True 0.0
False 1.0

f[113]
True 0.0
False 1.0

n1292
True 0.0
False 1.0

n1292_not
True 0.0
False 1.0

n1293
True 0.0
False 1.0

a[114]_not
True 0.5
False 0.5

b[114]_not
True 0.5
False 0.5

n1294
True 0.25
False 0.75

n1295
True 0.25
False 0.75

n1294_not
True 0.25
False 0.75

n1295_not
True 0.25
False 0.75

n1296
True 0.0625
False 0.9375

n1296_not
True 0.0625
False 0.9375

n1297
True 0.0
False 1.0

n1293_not
True 0.0
False 1.0

n1298
True 0.0
False 1.0

n1297_not
True 0.0
False 1.0

n1298_not
True 0.0
False 1.0

f[114]
True 0.0
False 1.0

n1300
True 0.0
False 1.0

n1300_not
True 0.0
False 1.0

n1301
True 0.0
False 1.0

a[115]_not
True 0.5
False 0.5

b[115]_not
True 0.5
False 0.5

n1302
True 0.25
False 0.75

n1303
True 0.25
False 0.75

n1302_not
True 0.25
False 0.75

n1303_not
True 0.25
False 0.75

n1304
True 0.0625
False 0.9375

n1304_not
True 0.0625
False 0.9375

n1305
True 0.0
False 1.0

n1301_not
True 0.0
False 1.0

n1306
True 0.0
False 1.0

n1305_not
True 0.0
False 1.0

n1306_not
True 0.0
False 1.0

f[115]
True 0.0
False 1.0

n1308
True 0.0
False 1.0

n1308_not
True 0.0
False 1.0

n1309
True 0.0
False 1.0

a[116]_not
True 0.5
False 0.5

b[116]_not
True 0.5
False 0.5

n1310
True 0.25
False 0.75

n1311
True 0.25
False 0.75

n1310_not
True 0.25
False 0.75

n1311_not
True 0.25
False 0.75

n1312
True 0.0625
False 0.9375

n1312_not
True 0.0625
False 0.9375

n1313
True 0.0
False 1.0

n1309_not
True 0.0
False 1.0

n1314
True 0.0
False 1.0

n1313_not
True 0.0
False 1.0

n1314_not
True 0.0
False 1.0

f[116]
True 0.0
False 1.0

n1316
True 0.0
False 1.0

n1316_not
True 0.0
False 1.0

n1317
True 0.0
False 1.0

a[117]_not
True 0.5
False 0.5

b[117]_not
True 0.5
False 0.5

n1318
True 0.25
False 0.75

n1319
True 0.25
False 0.75

n1318_not
True 0.25
False 0.75

n1319_not
True 0.25
False 0.75

n1320
True 0.0625
False 0.9375

n1320_not
True 0.0625
False 0.9375

n1321
True 0.0
False 1.0

n1317_not
True 0.0
False 1.0

n1322
True 0.0
False 1.0

n1321_not
True 0.0
False 1.0

n1322_not
True 0.0
False 1.0

f[117]
True 0.0
False 1.0

n1324
True 0.0
False 1.0

n1324_not
True 0.0
False 1.0

n1325
True 0.0
False 1.0

a[118]_not
True 0.5
False 0.5

b[118]_not
True 0.5
False 0.5

n1326
True 0.25
False 0.75

n1327
True 0.25
False 0.75

n1326_not
True 0.25
False 0.75

n1327_not
True 0.25
False 0.75

n1328
True 0.0625
False 0.9375

n1328_not
True 0.0625
False 0.9375

n1329
True 0.0
False 1.0

n1325_not
True 0.0
False 1.0

n1330
True 0.0
False 1.0

n1329_not
True 0.0
False 1.0

n1330_not
True 0.0
False 1.0

f[118]
True 0.0
False 1.0

n1332
True 0.0
False 1.0

n1332_not
True 0.0
False 1.0

n1333
True 0.0
False 1.0

a[119]_not
True 0.5
False 0.5

b[119]_not
True 0.5
False 0.5

n1334
True 0.25
False 0.75

n1335
True 0.25
False 0.75

n1334_not
True 0.25
False 0.75

n1335_not
True 0.25
False 0.75

n1336
True 0.0625
False 0.9375

n1336_not
True 0.0625
False 0.9375

n1337
True 0.0
False 1.0

n1333_not
True 0.0
False 1.0

n1338
True 0.0
False 1.0

n1337_not
True 0.0
False 1.0

n1338_not
True 0.0
False 1.0

f[119]
True 0.0
False 1.0

n1340
True 0.0
False 1.0

n1340_not
True 0.0
False 1.0

n1341
True 0.0
False 1.0

a[120]_not
True 0.5
False 0.5

b[120]_not
True 0.5
False 0.5

n1342
True 0.25
False 0.75

n1343
True 0.25
False 0.75

n1342_not
True 0.25
False 0.75

n1343_not
True 0.25
False 0.75

n1344
True 0.0625
False 0.9375

n1344_not
True 0.0625
False 0.9375

n1345
True 0.0
False 1.0

n1341_not
True 0.0
False 1.0

n1346
True 0.0
False 1.0

n1345_not
True 0.0
False 1.0

n1346_not
True 0.0
False 1.0

f[120]
True 0.0
False 1.0

n1348
True 0.0
False 1.0

n1348_not
True 0.0
False 1.0

n1349
True 0.0
False 1.0

a[121]_not
True 0.5
False 0.5

b[121]_not
True 0.5
False 0.5

n1350
True 0.25
False 0.75

n1351
True 0.25
False 0.75

n1350_not
True 0.25
False 0.75

n1351_not
True 0.25
False 0.75

n1352
True 0.0625
False 0.9375

n1352_not
True 0.0625
False 0.9375

n1353
True 0.0
False 1.0

n1349_not
True 0.0
False 1.0

n1354
True 0.0
False 1.0

n1353_not
True 0.0
False 1.0

n1354_not
True 0.0
False 1.0

f[121]
True 0.0
False 1.0

n1356
True 0.0
False 1.0

n1356_not
True 0.0
False 1.0

n1357
True 0.0
False 1.0

a[122]_not
True 0.5
False 0.5

b[122]_not
True 0.5
False 0.5

n1358
True 0.25
False 0.75

n1359
True 0.25
False 0.75

n1358_not
True 0.25
False 0.75

n1359_not
True 0.25
False 0.75

n1360
True 0.0625
False 0.9375

n1360_not
True 0.0625
False 0.9375

n1361
True 0.0
False 1.0

n1357_not
True 0.0
False 1.0

n1362
True 0.0
False 1.0

n1361_not
True 0.0
False 1.0

n1362_not
True 0.0
False 1.0

f[122]
True 0.0
False 1.0

n1364
True 0.0
False 1.0

n1364_not
True 0.0
False 1.0

n1365
True 0.0
False 1.0

a[123]_not
True 0.5
False 0.5

b[123]_not
True 0.5
False 0.5

n1366
True 0.25
False 0.75

n1367
True 0.25
False 0.75

n1366_not
True 0.25
False 0.75

n1367_not
True 0.25
False 0.75

n1368
True 0.0625
False 0.9375

n1368_not
True 0.0625
False 0.9375

n1369
True 0.0
False 1.0

n1365_not
True 0.0
False 1.0

n1370
True 0.0
False 1.0

n1369_not
True 0.0
False 1.0

n1370_not
True 0.0
False 1.0

f[123]
True 0.0
False 1.0

n1372
True 0.0
False 1.0

n1372_not
True 0.0
False 1.0

n1373
True 0.0
False 1.0

a[124]_not
True 0.5
False 0.5

b[124]_not
True 0.5
False 0.5

n1374
True 0.25
False 0.75

n1375
True 0.25
False 0.75

n1374_not
True 0.25
False 0.75

n1375_not
True 0.25
False 0.75

n1376
True 0.0625
False 0.9375

n1376_not
True 0.0625
False 0.9375

n1377
True 0.0
False 1.0

n1373_not
True 0.0
False 1.0

n1378
True 0.0
False 1.0

n1377_not
True 0.0
False 1.0

n1378_not
True 0.0
False 1.0

f[124]
True 0.0
False 1.0

n1380
True 0.0
False 1.0

n1380_not
True 0.0
False 1.0

n1381
True 0.0
False 1.0

a[125]_not
True 0.5
False 0.5

b[125]_not
True 0.5
False 0.5

n1382
True 0.25
False 0.75

n1383
True 0.25
False 0.75

n1382_not
True 0.25
False 0.75

n1383_not
True 0.25
False 0.75

n1384
True 0.0625
False 0.9375

n1384_not
True 0.0625
False 0.9375

n1385
True 0.0
False 1.0

n1381_not
True 0.0
False 1.0

n1386
True 0.0
False 1.0

n1385_not
True 0.0
False 1.0

n1386_not
True 0.0
False 1.0

f[125]
True 0.0
False 1.0

n1388
True 0.0
False 1.0

n1388_not
True 0.0
False 1.0

n1389
True 0.0
False 1.0

a[126]_not
True 0.5
False 0.5

b[126]_not
True 0.5
False 0.5

n1390
True 0.25
False 0.75

n1391
True 0.25
False 0.75

n1390_not
True 0.25
False 0.75

n1391_not
True 0.25
False 0.75

n1392
True 0.0625
False 0.9375

n1392_not
True 0.0625
False 0.9375

n1393
True 0.0
False 1.0

n1389_not
True 0.0
False 1.0

n1394
True 0.0
False 1.0

n1393_not
True 0.0
False 1.0

n1394_not
True 0.0
False 1.0

f[126]
True 0.0
False 1.0

n1396
True 0.0
False 1.0

n1396_not
True 0.0
False 1.0

n1397
True 0.0
False 1.0

a[127]_not
True 0.5
False 0.5

b[127]_not
True 0.5
False 0.5

n1398
True 0.25
False 0.75

n1399
True 0.25
False 0.75

n1398_not
True 0.25
False 0.75

n1399_not
True 0.25
False 0.75

n1400
True 0.0625
False 0.9375

n1400_not
True 0.0625
False 0.9375

n1401
True 0.0
False 1.0

n1397_not
True 0.0
False 1.0

n1402
True 0.0
False 1.0

n1401_not
True 0.0
False 1.0

n1402_not
True 0.0
False 1.0

f[127]
True 0.0
False 1.0

n1404
True 0.0
False 1.0

n1404_not
True 0.0
False 1.0

cOut
True 0.0
False 1.0

