count[6]
True 0.5
False 0.5

count[4]
True 0.5
False 0.5

count[2]
True 0.5
False 0.5

count[1]
True 0.5
False 0.5

count[5]
True 0.5
False 0.5

count[3]
True 0.5
False 0.5

count[7]
True 0.5
False 0.5

count[0]
True 0.5
False 0.5

count[4]_not
True 0.5
False 0.5

count[5]_not
True 0.5
False 0.5

n265
True 0.25
False 0.75

count[6]_not
True 0.5
False 0.5

n266
True 0.25
False 0.75

n267
True 0.0625
False 0.9375

count[0]_not
True 0.5
False 0.5

count[2]_not
True 0.5
False 0.5

n268
True 0.25
False 0.75

count[1]_not
True 0.5
False 0.5

count[3]_not
True 0.5
False 0.5

n269
True 0.25
False 0.75

n270
True 0.0625
False 0.9375

selectp1[0]
True 0.0039
False 0.9961

n272
True 0.25
False 0.75

n273
True 0.0625
False 0.9375

selectp1[1]
True 0.0039
False 0.9961

n275
True 0.25
False 0.75

n276
True 0.0625
False 0.9375

selectp1[2]
True 0.0039
False 0.9961

n278
True 0.0625
False 0.9375

selectp1[3]
True 0.0039
False 0.9961

n280
True 0.25
False 0.75

n281
True 0.0625
False 0.9375

selectp1[4]
True 0.0039
False 0.9961

n283
True 0.25
False 0.75

n284
True 0.0625
False 0.9375

selectp1[5]
True 0.0039
False 0.9961

n286
True 0.0625
False 0.9375

selectp1[6]
True 0.0039
False 0.9961

n288
True 0.0625
False 0.9375

selectp1[7]
True 0.0039
False 0.9961

n290
True 0.25
False 0.75

n291
True 0.0625
False 0.9375

selectp1[8]
True 0.0039
False 0.9961

n293
True 0.0625
False 0.9375

selectp1[9]
True 0.0039
False 0.9961

n295
True 0.25
False 0.75

n296
True 0.0625
False 0.9375

selectp1[10]
True 0.0039
False 0.9961

n298
True 0.0625
False 0.9375

selectp1[11]
True 0.0039
False 0.9961

n300
True 0.0625
False 0.9375

selectp1[12]
True 0.0039
False 0.9961

n302
True 0.0625
False 0.9375

selectp1[13]
True 0.0039
False 0.9961

n304
True 0.0625
False 0.9375

selectp1[14]
True 0.0039
False 0.9961

n306
True 0.0625
False 0.9375

selectp1[15]
True 0.0039
False 0.9961

n308
True 0.25
False 0.75

n309
True 0.0625
False 0.9375

selectp1[16]
True 0.0039
False 0.9961

selectp1[17]
True 0.0039
False 0.9961

selectp1[18]
True 0.0039
False 0.9961

selectp1[19]
True 0.0039
False 0.9961

selectp1[20]
True 0.0039
False 0.9961

selectp1[21]
True 0.0039
False 0.9961

selectp1[22]
True 0.0039
False 0.9961

selectp1[23]
True 0.0039
False 0.9961

selectp1[24]
True 0.0039
False 0.9961

selectp1[25]
True 0.0039
False 0.9961

selectp1[26]
True 0.0039
False 0.9961

selectp1[27]
True 0.0039
False 0.9961

selectp1[28]
True 0.0039
False 0.9961

selectp1[29]
True 0.0039
False 0.9961

selectp1[30]
True 0.0039
False 0.9961

selectp1[31]
True 0.0039
False 0.9961

n326
True 0.25
False 0.75

n327
True 0.0625
False 0.9375

selectp1[32]
True 0.0039
False 0.9961

selectp1[33]
True 0.0039
False 0.9961

selectp1[34]
True 0.0039
False 0.9961

selectp1[35]
True 0.0039
False 0.9961

selectp1[36]
True 0.0039
False 0.9961

selectp1[37]
True 0.0039
False 0.9961

selectp1[38]
True 0.0039
False 0.9961

selectp1[39]
True 0.0039
False 0.9961

selectp1[40]
True 0.0039
False 0.9961

selectp1[41]
True 0.0039
False 0.9961

selectp1[42]
True 0.0039
False 0.9961

selectp1[43]
True 0.0039
False 0.9961

selectp1[44]
True 0.0039
False 0.9961

selectp1[45]
True 0.0039
False 0.9961

selectp1[46]
True 0.0039
False 0.9961

selectp1[47]
True 0.0039
False 0.9961

n344
True 0.25
False 0.75

n345
True 0.0625
False 0.9375

selectp1[48]
True 0.0039
False 0.9961

selectp1[49]
True 0.0039
False 0.9961

selectp1[50]
True 0.0039
False 0.9961

selectp1[51]
True 0.0039
False 0.9961

selectp1[52]
True 0.0039
False 0.9961

selectp1[53]
True 0.0039
False 0.9961

selectp1[54]
True 0.0039
False 0.9961

selectp1[55]
True 0.0039
False 0.9961

selectp1[56]
True 0.0039
False 0.9961

selectp1[57]
True 0.0039
False 0.9961

selectp1[58]
True 0.0039
False 0.9961

selectp1[59]
True 0.0039
False 0.9961

selectp1[60]
True 0.0039
False 0.9961

selectp1[61]
True 0.0039
False 0.9961

selectp1[62]
True 0.0039
False 0.9961

selectp1[63]
True 0.0039
False 0.9961

n362
True 0.25
False 0.75

n363
True 0.0625
False 0.9375

selectp1[64]
True 0.0039
False 0.9961

selectp1[65]
True 0.0039
False 0.9961

selectp1[66]
True 0.0039
False 0.9961

selectp1[67]
True 0.0039
False 0.9961

selectp1[68]
True 0.0039
False 0.9961

selectp1[69]
True 0.0039
False 0.9961

selectp1[70]
True 0.0039
False 0.9961

selectp1[71]
True 0.0039
False 0.9961

selectp1[72]
True 0.0039
False 0.9961

selectp1[73]
True 0.0039
False 0.9961

selectp1[74]
True 0.0039
False 0.9961

selectp1[75]
True 0.0039
False 0.9961

selectp1[76]
True 0.0039
False 0.9961

selectp1[77]
True 0.0039
False 0.9961

selectp1[78]
True 0.0039
False 0.9961

selectp1[79]
True 0.0039
False 0.9961

n380
True 0.0625
False 0.9375

selectp1[80]
True 0.0039
False 0.9961

selectp1[81]
True 0.0039
False 0.9961

selectp1[82]
True 0.0039
False 0.9961

selectp1[83]
True 0.0039
False 0.9961

selectp1[84]
True 0.0039
False 0.9961

selectp1[85]
True 0.0039
False 0.9961

selectp1[86]
True 0.0039
False 0.9961

selectp1[87]
True 0.0039
False 0.9961

selectp1[88]
True 0.0039
False 0.9961

selectp1[89]
True 0.0039
False 0.9961

selectp1[90]
True 0.0039
False 0.9961

selectp1[91]
True 0.0039
False 0.9961

selectp1[92]
True 0.0039
False 0.9961

selectp1[93]
True 0.0039
False 0.9961

selectp1[94]
True 0.0039
False 0.9961

selectp1[95]
True 0.0039
False 0.9961

n397
True 0.0625
False 0.9375

selectp1[96]
True 0.0039
False 0.9961

selectp1[97]
True 0.0039
False 0.9961

selectp1[98]
True 0.0039
False 0.9961

selectp1[99]
True 0.0039
False 0.9961

selectp1[100]
True 0.0039
False 0.9961

selectp1[101]
True 0.0039
False 0.9961

selectp1[102]
True 0.0039
False 0.9961

selectp1[103]
True 0.0039
False 0.9961

selectp1[104]
True 0.0039
False 0.9961

selectp1[105]
True 0.0039
False 0.9961

selectp1[106]
True 0.0039
False 0.9961

selectp1[107]
True 0.0039
False 0.9961

selectp1[108]
True 0.0039
False 0.9961

selectp1[109]
True 0.0039
False 0.9961

selectp1[110]
True 0.0039
False 0.9961

selectp1[111]
True 0.0039
False 0.9961

n414
True 0.0625
False 0.9375

selectp1[112]
True 0.0039
False 0.9961

selectp1[113]
True 0.0039
False 0.9961

selectp1[114]
True 0.0039
False 0.9961

selectp1[115]
True 0.0039
False 0.9961

selectp1[116]
True 0.0039
False 0.9961

selectp1[117]
True 0.0039
False 0.9961

selectp1[118]
True 0.0039
False 0.9961

selectp1[119]
True 0.0039
False 0.9961

selectp1[120]
True 0.0039
False 0.9961

selectp1[121]
True 0.0039
False 0.9961

selectp1[122]
True 0.0039
False 0.9961

selectp1[123]
True 0.0039
False 0.9961

selectp1[124]
True 0.0039
False 0.9961

selectp1[125]
True 0.0039
False 0.9961

selectp1[126]
True 0.0039
False 0.9961

selectp1[127]
True 0.0039
False 0.9961

count[7]_not
True 0.5
False 0.5

n431
True 0.25
False 0.75

n432
True 0.0625
False 0.9375

selectp2[0]
True 0.0039
False 0.9961

selectp2[1]
True 0.0039
False 0.9961

selectp2[2]
True 0.0039
False 0.9961

selectp2[3]
True 0.0039
False 0.9961

selectp2[4]
True 0.0039
False 0.9961

selectp2[5]
True 0.0039
False 0.9961

selectp2[6]
True 0.0039
False 0.9961

selectp2[7]
True 0.0039
False 0.9961

selectp2[8]
True 0.0039
False 0.9961

selectp2[9]
True 0.0039
False 0.9961

selectp2[10]
True 0.0039
False 0.9961

selectp2[11]
True 0.0039
False 0.9961

selectp2[12]
True 0.0039
False 0.9961

selectp2[13]
True 0.0039
False 0.9961

selectp2[14]
True 0.0039
False 0.9961

selectp2[15]
True 0.0039
False 0.9961

n449
True 0.0625
False 0.9375

selectp2[16]
True 0.0039
False 0.9961

selectp2[17]
True 0.0039
False 0.9961

selectp2[18]
True 0.0039
False 0.9961

selectp2[19]
True 0.0039
False 0.9961

selectp2[20]
True 0.0039
False 0.9961

selectp2[21]
True 0.0039
False 0.9961

selectp2[22]
True 0.0039
False 0.9961

selectp2[23]
True 0.0039
False 0.9961

selectp2[24]
True 0.0039
False 0.9961

selectp2[25]
True 0.0039
False 0.9961

selectp2[26]
True 0.0039
False 0.9961

selectp2[27]
True 0.0039
False 0.9961

selectp2[28]
True 0.0039
False 0.9961

selectp2[29]
True 0.0039
False 0.9961

selectp2[30]
True 0.0039
False 0.9961

selectp2[31]
True 0.0039
False 0.9961

n466
True 0.0625
False 0.9375

selectp2[32]
True 0.0039
False 0.9961

selectp2[33]
True 0.0039
False 0.9961

selectp2[34]
True 0.0039
False 0.9961

selectp2[35]
True 0.0039
False 0.9961

selectp2[36]
True 0.0039
False 0.9961

selectp2[37]
True 0.0039
False 0.9961

selectp2[38]
True 0.0039
False 0.9961

selectp2[39]
True 0.0039
False 0.9961

selectp2[40]
True 0.0039
False 0.9961

selectp2[41]
True 0.0039
False 0.9961

selectp2[42]
True 0.0039
False 0.9961

selectp2[43]
True 0.0039
False 0.9961

selectp2[44]
True 0.0039
False 0.9961

selectp2[45]
True 0.0039
False 0.9961

selectp2[46]
True 0.0039
False 0.9961

selectp2[47]
True 0.0039
False 0.9961

n483
True 0.0625
False 0.9375

selectp2[48]
True 0.0039
False 0.9961

selectp2[49]
True 0.0039
False 0.9961

selectp2[50]
True 0.0039
False 0.9961

selectp2[51]
True 0.0039
False 0.9961

selectp2[52]
True 0.0039
False 0.9961

selectp2[53]
True 0.0039
False 0.9961

selectp2[54]
True 0.0039
False 0.9961

selectp2[55]
True 0.0039
False 0.9961

selectp2[56]
True 0.0039
False 0.9961

selectp2[57]
True 0.0039
False 0.9961

selectp2[58]
True 0.0039
False 0.9961

selectp2[59]
True 0.0039
False 0.9961

selectp2[60]
True 0.0039
False 0.9961

selectp2[61]
True 0.0039
False 0.9961

selectp2[62]
True 0.0039
False 0.9961

selectp2[63]
True 0.0039
False 0.9961

n500
True 0.25
False 0.75

n501
True 0.0625
False 0.9375

selectp2[64]
True 0.0039
False 0.9961

selectp2[65]
True 0.0039
False 0.9961

selectp2[66]
True 0.0039
False 0.9961

selectp2[67]
True 0.0039
False 0.9961

selectp2[68]
True 0.0039
False 0.9961

selectp2[69]
True 0.0039
False 0.9961

selectp2[70]
True 0.0039
False 0.9961

selectp2[71]
True 0.0039
False 0.9961

selectp2[72]
True 0.0039
False 0.9961

selectp2[73]
True 0.0039
False 0.9961

selectp2[74]
True 0.0039
False 0.9961

selectp2[75]
True 0.0039
False 0.9961

selectp2[76]
True 0.0039
False 0.9961

selectp2[77]
True 0.0039
False 0.9961

selectp2[78]
True 0.0039
False 0.9961

selectp2[79]
True 0.0039
False 0.9961

n518
True 0.0625
False 0.9375

selectp2[80]
True 0.0039
False 0.9961

selectp2[81]
True 0.0039
False 0.9961

selectp2[82]
True 0.0039
False 0.9961

selectp2[83]
True 0.0039
False 0.9961

selectp2[84]
True 0.0039
False 0.9961

selectp2[85]
True 0.0039
False 0.9961

selectp2[86]
True 0.0039
False 0.9961

selectp2[87]
True 0.0039
False 0.9961

selectp2[88]
True 0.0039
False 0.9961

selectp2[89]
True 0.0039
False 0.9961

selectp2[90]
True 0.0039
False 0.9961

selectp2[91]
True 0.0039
False 0.9961

selectp2[92]
True 0.0039
False 0.9961

selectp2[93]
True 0.0039
False 0.9961

selectp2[94]
True 0.0039
False 0.9961

selectp2[95]
True 0.0039
False 0.9961

n535
True 0.0625
False 0.9375

selectp2[96]
True 0.0039
False 0.9961

selectp2[97]
True 0.0039
False 0.9961

selectp2[98]
True 0.0039
False 0.9961

selectp2[99]
True 0.0039
False 0.9961

selectp2[100]
True 0.0039
False 0.9961

selectp2[101]
True 0.0039
False 0.9961

selectp2[102]
True 0.0039
False 0.9961

selectp2[103]
True 0.0039
False 0.9961

selectp2[104]
True 0.0039
False 0.9961

selectp2[105]
True 0.0039
False 0.9961

selectp2[106]
True 0.0039
False 0.9961

selectp2[107]
True 0.0039
False 0.9961

selectp2[108]
True 0.0039
False 0.9961

selectp2[109]
True 0.0039
False 0.9961

selectp2[110]
True 0.0039
False 0.9961

selectp2[111]
True 0.0039
False 0.9961

n552
True 0.0625
False 0.9375

selectp2[112]
True 0.0039
False 0.9961

selectp2[113]
True 0.0039
False 0.9961

selectp2[114]
True 0.0039
False 0.9961

selectp2[115]
True 0.0039
False 0.9961

selectp2[116]
True 0.0039
False 0.9961

selectp2[117]
True 0.0039
False 0.9961

selectp2[118]
True 0.0039
False 0.9961

selectp2[119]
True 0.0039
False 0.9961

selectp2[120]
True 0.0039
False 0.9961

selectp2[121]
True 0.0039
False 0.9961

selectp2[122]
True 0.0039
False 0.9961

selectp2[123]
True 0.0039
False 0.9961

selectp2[124]
True 0.0039
False 0.9961

selectp2[125]
True 0.0039
False 0.9961

selectp2[126]
True 0.0039
False 0.9961

selectp2[127]
True 0.0039
False 0.9961

