43GAT(13)
True 0.5
False 0.5

73GAT(22)
True 0.5
False 0.5

8GAT(2)
True 0.5
False 0.5

53GAT(16)
True 0.5
False 0.5

79GAT(24)
True 0.5
False 0.5

11GAT(3)
True 0.5
False 0.5

37GAT(11)
True 0.5
False 0.5

99GAT(30)
True 0.5
False 0.5

89GAT(27)
True 0.5
False 0.5

40GAT(12)
True 0.5
False 0.5

69GAT(21)
True 0.5
False 0.5

108GAT(33)
True 0.5
False 0.5

34GAT(10)
True 0.5
False 0.5

56GAT(17)
True 0.5
False 0.5

82GAT(25)
True 0.5
False 0.5

4GAT(1)
True 0.5
False 0.5

60GAT(18)
True 0.5
False 0.5

86GAT(26)
True 0.5
False 0.5

105GAT(32)
True 0.5
False 0.5

102GAT(31)
True 0.5
False 0.5

115GAT(35)
True 0.5
False 0.5

92GAT(28)
True 0.5
False 0.5

14GAT(4)
True 0.5
False 0.5

47GAT(14)
True 0.5
False 0.5

112GAT(34)
True 0.5
False 0.5

1GAT(0)
True 0.5
False 0.5

66GAT(20)
True 0.5
False 0.5

76GAT(23)
True 0.5
False 0.5

21GAT(6)
True 0.5
False 0.5

27GAT(8)
True 0.5
False 0.5

30GAT(9)
True 0.5
False 0.5

24GAT(7)
True 0.5
False 0.5

50GAT(15)
True 0.5
False 0.5

95GAT(29)
True 0.5
False 0.5

63GAT(19)
True 0.5
False 0.5

17GAT(5)
True 0.5
False 0.5

151GAT(36)
True 0.5
False 0.5

150GAT(37)
True 0.5
False 0.5

147GAT(38)
True 0.5
False 0.5

146GAT(39)
True 0.5
False 0.5

143GAT(40)
True 0.5
False 0.5

142GAT(41)
True 0.5
False 0.5

139GAT(42)
True 0.5
False 0.5

138GAT(43)
True 0.5
False 0.5

135GAT(44)
True 0.5
False 0.5

134GAT(45)
True 0.5
False 0.5

131GAT(46)
True 0.5
False 0.5

130GAT(47)
True 0.5
False 0.5

127GAT(48)
True 0.5
False 0.5

126GAT(49)
True 0.5
False 0.5

123GAT(50)
True 0.5
False 0.5

122GAT(51)
True 0.5
False 0.5

119GAT(52)
True 0.5
False 0.5

118GAT(53)
True 0.5
False 0.5

151GAT(36)*
True 0.5
False 0.5

115GAT(35)*
True 0.5
False 0.5

198GAT(54)
True 0.25
False 0.75

112GAT(34)*
True 0.5
False 0.5

197GAT(55)
True 0.25
False 0.75

180GAT(56)
True 0.25
False 0.75

147GAT(38)*
True 0.5
False 0.5

105GAT(32)*
True 0.5
False 0.5

196GAT(57)
True 0.25
False 0.75

99GAT(30)*
True 0.5
False 0.5

195GAT(58)
True 0.25
False 0.75

177GAT(59)
True 0.25
False 0.75

143GAT(40)*
True 0.5
False 0.5

92GAT(28)*
True 0.5
False 0.5

194GAT(60)
True 0.25
False 0.75

86GAT(26)*
True 0.5
False 0.5

193GAT(61)
True 0.25
False 0.75

174GAT(62)
True 0.25
False 0.75

139GAT(42)*
True 0.5
False 0.5

79GAT(24)*
True 0.5
False 0.5

192GAT(63)
True 0.25
False 0.75

73GAT(22)*
True 0.5
False 0.5

191GAT(64)
True 0.25
False 0.75

171GAT(65)
True 0.25
False 0.75

135GAT(44)*
True 0.5
False 0.5

66GAT(20)*
True 0.5
False 0.5

190GAT(66)
True 0.25
False 0.75

60GAT(18)*
True 0.5
False 0.5

189GAT(67)
True 0.25
False 0.75

168GAT(68)
True 0.25
False 0.75

131GAT(46)*
True 0.5
False 0.5

53GAT(16)*
True 0.5
False 0.5

188GAT(69)
True 0.25
False 0.75

47GAT(14)*
True 0.5
False 0.5

187GAT(70)
True 0.25
False 0.75

165GAT(71)
True 0.25
False 0.75

127GAT(48)*
True 0.5
False 0.5

40GAT(12)*
True 0.5
False 0.5

186GAT(72)
True 0.25
False 0.75

34GAT(10)*
True 0.5
False 0.5

185GAT(73)
True 0.25
False 0.75

162GAT(74)
True 0.25
False 0.75

123GAT(50)*
True 0.5
False 0.5

27GAT(8)*
True 0.5
False 0.5

184GAT(75)
True 0.25
False 0.75

21GAT(6)*
True 0.5
False 0.5

183GAT(76)
True 0.25
False 0.75

159GAT(77)
True 0.25
False 0.75

119GAT(52)*
True 0.5
False 0.5

14GAT(4)*
True 0.5
False 0.5

158GAT(78)
True 0.25
False 0.75

8GAT(2)*
True 0.5
False 0.5

157GAT(79)
True 0.25
False 0.75

154GAT(80)
True 0.25
False 0.75

199GAT(81)
True 0.0
False 1.0

203GAT(82)
True 0.0
False 1.0

213GAT(83)
True 0.0
False 1.0

223GAT(84)
True 0.0
False 1.0

180GAT(56)*
True 0.25
False 0.75

internal__52
True 0.0
False 1.0

203GAT(82)*
True 0.0
False 1.0

internal__51
True 0.0
False 1.0

251GAT(85)
True 0.0
False 1.0

259GAT(86)
True 0.0
False 1.0

177GAT(59)*
True 0.25
False 0.75

internal__56
True 0.0
False 1.0

internal__55
True 0.0
False 1.0

247GAT(87)
True 0.0
False 1.0

258GAT(88)
True 0.0
False 1.0

174GAT(62)*
True 0.25
False 0.75

internal__60
True 0.0
False 1.0

internal__59
True 0.0
False 1.0

243GAT(89)
True 0.0
False 1.0

257GAT(90)
True 0.0
False 1.0

171GAT(65)*
True 0.25
False 0.75

internal__64
True 0.0
False 1.0

internal__63
True 0.0
False 1.0

239GAT(91)
True 0.0
False 1.0

256GAT(92)
True 0.0
False 1.0

168GAT(68)*
True 0.25
False 0.75

internal__68
True 0.0
False 1.0

internal__67
True 0.0
False 1.0

236GAT(93)
True 0.0
False 1.0

255GAT(94)
True 0.0
False 1.0

165GAT(71)*
True 0.25
False 0.75

internal__72
True 0.0
False 1.0

internal__71
True 0.0
False 1.0

233GAT(95)
True 0.0
False 1.0

254GAT(96)
True 0.0
False 1.0

162GAT(74)*
True 0.25
False 0.75

internal__76
True 0.0
False 1.0

internal__75
True 0.0
False 1.0

230GAT(97)
True 0.0
False 1.0

250GAT(98)
True 0.0
False 1.0

159GAT(77)*
True 0.25
False 0.75

internal__80
True 0.0
False 1.0

internal__79
True 0.0
False 1.0

227GAT(99)
True 0.0
False 1.0

246GAT(100)
True 0.0
False 1.0

154GAT(80)*
True 0.25
False 0.75

internal__84
True 0.0
False 1.0

internal__83
True 0.0
False 1.0

224GAT(101)
True 0.0
False 1.0

242GAT(102)
True 0.0
False 1.0

295GAT(103)
True 0.0
False 1.0

285GAT(104)
True 0.0
False 1.0

294GAT(105)
True 0.0
False 1.0

282GAT(106)
True 0.0
False 1.0

293GAT(107)
True 0.0
False 1.0

279GAT(108)
True 0.0
False 1.0

292GAT(109)
True 0.0
False 1.0

276GAT(110)
True 0.0
False 1.0

291GAT(111)
True 0.0
False 1.0

273GAT(112)
True 0.0
False 1.0

290GAT(113)
True 0.0
False 1.0

270GAT(114)
True 0.0
False 1.0

289GAT(115)
True 0.0
False 1.0

267GAT(116)
True 0.0
False 1.0

288GAT(117)
True 0.0
False 1.0

264GAT(118)
True 0.0
False 1.0

263GAT(119)
True 0.0
False 1.0

260GAT(120)
True 0.0
False 1.0

308GAT(121)
True 0.0
False 1.0

296GAT(122)
True 0.0
False 1.0

307GAT(123)
True 0.0
False 1.0

306GAT(124)
True 0.0
False 1.0

305GAT(125)
True 0.0
False 1.0

304GAT(126)
True 0.0
False 1.0

303GAT(127)
True 0.0
False 1.0

302GAT(128)
True 0.0
False 1.0

301GAT(129)
True 0.0
False 1.0

300GAT(130)
True 0.0
False 1.0

309GAT(131)
True 0.0
False 1.0

319GAT(132)
True 0.0
False 1.0

329GAT(133)
True 0.0
False 1.0

347GAT(134)
True 0.0
False 1.0

285GAT(104)*
True 0.0
False 1.0

internal__120
True 0.0
False 1.0

309GAT(131)*
True 0.0
False 1.0

internal__119
True 0.0
False 1.0

343GAT(135)
True 0.0
False 1.0

346GAT(136)
True 0.0
False 1.0

282GAT(106)*
True 0.0
False 1.0

internal__124
True 0.0
False 1.0

internal__123
True 0.0
False 1.0

341GAT(137)
True 0.0
False 1.0

345GAT(138)
True 0.0
False 1.0

279GAT(108)*
True 0.0
False 1.0

internal__128
True 0.0
False 1.0

internal__127
True 0.0
False 1.0

339GAT(139)
True 0.0
False 1.0

344GAT(140)
True 0.0
False 1.0

276GAT(110)*
True 0.0
False 1.0

internal__132
True 0.0
False 1.0

internal__131
True 0.0
False 1.0

337GAT(141)
True 0.0
False 1.0

342GAT(142)
True 0.0
False 1.0

273GAT(112)*
True 0.0
False 1.0

internal__136
True 0.0
False 1.0

internal__135
True 0.0
False 1.0

335GAT(143)
True 0.0
False 1.0

340GAT(144)
True 0.0
False 1.0

270GAT(114)*
True 0.0
False 1.0

internal__140
True 0.0
False 1.0

internal__139
True 0.0
False 1.0

333GAT(145)
True 0.0
False 1.0

338GAT(146)
True 0.0
False 1.0

267GAT(116)*
True 0.0
False 1.0

internal__144
True 0.0
False 1.0

internal__143
True 0.0
False 1.0

332GAT(147)
True 0.0
False 1.0

336GAT(148)
True 0.0
False 1.0

264GAT(118)*
True 0.0
False 1.0

internal__148
True 0.0
False 1.0

internal__147
True 0.0
False 1.0

331GAT(149)
True 0.0
False 1.0

334GAT(150)
True 0.0
False 1.0

260GAT(120)*
True 0.0
False 1.0

internal__152
True 0.0
False 1.0

internal__151
True 0.0
False 1.0

330GAT(151)
True 0.0
False 1.0

356GAT(152)
True 0.0
False 1.0

355GAT(153)
True 0.0
False 1.0

354GAT(154)
True 0.0
False 1.0

353GAT(155)
True 0.0
False 1.0

352GAT(156)
True 0.0
False 1.0

351GAT(157)
True 0.0
False 1.0

350GAT(158)
True 0.0
False 1.0

349GAT(159)
True 0.0
False 1.0

348GAT(160)
True 0.0
False 1.0

357GAT(161)
True 0.0
False 1.0

360GAT(162)
True 0.0
False 1.0

370GAT(163)
True 0.0
False 1.0

379GAT(164)
True 0.0
False 1.0

378GAT(165)
True 0.0
False 1.0

377GAT(166)
True 0.0
False 1.0

376GAT(167)
True 0.0
False 1.0

375GAT(168)
True 0.0
False 1.0

374GAT(169)
True 0.0
False 1.0

373GAT(170)
True 0.0
False 1.0

372GAT(171)
True 0.0
False 1.0

371GAT(172)
True 0.0
False 1.0

414GAT(173)
True 0.0
False 1.0

411GAT(174)
True 0.0
False 1.0

407GAT(175)
True 0.0
False 1.0

404GAT(176)
True 0.0
False 1.0

399GAT(177)
True 0.0
False 1.0

393GAT(178)
True 0.0
False 1.0

386GAT(179)
True 0.0
False 1.0

381GAT(180)
True 0.0
False 1.0

380GAT(181)
True 0.0
False 1.0

416GAT(182)
True 0.0
False 1.0

420GAT(183)
True 0.0
False 1.0

419GAT(184)
True 0.0
False 1.0

418GAT(185)
True 0.0
False 1.0

417GAT(186)
True 0.0
False 1.0

415GAT(187)
True 0.0
False 1.0

416GAT(182)*
True 0.0
False 1.0

415GAT(187)*
True 0.0
False 1.0

421GAT(188)
True 0.0
False 1.0

429GAT(189)
True 0.0
False 1.0

425GAT(190)
True 0.0
False 1.0

428GAT(191)
True 0.0
False 1.0

422GAT(192)
True 0.0
False 1.0

430GAT(193)
True 0.0
False 1.0

431GAT(194)
True 0.0
False 1.0

432GAT(195)
True 0.0
False 1.0

